<?xml version="1.0" encoding="UTF-8"?>
<testsuite xmlns:xsi="http://www.w3.org/2001/XMLSchema-instance" xsi:noNamespaceSchemaLocation="https://maven.apache.org/surefire/maven-surefire-plugin/xsd/surefire-test-report-3.0.xsd" version="3.0" name="ec.edu.espe.clinicmanagementsystem.model.BillingTest" time="0.06" tests="14" errors="0" skipped="0" failures="7">
  <properties>
    <property name="java.specification.version" value="25"/>
    <property name="sun.cpu.isalist" value="amd64"/>
    <property name="sun.jnu.encoding" value="Cp1252"/>
    <property name="java.class.path" value="C:\Users\ADRIAN TOAPANTA\T6_OPP_Clinic-Management-System\05UnitTest\ClinicManagement\target\test-classes;C:\Users\ADRIAN TOAPANTA\T6_OPP_Clinic-Management-System\05UnitTest\ClinicManagement\target\classes;C:\Users\ADRIAN TOAPANTA\.m2\repository\com\google\code\gson\gson\2.10.1\gson-2.10.1.jar;C:\Users\ADRIAN TOAPANTA\.m2\repository\org\junit\jupiter\junit-jupiter-api\5.10.3\junit-jupiter-api-5.10.3.jar;C:\Users\ADRIAN TOAPANTA\.m2\repository\org\opentest4j\opentest4j\1.3.0\opentest4j-1.3.0.jar;C:\Users\ADRIAN TOAPANTA\.m2\repository\org\junit\platform\junit-platform-commons\1.10.3\junit-platform-commons-1.10.3.jar;C:\Users\ADRIAN TOAPANTA\.m2\repository\org\apiguardian\apiguardian-api\1.1.2\apiguardian-api-1.1.2.jar;C:\Users\ADRIAN TOAPANTA\.m2\repository\org\junit\jupiter\junit-jupiter-engine\5.10.3\junit-jupiter-engine-5.10.3.jar;C:\Users\ADRIAN TOAPANTA\.m2\repository\org\junit\platform\junit-platform-engine\1.10.3\junit-platform-engine-1.10.3.jar;C:\Users\ADRIAN TOAPANTA\.m2\repository\org\junit\jupiter\junit-jupiter-params\5.10.3\junit-jupiter-params-5.10.3.jar;C:\Users\ADRIAN TOAPANTA\.m2\repository\org\steambuff\SteamAPI\1.0.2\SteamAPI-1.0.2.jar;"/>
    <property name="java.vm.vendor" value="Oracle Corporation"/>
    <property name="sun.arch.data.model" value="64"/>
    <property name="user.variant" value=""/>
    <property name="java.vendor.url" value="https://java.oracle.com/"/>
    <property name="user.timezone" value="America/Guayaquil"/>
    <property name="os.name" value="Windows 11"/>
    <property name="java.vm.specification.version" value="25"/>
    <property name="user.country" value="EC"/>
    <property name="sun.java.launcher" value="SUN_STANDARD"/>
    <property name="sun.boot.library.path" value="C:\Program Files\Java\jdk-25\bin"/>
    <property name="sun.java.command" value="C:\Users\ADRIAN TOAPANTA\AppData\Local\Temp\surefire12583652636452658254\surefirebooter-20251130220731912_3.jar C:\Users\ADRIAN TOAPANTA\AppData\Local\Temp\surefire12583652636452658254 2025-11-30T22-07-31_831-jvmRun1 surefire-20251130220731912_1tmp surefire_0-20251130220731912_2tmp"/>
    <property name="jdk.debug" value="release"/>
    <property name="test" value="ec.edu.espe.clinicmanagementsystem.model.BillingTest"/>
    <property name="surefire.test.class.path" value="C:\Users\ADRIAN TOAPANTA\T6_OPP_Clinic-Management-System\05UnitTest\ClinicManagement\target\test-classes;C:\Users\ADRIAN TOAPANTA\T6_OPP_Clinic-Management-System\05UnitTest\ClinicManagement\target\classes;C:\Users\ADRIAN TOAPANTA\.m2\repository\com\google\code\gson\gson\2.10.1\gson-2.10.1.jar;C:\Users\ADRIAN TOAPANTA\.m2\repository\org\junit\jupiter\junit-jupiter-api\5.10.3\junit-jupiter-api-5.10.3.jar;C:\Users\ADRIAN TOAPANTA\.m2\repository\org\opentest4j\opentest4j\1.3.0\opentest4j-1.3.0.jar;C:\Users\ADRIAN TOAPANTA\.m2\repository\org\junit\platform\junit-platform-commons\1.10.3\junit-platform-commons-1.10.3.jar;C:\Users\ADRIAN TOAPANTA\.m2\repository\org\apiguardian\apiguardian-api\1.1.2\apiguardian-api-1.1.2.jar;C:\Users\ADRIAN TOAPANTA\.m2\repository\org\junit\jupiter\junit-jupiter-engine\5.10.3\junit-jupiter-engine-5.10.3.jar;C:\Users\ADRIAN TOAPANTA\.m2\repository\org\junit\platform\junit-platform-engine\1.10.3\junit-platform-engine-1.10.3.jar;C:\Users\ADRIAN TOAPANTA\.m2\repository\org\junit\jupiter\junit-jupiter-params\5.10.3\junit-jupiter-params-5.10.3.jar;C:\Users\ADRIAN TOAPANTA\.m2\repository\org\steambuff\SteamAPI\1.0.2\SteamAPI-1.0.2.jar;"/>
    <property name="sun.cpu.endian" value="little"/>
    <property name="user.home" value="C:\Users\ADRIAN TOAPANTA"/>
    <property name="user.language" value="es"/>
    <property name="java.specification.vendor" value="Oracle Corporation"/>
    <property name="java.version.date" value="2025-10-21"/>
    <property name="java.home" value="C:\Program Files\Java\jdk-25"/>
    <property name="file.separator" value="\"/>
    <property name="basedir" value="C:\Users\ADRIAN TOAPANTA\T6_OPP_Clinic-Management-System\05UnitTest\ClinicManagement"/>
    <property name="java.vm.compressedOopsMode" value="Zero based"/>
    <property name="line.separator" value="&#10;"/>
    <property name="java.vm.specification.vendor" value="Oracle Corporation"/>
    <property name="java.specification.name" value="Java Platform API Specification"/>
    <property name="surefire.real.class.path" value="C:\Users\ADRIAN TOAPANTA\AppData\Local\Temp\surefire12583652636452658254\surefirebooter-20251130220731912_3.jar"/>
    <property name="user.script" value=""/>
    <property name="sun.management.compiler" value="HotSpot 64-Bit Tiered Compilers"/>
    <property name="java.runtime.version" value="25.0.1+8-LTS-27"/>
    <property name="user.name" value="ADRIAN TOAPANTA"/>
    <property name="stdout.encoding" value="Cp1252"/>
    <property name="path.separator" value=";"/>
    <property name="os.version" value="10.0"/>
    <property name="java.runtime.name" value="Java(TM) SE Runtime Environment"/>
    <property name="file.encoding" value="UTF-8"/>
    <property name="java.vm.name" value="Java HotSpot(TM) 64-Bit Server VM"/>
    <property name="maven.ext.class.path" value="C:\Users\ADRIAN TOAPANTA\Desktop\netbeans\java\maven-nblib\netbeans-eventspy.jar"/>
    <property name="localRepository" value="C:\Users\ADRIAN TOAPANTA\.m2\repository"/>
    <property name="java.vendor.url.bug" value="https://bugreport.java.com/bugreport/"/>
    <property name="java.io.tmpdir" value="C:\Users\ADRIAN~1\AppData\Local\Temp\"/>
    <property name="java.version" value="25.0.1"/>
    <property name="user.dir" value="C:\Users\ADRIAN TOAPANTA\T6_OPP_Clinic-Management-System\05UnitTest\ClinicManagement"/>
    <property name="os.arch" value="amd64"/>
    <property name="java.vm.specification.name" value="Java Virtual Machine Specification"/>
    <property name="sun.os.patch.level" value=""/>
    <property name="native.encoding" value="Cp1252"/>
    <property name="java.library.path" value="C:\Program Files\Java\jdk-25\bin;C:\Windows\Sun\Java\bin;C:\Windows\system32;C:\Windows;C:\Program Files\Common Files\Oracle\Java\javapath;C:\Windows\system32;C:\Windows;C:\Windows\System32\Wbem;C:\Windows\System32\WindowsPowerShell\v1.0\;C:\Windows\System32\OpenSSH\;C:\Program Files\dotnet\;C:\Program Files (x86)\NVIDIA Corporation\PhysX\Common;C:\Program Files\NVIDIA Corporation\NVIDIA NvDLISR;C:\Program Files\Git\cmd;C:\Program Files\nodejs\;C:\Users\ADRIAN TOAPANTA\AppData\Local\Microsoft\WindowsApps;C:\Users\ADRIAN TOAPANTA\AppData\Local\Python\bin;C:\Users\ADRIAN TOAPANTA\AppData\Local\Programs\Microsoft VS Code\bin;C:\Users\ADRIAN TOAPANTA\AppData\Roaming\npm;."/>
    <property name="java.vm.info" value="mixed mode, sharing"/>
    <property name="stderr.encoding" value="Cp1252"/>
    <property name="java.vendor" value="Oracle Corporation"/>
    <property name="java.vm.version" value="25.0.1+8-LTS-27"/>
    <property name="stdin.encoding" value="Cp1252"/>
    <property name="sun.io.unicode.encoding" value="UnicodeLittle"/>
    <property name="java.class.version" value="69.0"/>
  </properties>
  <testcase name="testSetAndGetStatus" classname="ec.edu.espe.clinicmanagementsystem.model.BillingTest" time="0.012">
    <system-out><![CDATA[setStatus
]]></system-out>
  </testcase>
  <testcase name="testEmptyConstructor" classname="ec.edu.espe.clinicmanagementsystem.model.BillingTest" time="0.001">
    <system-out><![CDATA[testEmptyConstructor
]]></system-out>
  </testcase>
  <testcase name="testSetStatusNull" classname="ec.edu.espe.clinicmanagementsystem.model.BillingTest" time="0.004">
    <system-out><![CDATA[setStatusNull (Error Potencial)
]]></system-out>
  </testcase>
  <testcase name="testToString" classname="ec.edu.espe.clinicmanagementsystem.model.BillingTest" time="0.001">
    <system-out><![CDATA[toString
]]></system-out>
  </testcase>
  <testcase name="testSetAndGetDate" classname="ec.edu.espe.clinicmanagementsystem.model.BillingTest" time="0.005">
    <failure message="The test case is a prototype." type="org.opentest4j.AssertionFailedError"><![CDATA[org.opentest4j.AssertionFailedError: The test case is a prototype.
	at org.junit.jupiter.api.AssertionUtils.fail(AssertionUtils.java:38)
	at org.junit.jupiter.api.Assertions.fail(Assertions.java:138)
	at ec.edu.espe.clinicmanagementsystem.model.BillingTest.testSetAndGetDate(BillingTest.java:122)
	at java.base/java.lang.reflect.Method.invoke(Method.java:565)
	at java.base/java.util.ArrayList.forEach(ArrayList.java:1604)
	at java.base/java.util.ArrayList.forEach(ArrayList.java:1604)
]]></failure>
    <system-out><![CDATA[setDate
]]></system-out>
  </testcase>
  <testcase name="testGenerateBillSetsStatusToPending" classname="ec.edu.espe.clinicmanagementsystem.model.BillingTest" time="0.002">
    <system-out><![CDATA[generateBill
Factura 1 generada por un monto de 50.0
]]></system-out>
  </testcase>
  <testcase name="testFullConstructor" classname="ec.edu.espe.clinicmanagementsystem.model.BillingTest" time="0.001">
    <failure message="The test case is a prototype." type="org.opentest4j.AssertionFailedError"><![CDATA[org.opentest4j.AssertionFailedError: The test case is a prototype.
	at org.junit.jupiter.api.AssertionUtils.fail(AssertionUtils.java:38)
	at org.junit.jupiter.api.Assertions.fail(Assertions.java:138)
	at ec.edu.espe.clinicmanagementsystem.model.BillingTest.testFullConstructor(BillingTest.java:70)
	at java.base/java.lang.reflect.Method.invoke(Method.java:565)
	at java.base/java.util.ArrayList.forEach(ArrayList.java:1604)
	at java.base/java.util.ArrayList.forEach(ArrayList.java:1604)
]]></failure>
    <system-out><![CDATA[testFullConstructor
]]></system-out>
  </testcase>
  <testcase name="testUpdatePaymentToPaid" classname="ec.edu.espe.clinicmanagementsystem.model.BillingTest" time="0.0">
    <system-out><![CDATA[updatePaymentToPaid
]]></system-out>
  </testcase>
  <testcase name="testSetAndGetPatientId" classname="ec.edu.espe.clinicmanagementsystem.model.BillingTest" time="0.001">
    <failure message="The test case is a prototype." type="org.opentest4j.AssertionFailedError"><![CDATA[org.opentest4j.AssertionFailedError: The test case is a prototype.
	at org.junit.jupiter.api.AssertionUtils.fail(AssertionUtils.java:38)
	at org.junit.jupiter.api.Assertions.fail(Assertions.java:138)
	at ec.edu.espe.clinicmanagementsystem.model.BillingTest.testSetAndGetPatientId(BillingTest.java:139)
	at java.base/java.lang.reflect.Method.invoke(Method.java:565)
	at java.base/java.util.ArrayList.forEach(ArrayList.java:1604)
	at java.base/java.util.ArrayList.forEach(ArrayList.java:1604)
]]></failure>
    <system-out><![CDATA[setPatientId
]]></system-out>
  </testcase>
  <testcase name="testSetAmountExtremeLarge" classname="ec.edu.espe.clinicmanagementsystem.model.BillingTest" time="0.001">
    <failure message="The test case is a prototype." type="org.opentest4j.AssertionFailedError"><![CDATA[org.opentest4j.AssertionFailedError: The test case is a prototype.
	at org.junit.jupiter.api.AssertionUtils.fail(AssertionUtils.java:38)
	at org.junit.jupiter.api.Assertions.fail(Assertions.java:138)
	at ec.edu.espe.clinicmanagementsystem.model.BillingTest.testSetAmountExtremeLarge(BillingTest.java:103)
	at java.base/java.lang.reflect.Method.invoke(Method.java:565)
	at java.base/java.util.ArrayList.forEach(ArrayList.java:1604)
	at java.base/java.util.ArrayList.forEach(ArrayList.java:1604)
]]></failure>
    <system-out><![CDATA[setAmountExtremeLarge (Prueba de EstrÃ©s)
]]></system-out>
  </testcase>
  <testcase name="testUpdatePaymentToCancelled" classname="ec.edu.espe.clinicmanagementsystem.model.BillingTest" time="0.001">
    <failure message="The test case is a prototype." type="org.opentest4j.AssertionFailedError"><![CDATA[org.opentest4j.AssertionFailedError: The test case is a prototype.
	at org.junit.jupiter.api.AssertionUtils.fail(AssertionUtils.java:38)
	at org.junit.jupiter.api.Assertions.fail(Assertions.java:138)
	at ec.edu.espe.clinicmanagementsystem.model.BillingTest.testUpdatePaymentToCancelled(BillingTest.java:176)
	at java.base/java.lang.reflect.Method.invoke(Method.java:565)
	at java.base/java.util.ArrayList.forEach(ArrayList.java:1604)
	at java.base/java.util.ArrayList.forEach(ArrayList.java:1604)
]]></failure>
    <system-out><![CDATA[updatePaymentToCancelled
]]></system-out>
  </testcase>
  <testcase name="testViewBillExecution" classname="ec.edu.espe.clinicmanagementsystem.model.BillingTest" time="0.002">
    <failure message="The test case is a prototype." type="org.opentest4j.AssertionFailedError"><![CDATA[org.opentest4j.AssertionFailedError: The test case is a prototype.
	at org.junit.jupiter.api.AssertionUtils.fail(AssertionUtils.java:38)
	at org.junit.jupiter.api.Assertions.fail(Assertions.java:138)
	at ec.edu.espe.clinicmanagementsystem.model.BillingTest.testViewBillExecution(BillingTest.java:193)
	at java.base/java.lang.reflect.Method.invoke(Method.java:565)
	at java.base/java.util.ArrayList.forEach(ArrayList.java:1604)
	at java.base/java.util.ArrayList.forEach(ArrayList.java:1604)
]]></failure>
    <system-out><![CDATA[--- Viendo Factura ---
ID Factura: 5
Paciente ID: 10
Fecha: 2025-12-15 @ 10:30
Monto: $55.0
Estado: Paid
----------------------
]]></system-out>
  </testcase>
  <testcase name="testSetAndGetAmount" classname="ec.edu.espe.clinicmanagementsystem.model.BillingTest" time="0.001">
    <system-out><![CDATA[setAmount
]]></system-out>
  </testcase>
  <testcase name="testSetAndGetBillId" classname="ec.edu.espe.clinicmanagementsystem.model.BillingTest" time="0.0">
    <failure message="The test case is a prototype." type="org.opentest4j.AssertionFailedError"><![CDATA[org.opentest4j.AssertionFailedError: The test case is a prototype.
	at org.junit.jupiter.api.AssertionUtils.fail(AssertionUtils.java:38)
	at org.junit.jupiter.api.Assertions.fail(Assertions.java:138)
	at ec.edu.espe.clinicmanagementsystem.model.BillingTest.testSetAndGetBillId(BillingTest.java:79)
	at java.base/java.lang.reflect.Method.invoke(Method.java:565)
	at java.base/java.util.ArrayList.forEach(ArrayList.java:1604)
	at java.base/java.util.ArrayList.forEach(ArrayList.java:1604)
]]></failure>
    <system-out><![CDATA[setBillId
]]></system-out>
  </testcase>
</testsuite>