<?xml version="1.0" encoding="UTF-8"?>
<testsuite xmlns:xsi="http://www.w3.org/2001/XMLSchema-instance" xsi:noNamespaceSchemaLocation="https://maven.apache.org/surefire/maven-surefire-plugin/xsd/surefire-test-report-3.0.xsd" version="3.0" name="ec.edu.espe.clinicmanagementsystem.model.PrescriptionTest" time="0.248" tests="14" errors="1" skipped="0" failures="8">
  <properties>
[...]
</properties>
  <testcase name="testGetInstructions" classname="ec.edu.espe.clinicmanagementsystem.model.PrescriptionTest" time="0.053">
    <failure message="expected: &lt;&gt; but was: &lt;null&gt;" type="org.opentest4j.AssertionFailedError"><![CDATA[org.opentest4j.AssertionFailedError: expected: <> but was: <null>
	at org.junit.jupiter.api.AssertionFailureBuilder.build(AssertionFailureBuilder.java:151)
	at org.junit.jupiter.api.AssertionFailureBuilder.buildAndThrow(AssertionFailureBuilder.java:132)
	at org.junit.jupiter.api.AssertEquals.failNotEqual(AssertEquals.java:197)
	at org.junit.jupiter.api.AssertEquals.assertEquals(AssertEquals.java:182)
	at org.junit.jupiter.api.AssertEquals.assertEquals(AssertEquals.java:177)
	at org.junit.jupiter.api.Assertions.assertEquals(Assertions.java:1145)
	at ec.edu.espe.clinicmanagementsystem.model.PrescriptionTest.testGetInstructions(PrescriptionTest.java:150)
	at java.base/java.lang.reflect.Method.invoke(Method.java:565)
	at java.base/java.util.ArrayList.forEach(ArrayList.java:1604)
	at java.base/java.util.ArrayList.forEach(ArrayList.java:1604)
]]></failure>
    <system-out><![CDATA[getInstructions
]]></system-out>
  </testcase>
  <testcase name="testSetPatientId" classname="ec.edu.espe.clinicmanagementsystem.model.PrescriptionTest" time="0.005">
    <failure message="The test case is a prototype." type="org.opentest4j.AssertionFailedError"><![CDATA[org.opentest4j.AssertionFailedError: The test case is a prototype.
	at org.junit.jupiter.api.AssertionUtils.fail(AssertionUtils.java:38)
	at org.junit.jupiter.api.Assertions.fail(Assertions.java:138)
	at ec.edu.espe.clinicmanagementsystem.model.PrescriptionTest.testSetPatientId(PrescriptionTest.java:87)
	at java.base/java.lang.reflect.Method.invoke(Method.java:565)
	at java.base/java.util.ArrayList.forEach(ArrayList.java:1604)
	at java.base/java.util.ArrayList.forEach(ArrayList.java:1604)
]]></failure>
    <system-out><![CDATA[setPatientId
]]></system-out>
  </testcase>
  <testcase name="testSetInstructions" classname="ec.edu.espe.clinicmanagementsystem.model.PrescriptionTest" time="0.004">
    <system-out><![CDATA[setInstructions
]]></system-out>
  </testcase>
  <testcase name="testToString" classname="ec.edu.espe.clinicmanagementsystem.model.PrescriptionTest" time="0.021">
    <failure message="expected: &lt;&gt; but was: &lt;Prescription{prescriptionId=0, patientId=0, medication=null, dosage=null}&gt;" type="org.opentest4j.AssertionFailedError"><![CDATA[org.opentest4j.AssertionFailedError: expected: <> but was: <Prescription{prescriptionId=0, patientId=0, medication=null, dosage=null}>
	at org.junit.jupiter.api.AssertionFailureBuilder.build(AssertionFailureBuilder.java:151)
	at org.junit.jupiter.api.AssertionFailureBuilder.buildAndThrow(AssertionFailureBuilder.java:132)
	at org.junit.jupiter.api.AssertEquals.failNotEqual(AssertEquals.java:197)
	at org.junit.jupiter.api.AssertEquals.assertEquals(AssertEquals.java:182)
	at org.junit.jupiter.api.AssertEquals.assertEquals(AssertEquals.java:177)
	at org.junit.jupiter.api.Assertions.assertEquals(Assertions.java:1145)
	at ec.edu.espe.clinicmanagementsystem.model.PrescriptionTest.testToString(PrescriptionTest.java:200)
	at java.base/java.lang.reflect.Method.invoke(Method.java:565)
	at java.base/java.util.ArrayList.forEach(ArrayList.java:1604)
	at java.base/java.util.ArrayList.forEach(ArrayList.java:1604)
]]></failure>
    <system-out><![CDATA[toString
]]></system-out>
  </testcase>
  <testcase name="testGetMedication" classname="ec.edu.espe.clinicmanagementsystem.model.PrescriptionTest" time="0.004">
    <failure message="expected: &lt;&gt; but was: &lt;null&gt;" type="org.opentest4j.AssertionFailedError"><![CDATA[org.opentest4j.AssertionFailedError: expected: <> but was: <null>
	at org.junit.jupiter.api.AssertionFailureBuilder.build(AssertionFailureBuilder.java:151)
	at org.junit.jupiter.api.AssertionFailureBuilder.buildAndThrow(AssertionFailureBuilder.java:132)
	at org.junit.jupiter.api.AssertEquals.failNotEqual(AssertEquals.java:197)
	at org.junit.jupiter.api.AssertEquals.assertEquals(AssertEquals.java:182)
	at org.junit.jupiter.api.AssertEquals.assertEquals(AssertEquals.java:177)
	at org.junit.jupiter.api.Assertions.assertEquals(Assertions.java:1145)
	at ec.edu.espe.clinicmanagementsystem.model.PrescriptionTest.testGetMedication(PrescriptionTest.java:99)
	at java.base/java.lang.reflect.Method.invoke(Method.java:565)
	at java.base/java.util.ArrayList.forEach(ArrayList.java:1604)
	at java.base/java.util.ArrayList.forEach(ArrayList.java:1604)
]]></failure>
    <system-out><![CDATA[getMedication
]]></system-out>
  </testcase>
  <testcase name="testGetDate" classname="ec.edu.espe.clinicmanagementsystem.model.PrescriptionTest" time="0.003">
    <system-out><![CDATA[getDate
]]></system-out>
  </testcase>
  <testcase name="testSetMedication" classname="ec.edu.espe.clinicmanagementsystem.model.PrescriptionTest" time="0.002">
    <system-out><![CDATA[setMedication
]]></system-out>
  </testcase>
  <testcase name="testGetPatientId" classname="ec.edu.espe.clinicmanagementsystem.model.PrescriptionTest" time="0.002">
    <failure message="The test case is a prototype." type="org.opentest4j.AssertionFailedError"><![CDATA[org.opentest4j.AssertionFailedError: The test case is a prototype.
	at org.junit.jupiter.api.AssertionUtils.fail(AssertionUtils.java:38)
	at org.junit.jupiter.api.Assertions.fail(Assertions.java:138)
	at ec.edu.espe.clinicmanagementsystem.model.PrescriptionTest.testGetPatientId(PrescriptionTest.java:74)
	at java.base/java.lang.reflect.Method.invoke(Method.java:565)
	at java.base/java.util.ArrayList.forEach(ArrayList.java:1604)
	at java.base/java.util.ArrayList.forEach(ArrayList.java:1604)
]]></failure>
    <system-out><![CDATA[getPatientId
]]></system-out>
  </testcase>
  <testcase name="testSetPrescriptionId" classname="ec.edu.espe.clinicmanagementsystem.model.PrescriptionTest" time="0.002">
    <failure message="The test case is a prototype." type="org.opentest4j.AssertionFailedError"><![CDATA[org.opentest4j.AssertionFailedError: The test case is a prototype.
	at org.junit.jupiter.api.AssertionUtils.fail(AssertionUtils.java:38)
	at org.junit.jupiter.api.Assertions.fail(Assertions.java:138)
	at ec.edu.espe.clinicmanagementsystem.model.PrescriptionTest.testSetPrescriptionId(PrescriptionTest.java:60)
	at java.base/java.lang.reflect.Method.invoke(Method.java:565)
	at java.base/java.util.ArrayList.forEach(ArrayList.java:1604)
	at java.base/java.util.ArrayList.forEach(ArrayList.java:1604)
]]></failure>
    <system-out><![CDATA[setPrescriptionId
]]></system-out>
  </testcase>
  <testcase name="testSetDosage" classname="ec.edu.espe.clinicmanagementsystem.model.PrescriptionTest" time="0.002">
    <system-out><![CDATA[setDosage
]]></system-out>
  </testcase>
  <testcase name="testGetDosage" classname="ec.edu.espe.clinicmanagementsystem.model.PrescriptionTest" time="0.003">
    <failure message="expected: &lt;&gt; but was: &lt;null&gt;" type="org.opentest4j.AssertionFailedError"><![CDATA[org.opentest4j.AssertionFailedError: expected: <> but was: <null>
	at org.junit.jupiter.api.AssertionFailureBuilder.build(AssertionFailureBuilder.java:151)
	at org.junit.jupiter.api.AssertionFailureBuilder.buildAndThrow(AssertionFailureBuilder.java:132)
	at org.junit.jupiter.api.AssertEquals.failNotEqual(AssertEquals.java:197)
	at org.junit.jupiter.api.AssertEquals.assertEquals(AssertEquals.java:182)
	at org.junit.jupiter.api.AssertEquals.assertEquals(AssertEquals.java:177)
	at org.junit.jupiter.api.Assertions.assertEquals(Assertions.java:1145)
	at ec.edu.espe.clinicmanagementsystem.model.PrescriptionTest.testGetDosage(PrescriptionTest.java:125)
	at java.base/java.lang.reflect.Method.invoke(Method.java:565)
	at java.base/java.util.ArrayList.forEach(ArrayList.java:1604)
	at java.base/java.util.ArrayList.forEach(ArrayList.java:1604)
]]></failure>
    <system-out><![CDATA[getDosage
]]></system-out>
  </testcase>
  <testcase name="testPrintPrescription" classname="ec.edu.espe.clinicmanagementsystem.model.PrescriptionTest" time="0.005">
    <error message="Cannot invoke &quot;ec.edu.espe.clinicmanagementsystem.model.Date.toString()&quot; because &quot;this.date&quot; is null" type="java.lang.NullPointerException"><![CDATA[java.lang.NullPointerException: Cannot invoke "ec.edu.espe.clinicmanagementsystem.model.Date.toString()" because "this.date" is null
	at ec.edu.espe.clinicmanagementsystem.model.Prescription.printPrescription(Prescription.java:85)
	at ec.edu.espe.clinicmanagementsystem.model.PrescriptionTest.testPrintPrescription(PrescriptionTest.java:211)
	at java.base/java.lang.reflect.Method.invoke(Method.java:565)
	at java.base/java.util.ArrayList.forEach(ArrayList.java:1604)
	at java.base/java.util.ArrayList.forEach(ArrayList.java:1604)
]]></error>
    <system-out><![CDATA[printPrescription

--- Imprimiendo Prescripcion ---
ID Prescripcion: 0
Paciente ID: 0
]]></system-out>
  </testcase>
  <testcase name="testSetDate" classname="ec.edu.espe.clinicmanagementsystem.model.PrescriptionTest" time="0.005">
    <system-out><![CDATA[setDate
]]></system-out>
  </testcase>
  <testcase name="testGetPrescriptionId" classname="ec.edu.espe.clinicmanagementsystem.model.PrescriptionTest" time="0.006">
    <failure message="The test case is a prototype." type="org.opentest4j.AssertionFailedError"><![CDATA[org.opentest4j.AssertionFailedError: The test case is a prototype.
	at org.junit.jupiter.api.AssertionUtils.fail(AssertionUtils.java:38)
	at org.junit.jupiter.api.Assertions.fail(Assertions.java:138)
	at ec.edu.espe.clinicmanagementsystem.model.PrescriptionTest.testGetPrescriptionId(PrescriptionTest.java:47)
	at java.base/java.lang.reflect.Method.invoke(Method.java:565)
	at java.base/java.util.ArrayList.forEach(ArrayList.java:1604)
	at java.base/java.util.ArrayList.forEach(ArrayList.java:1604)
]]></failure>
    <system-out><![CDATA[getPrescriptionId
]]></system-out>
  </testcase>
</testsuite>