<?xml version="1.0" encoding="UTF-8"?>
<testsuite xmlns:xsi="http://www.w3.org/2001/XMLSchema-instance" xsi:noNamespaceSchemaLocation="https://maven.apache.org/surefire/maven-surefire-plugin/xsd/surefire-test-report-3.0.xsd" version="3.0" name="ec.edu.espe.clinicmanagementsystem.model.DoctorTest" time="0.06" tests="12" errors="0" skipped="0" failures="10">
  <properties>
[...]
</properties>
  <testcase name="testSetDoctorId" classname="ec.edu.espe.clinicmanagementsystem.model.DoctorTest" time="0.015">
    <failure message="The test case is a prototype." type="org.opentest4j.AssertionFailedError"><![CDATA[org.opentest4j.AssertionFailedError: The test case is a prototype.
	at org.junit.jupiter.api.AssertionUtils.fail(AssertionUtils.java:38)
	at org.junit.jupiter.api.Assertions.fail(Assertions.java:134)
	at ec.edu.espe.clinicmanagementsystem.model.DoctorTest.testSetDoctorId(DoctorTest.java:40)
	at java.base/java.lang.reflect.Method.invoke(Method.java:565)
	at java.base/java.util.ArrayList.forEach(ArrayList.java:1604)
	at java.base/java.util.ArrayList.forEach(ArrayList.java:1604)
]]></failure>
    <system-out><![CDATA[setDoctorId
]]></system-out>
  </testcase>
  <testcase name="testSetPassword" classname="ec.edu.espe.clinicmanagementsystem.model.DoctorTest" time="0.002">
    <system-out><![CDATA[setPassword
]]></system-out>
  </testcase>
  <testcase name="testSetFullName" classname="ec.edu.espe.clinicmanagementsystem.model.DoctorTest" time="0.001">
    <failure message="The test case is a prototype." type="org.opentest4j.AssertionFailedError"><![CDATA[org.opentest4j.AssertionFailedError: The test case is a prototype.
	at org.junit.jupiter.api.AssertionUtils.fail(AssertionUtils.java:38)
	at org.junit.jupiter.api.Assertions.fail(Assertions.java:134)
	at ec.edu.espe.clinicmanagementsystem.model.DoctorTest.testSetFullName(DoctorTest.java:49)
	at java.base/java.lang.reflect.Method.invoke(Method.java:565)
	at java.base/java.util.ArrayList.forEach(ArrayList.java:1604)
	at java.base/java.util.ArrayList.forEach(ArrayList.java:1604)
]]></failure>
    <system-out><![CDATA[setFullName
]]></system-out>
  </testcase>
  <testcase name="testUpdateMedicalHistory" classname="ec.edu.espe.clinicmanagementsystem.model.DoctorTest" time="0.006">
    <failure message="The test case is a prototype." type="org.opentest4j.AssertionFailedError"><![CDATA[org.opentest4j.AssertionFailedError: The test case is a prototype.
	at org.junit.jupiter.api.AssertionUtils.fail(AssertionUtils.java:38)
	at org.junit.jupiter.api.Assertions.fail(Assertions.java:134)
	at ec.edu.espe.clinicmanagementsystem.model.DoctorTest.testUpdateMedicalHistory(DoctorTest.java:114)
	at java.base/java.lang.reflect.Method.invoke(Method.java:565)
	at java.base/java.util.ArrayList.forEach(ArrayList.java:1604)
	at java.base/java.util.ArrayList.forEach(ArrayList.java:1604)
]]></failure>
    <system-out><![CDATA[updateMedicalHistory
null actualizando historial de null
]]></system-out>
  </testcase>
  <testcase name="testViewAppointments" classname="ec.edu.espe.clinicmanagementsystem.model.DoctorTest" time="0.001">
    <failure message="The test case is a prototype." type="org.opentest4j.AssertionFailedError"><![CDATA[org.opentest4j.AssertionFailedError: The test case is a prototype.
	at org.junit.jupiter.api.AssertionUtils.fail(AssertionUtils.java:38)
	at org.junit.jupiter.api.Assertions.fail(Assertions.java:134)
	at ec.edu.espe.clinicmanagementsystem.model.DoctorTest.testViewAppointments(DoctorTest.java:103)
	at java.base/java.lang.reflect.Method.invoke(Method.java:565)
	at java.base/java.util.ArrayList.forEach(ArrayList.java:1604)
	at java.base/java.util.ArrayList.forEach(ArrayList.java:1604)
]]></failure>
    <system-out><![CDATA[viewAppointments
--- Citas para el Dr. null ---
]]></system-out>
  </testcase>
  <testcase name="testCreatePrescriptionCheckDefaultInstructions" classname="ec.edu.espe.clinicmanagementsystem.model.DoctorTest" time="0.002">
    <failure message="The test case is a prototype." type="org.opentest4j.AssertionFailedError"><![CDATA[org.opentest4j.AssertionFailedError: The test case is a prototype.
	at org.junit.jupiter.api.AssertionUtils.fail(AssertionUtils.java:38)
	at org.junit.jupiter.api.Assertions.fail(Assertions.java:134)
	at ec.edu.espe.clinicmanagementsystem.model.DoctorTest.testCreatePrescriptionCheckDefaultInstructions(DoctorTest.java:147)
	at java.base/java.lang.reflect.Method.invoke(Method.java:565)
	at java.base/java.util.ArrayList.forEach(ArrayList.java:1604)
	at java.base/java.util.ArrayList.forEach(ArrayList.java:1604)
]]></failure>
    <system-out><![CDATA[createPrescription (Check Default Instructions)
Dr. Dr. Test creando prescripcion para Paciente Test
]]></system-out>
  </testcase>
  <testcase name="testDiagnose" classname="ec.edu.espe.clinicmanagementsystem.model.DoctorTest" time="0.002">
    <failure message="The test case is a prototype." type="org.opentest4j.AssertionFailedError"><![CDATA[org.opentest4j.AssertionFailedError: The test case is a prototype.
	at org.junit.jupiter.api.AssertionUtils.fail(AssertionUtils.java:38)
	at org.junit.jupiter.api.Assertions.fail(Assertions.java:134)
	at ec.edu.espe.clinicmanagementsystem.model.DoctorTest.testDiagnose(DoctorTest.java:134)
	at java.base/java.lang.reflect.Method.invoke(Method.java:565)
	at java.base/java.util.ArrayList.forEach(ArrayList.java:1604)
	at java.base/java.util.ArrayList.forEach(ArrayList.java:1604)
]]></failure>
    <system-out><![CDATA[diagnose
null diagnostico a null con: Sano
]]></system-out>
  </testcase>
  <testcase name="testCreatePrescription" classname="ec.edu.espe.clinicmanagementsystem.model.DoctorTest" time="0.0">
    <failure message="The test case is a prototype." type="org.opentest4j.AssertionFailedError"><![CDATA[org.opentest4j.AssertionFailedError: The test case is a prototype.
	at org.junit.jupiter.api.AssertionUtils.fail(AssertionUtils.java:38)
	at org.junit.jupiter.api.Assertions.fail(Assertions.java:134)
	at ec.edu.espe.clinicmanagementsystem.model.DoctorTest.testCreatePrescription(DoctorTest.java:126)
	at java.base/java.lang.reflect.Method.invoke(Method.java:565)
	at java.base/java.util.ArrayList.forEach(ArrayList.java:1604)
	at java.base/java.util.ArrayList.forEach(ArrayList.java:1604)
]]></failure>
    <system-out><![CDATA[createPrescription
Dr. null creando prescripcion para null
]]></system-out>
  </testcase>
  <testcase name="testSetSpecialty" classname="ec.edu.espe.clinicmanagementsystem.model.DoctorTest" time="0.001">
    <failure message="The test case is a prototype." type="org.opentest4j.AssertionFailedError"><![CDATA[org.opentest4j.AssertionFailedError: The test case is a prototype.
	at org.junit.jupiter.api.AssertionUtils.fail(AssertionUtils.java:38)
	at org.junit.jupiter.api.Assertions.fail(Assertions.java:134)
	at ec.edu.espe.clinicmanagementsystem.model.DoctorTest.testSetSpecialty(DoctorTest.java:58)
	at java.base/java.lang.reflect.Method.invoke(Method.java:565)
	at java.base/java.util.ArrayList.forEach(ArrayList.java:1604)
	at java.base/java.util.ArrayList.forEach(ArrayList.java:1604)
]]></failure>
    <system-out><![CDATA[setSpecialty
]]></system-out>
  </testcase>
  <testcase name="testSetUsername" classname="ec.edu.espe.clinicmanagementsystem.model.DoctorTest" time="0.001">
    <system-out><![CDATA[setUsername
]]></system-out>
  </testcase>
  <testcase name="testSetEmail" classname="ec.edu.espe.clinicmanagementsystem.model.DoctorTest" time="0.001">
    <failure message="The test case is a prototype." type="org.opentest4j.AssertionFailedError"><![CDATA[org.opentest4j.AssertionFailedError: The test case is a prototype.
	at org.junit.jupiter.api.AssertionUtils.fail(AssertionUtils.java:38)
	at org.junit.jupiter.api.Assertions.fail(Assertions.java:134)
	at ec.edu.espe.clinicmanagementsystem.model.DoctorTest.testSetEmail(DoctorTest.java:76)
	at java.base/java.lang.reflect.Method.invoke(Method.java:565)
	at java.base/java.util.ArrayList.forEach(ArrayList.java:1604)
	at java.base/java.util.ArrayList.forEach(ArrayList.java:1604)
]]></failure>
    <system-out><![CDATA[setEmail
]]></system-out>
  </testcase>
  <testcase name="testSetPhone" classname="ec.edu.espe.clinicmanagementsystem.model.DoctorTest" time="0.001">
    <failure message="The test case is a prototype." type="org.opentest4j.AssertionFailedError"><![CDATA[org.opentest4j.AssertionFailedError: The test case is a prototype.
	at org.junit.jupiter.api.AssertionUtils.fail(AssertionUtils.java:38)
	at org.junit.jupiter.api.Assertions.fail(Assertions.java:134)
	at ec.edu.espe.clinicmanagementsystem.model.DoctorTest.testSetPhone(DoctorTest.java:67)
	at java.base/java.lang.reflect.Method.invoke(Method.java:565)
	at java.base/java.util.ArrayList.forEach(ArrayList.java:1604)
	at java.base/java.util.ArrayList.forEach(ArrayList.java:1604)
]]></failure>
    <system-out><![CDATA[setPhone
]]></system-out>
  </testcase>
</testsuite>