<?xml version="1.0" encoding="UTF-8"?>
<testsuite xmlns:xsi="http://www.w3.org/2001/XMLSchema-instance" xsi:noNamespaceSchemaLocation="https://maven.apache.org/surefire/maven-surefire-plugin/xsd/surefire-test-report-3.0.xsd" version="3.0" name="ec.edu.espe.clinicmanagementsystem.model.NotificationTest" time="0.109" tests="6" errors="1" skipped="0" failures="4">
  <properties>
[...]
</properties>
  <testcase name="testSend" classname="ec.edu.espe.clinicmanagementsystem.model.NotificationTest" time="0.035">
    <error message="Cannot invoke &quot;ec.edu.espe.clinicmanagementsystem.model.Date.toString()&quot; because &quot;this.date&quot; is null" type="java.lang.NullPointerException"><![CDATA[java.lang.NullPointerException: Cannot invoke "ec.edu.espe.clinicmanagementsystem.model.Date.toString()" because "this.date" is null
	at ec.edu.espe.clinicmanagementsystem.model.Notification.send(Notification.java:38)
	at ec.edu.espe.clinicmanagementsystem.model.NotificationTest.testSend(NotificationTest.java:95)
	at java.base/java.lang.reflect.Method.invoke(Method.java:565)
	at java.base/java.util.ArrayList.forEach(ArrayList.java:1604)
	at java.base/java.util.ArrayList.forEach(ArrayList.java:1604)
]]></error>
    <system-out><![CDATA[send

--- ENVIANDO NOTIFICACION ---
]]></system-out>
  </testcase>
  <testcase name="testSetMessage" classname="ec.edu.espe.clinicmanagementsystem.model.NotificationTest" time="0.005">
    <system-out><![CDATA[setMessage
]]></system-out>
  </testcase>
  <testcase name="testToString" classname="ec.edu.espe.clinicmanagementsystem.model.NotificationTest" time="0.011">
    <failure message="expected: &lt;&gt; but was: &lt;Notification{message=null, date=null}&gt;" type="org.opentest4j.AssertionFailedError"><![CDATA[org.opentest4j.AssertionFailedError: expected: <> but was: <Notification{message=null, date=null}>
	at org.junit.jupiter.api.AssertionFailureBuilder.build(AssertionFailureBuilder.java:151)
	at org.junit.jupiter.api.AssertionFailureBuilder.buildAndThrow(AssertionFailureBuilder.java:132)
	at org.junit.jupiter.api.AssertEquals.failNotEqual(AssertEquals.java:197)
	at org.junit.jupiter.api.AssertEquals.assertEquals(AssertEquals.java:182)
	at org.junit.jupiter.api.AssertEquals.assertEquals(AssertEquals.java:177)
	at org.junit.jupiter.api.Assertions.assertEquals(Assertions.java:1145)
	at ec.edu.espe.clinicmanagementsystem.model.NotificationTest.testToString(NotificationTest.java:109)
	at java.base/java.lang.reflect.Method.invoke(Method.java:565)
	at java.base/java.util.ArrayList.forEach(ArrayList.java:1604)
	at java.base/java.util.ArrayList.forEach(ArrayList.java:1604)
]]></failure>
    <system-out><![CDATA[toString
]]></system-out>
  </testcase>
  <testcase name="testGetDate" classname="ec.edu.espe.clinicmanagementsystem.model.NotificationTest" time="0.003">
    <failure message="The test case is a prototype." type="org.opentest4j.AssertionFailedError"><![CDATA[org.opentest4j.AssertionFailedError: The test case is a prototype.
	at org.junit.jupiter.api.AssertionUtils.fail(AssertionUtils.java:38)
	at org.junit.jupiter.api.Assertions.fail(Assertions.java:138)
	at ec.edu.espe.clinicmanagementsystem.model.NotificationTest.testGetDate(NotificationTest.java:72)
	at java.base/java.lang.reflect.Method.invoke(Method.java:565)
	at java.base/java.util.ArrayList.forEach(ArrayList.java:1604)
	at java.base/java.util.ArrayList.forEach(ArrayList.java:1604)
]]></failure>
    <system-out><![CDATA[getDate
]]></system-out>
  </testcase>
  <testcase name="testGetMessage" classname="ec.edu.espe.clinicmanagementsystem.model.NotificationTest" time="0.002">
    <failure message="expected: &lt;&gt; but was: &lt;null&gt;" type="org.opentest4j.AssertionFailedError"><![CDATA[org.opentest4j.AssertionFailedError: expected: <> but was: <null>
	at org.junit.jupiter.api.AssertionFailureBuilder.build(AssertionFailureBuilder.java:151)
	at org.junit.jupiter.api.AssertionFailureBuilder.buildAndThrow(AssertionFailureBuilder.java:132)
	at org.junit.jupiter.api.AssertEquals.failNotEqual(AssertEquals.java:197)
	at org.junit.jupiter.api.AssertEquals.assertEquals(AssertEquals.java:182)
	at org.junit.jupiter.api.AssertEquals.assertEquals(AssertEquals.java:177)
	at org.junit.jupiter.api.Assertions.assertEquals(Assertions.java:1145)
	at ec.edu.espe.clinicmanagementsystem.model.NotificationTest.testGetMessage(NotificationTest.java:45)
	at java.base/java.lang.reflect.Method.invoke(Method.java:565)
	at java.base/java.util.ArrayList.forEach(ArrayList.java:1604)
	at java.base/java.util.ArrayList.forEach(ArrayList.java:1604)
]]></failure>
    <system-out><![CDATA[getMessage
]]></system-out>
  </testcase>
  <testcase name="testSetDate" classname="ec.edu.espe.clinicmanagementsystem.model.NotificationTest" time="0.001">
    <failure message="The test case is a prototype." type="org.opentest4j.AssertionFailedError"><![CDATA[org.opentest4j.AssertionFailedError: The test case is a prototype.
	at org.junit.jupiter.api.AssertionUtils.fail(AssertionUtils.java:38)
	at org.junit.jupiter.api.Assertions.fail(Assertions.java:138)
	at ec.edu.espe.clinicmanagementsystem.model.NotificationTest.testSetDate(NotificationTest.java:85)
	at java.base/java.lang.reflect.Method.invoke(Method.java:565)
	at java.base/java.util.ArrayList.forEach(ArrayList.java:1604)
	at java.base/java.util.ArrayList.forEach(ArrayList.java:1604)
]]></failure>
    <system-out><![CDATA[setDate
]]></system-out>
  </testcase>
</testsuite>