<?xml version="1.0" encoding="UTF-8"?>
<testsuite xmlns:xsi="http://www.w3.org/2001/XMLSchema-instance" xsi:noNamespaceSchemaLocation="https://maven.apache.org/surefire/maven-surefire-plugin/xsd/surefire-test-report-3.0.xsd" version="3.0" name="ec.edu.espe.clinicmanagementsystem.model.ReceptionistTest" time="0.061" tests="16" errors="3" skipped="0" failures="8">
  <properties>
[...]
</properties>
  <testcase name="testSetPassword" classname="ec.edu.espe.clinicmanagementsystem.model.ReceptionistTest" time="0.01">
    <system-out><![CDATA[setPassword
]]></system-out>
  </testcase>
  <testcase name="testGetPassword" classname="ec.edu.espe.clinicmanagementsystem.model.ReceptionistTest" time="0.006">
    <failure message="expected: &lt;&gt; but was: &lt;null&gt;" type="org.opentest4j.AssertionFailedError"><![CDATA[org.opentest4j.AssertionFailedError: expected: <> but was: <null>
	at org.junit.jupiter.api.AssertionFailureBuilder.build(AssertionFailureBuilder.java:151)
	at org.junit.jupiter.api.AssertionFailureBuilder.buildAndThrow(AssertionFailureBuilder.java:132)
	at org.junit.jupiter.api.AssertEquals.failNotEqual(AssertEquals.java:197)
	at org.junit.jupiter.api.AssertEquals.assertEquals(AssertEquals.java:182)
	at org.junit.jupiter.api.AssertEquals.assertEquals(AssertEquals.java:177)
	at org.junit.jupiter.api.Assertions.assertEquals(Assertions.java:1145)
	at ec.edu.espe.clinicmanagementsystem.model.ReceptionistTest.testGetPassword(ReceptionistTest.java:151)
	at java.base/java.lang.reflect.Method.invoke(Method.java:565)
	at java.base/java.util.ArrayList.forEach(ArrayList.java:1604)
	at java.base/java.util.ArrayList.forEach(ArrayList.java:1604)
]]></failure>
    <system-out><![CDATA[getPassword
]]></system-out>
  </testcase>
  <testcase name="testGetEmail" classname="ec.edu.espe.clinicmanagementsystem.model.ReceptionistTest" time="0.001">
    <failure message="expected: &lt;&gt; but was: &lt;null&gt;" type="org.opentest4j.AssertionFailedError"><![CDATA[org.opentest4j.AssertionFailedError: expected: <> but was: <null>
	at org.junit.jupiter.api.AssertionFailureBuilder.build(AssertionFailureBuilder.java:151)
	at org.junit.jupiter.api.AssertionFailureBuilder.buildAndThrow(AssertionFailureBuilder.java:132)
	at org.junit.jupiter.api.AssertEquals.failNotEqual(AssertEquals.java:197)
	at org.junit.jupiter.api.AssertEquals.assertEquals(AssertEquals.java:182)
	at org.junit.jupiter.api.AssertEquals.assertEquals(AssertEquals.java:177)
	at org.junit.jupiter.api.Assertions.assertEquals(Assertions.java:1145)
	at ec.edu.espe.clinicmanagementsystem.model.ReceptionistTest.testGetEmail(ReceptionistTest.java:111)
	at java.base/java.lang.reflect.Method.invoke(Method.java:565)
	at java.base/java.util.ArrayList.forEach(ArrayList.java:1604)
	at java.base/java.util.ArrayList.forEach(ArrayList.java:1604)
]]></failure>
    <system-out><![CDATA[getEmail
]]></system-out>
  </testcase>
  <testcase name="testGetPhone" classname="ec.edu.espe.clinicmanagementsystem.model.ReceptionistTest" time="0.002">
    <failure message="expected: &lt;&gt; but was: &lt;null&gt;" type="org.opentest4j.AssertionFailedError"><![CDATA[org.opentest4j.AssertionFailedError: expected: <> but was: <null>
	at org.junit.jupiter.api.AssertionFailureBuilder.build(AssertionFailureBuilder.java:151)
	at org.junit.jupiter.api.AssertionFailureBuilder.buildAndThrow(AssertionFailureBuilder.java:132)
	at org.junit.jupiter.api.AssertEquals.failNotEqual(AssertEquals.java:197)
	at org.junit.jupiter.api.AssertEquals.assertEquals(AssertEquals.java:182)
	at org.junit.jupiter.api.AssertEquals.assertEquals(AssertEquals.java:177)
	at org.junit.jupiter.api.Assertions.assertEquals(Assertions.java:1145)
	at ec.edu.espe.clinicmanagementsystem.model.ReceptionistTest.testGetPhone(ReceptionistTest.java:90)
	at java.base/java.lang.reflect.Method.invoke(Method.java:565)
	at java.base/java.util.ArrayList.forEach(ArrayList.java:1604)
	at java.base/java.util.ArrayList.forEach(ArrayList.java:1604)
]]></failure>
    <system-out><![CDATA[getPhone
]]></system-out>
  </testcase>
  <testcase name="testRegisterPatient" classname="ec.edu.espe.clinicmanagementsystem.model.ReceptionistTest" time="0.004">
    <error message="Cannot invoke &quot;ec.edu.espe.clinicmanagementsystem.model.Clinic.registerPatient(ec.edu.espe.clinicmanagementsystem.model.Patient)&quot; because &quot;clinic&quot; is null" type="java.lang.NullPointerException"><![CDATA[java.lang.NullPointerException: Cannot invoke "ec.edu.espe.clinicmanagementsystem.model.Clinic.registerPatient(ec.edu.espe.clinicmanagementsystem.model.Patient)" because "clinic" is null
	at ec.edu.espe.clinicmanagementsystem.model.Receptionist.registerPatient(Receptionist.java:86)
	at ec.edu.espe.clinicmanagementsystem.model.ReceptionistTest.testRegisterPatient(ReceptionistTest.java:196)
	at java.base/java.lang.reflect.Method.invoke(Method.java:565)
	at java.base/java.util.ArrayList.forEach(ArrayList.java:1604)
	at java.base/java.util.ArrayList.forEach(ArrayList.java:1604)
]]></error>
    <system-out><![CDATA[registerPatient
Recepcionista null registrando a 
]]></system-out>
  </testcase>
  <testcase name="testToString" classname="ec.edu.espe.clinicmanagementsystem.model.ReceptionistTest" time="0.001">
    <failure message="expected: &lt;&gt; but was: &lt;Receptionist&#10;ID: 0&#10;Nombre: null&gt;" type="org.opentest4j.AssertionFailedError"><![CDATA[org.opentest4j.AssertionFailedError: 
expected: <> but was: <Receptionist
ID: 0
Nombre: null>
	at org.junit.jupiter.api.AssertionFailureBuilder.build(AssertionFailureBuilder.java:151)
	at org.junit.jupiter.api.AssertionFailureBuilder.buildAndThrow(AssertionFailureBuilder.java:132)
	at org.junit.jupiter.api.AssertEquals.failNotEqual(AssertEquals.java:197)
	at org.junit.jupiter.api.AssertEquals.assertEquals(AssertEquals.java:182)
	at org.junit.jupiter.api.AssertEquals.assertEquals(AssertEquals.java:177)
	at org.junit.jupiter.api.Assertions.assertEquals(Assertions.java:1145)
	at ec.edu.espe.clinicmanagementsystem.model.ReceptionistTest.testToString(ReceptionistTest.java:224)
	at java.base/java.lang.reflect.Method.invoke(Method.java:565)
	at java.base/java.util.ArrayList.forEach(ArrayList.java:1604)
	at java.base/java.util.ArrayList.forEach(ArrayList.java:1604)
]]></failure>
    <system-out><![CDATA[toString
]]></system-out>
  </testcase>
  <testcase name="testGetName" classname="ec.edu.espe.clinicmanagementsystem.model.ReceptionistTest" time="0.001">
    <failure message="expected: &lt;&gt; but was: &lt;null&gt;" type="org.opentest4j.AssertionFailedError"><![CDATA[org.opentest4j.AssertionFailedError: expected: <> but was: <null>
	at org.junit.jupiter.api.AssertionFailureBuilder.build(AssertionFailureBuilder.java:151)
	at org.junit.jupiter.api.AssertionFailureBuilder.buildAndThrow(AssertionFailureBuilder.java:132)
	at org.junit.jupiter.api.AssertEquals.failNotEqual(AssertEquals.java:197)
	at org.junit.jupiter.api.AssertEquals.assertEquals(AssertEquals.java:182)
	at org.junit.jupiter.api.AssertEquals.assertEquals(AssertEquals.java:177)
	at org.junit.jupiter.api.Assertions.assertEquals(Assertions.java:1145)
	at ec.edu.espe.clinicmanagementsystem.model.ReceptionistTest.testGetName(ReceptionistTest.java:68)
	at java.base/java.lang.reflect.Method.invoke(Method.java:565)
	at java.base/java.util.ArrayList.forEach(ArrayList.java:1604)
	at java.base/java.util.ArrayList.forEach(ArrayList.java:1604)
]]></failure>
    <system-out><![CDATA[getName
]]></system-out>
  </testcase>
  <testcase name="testSetReceptionistId" classname="ec.edu.espe.clinicmanagementsystem.model.ReceptionistTest" time="0.0">
    <failure type="org.opentest4j.AssertionFailedError&#10;	at org.junit.jupiter.api.AssertionUtils.fail(AssertionUtils.java"><![CDATA[org.opentest4j.AssertionFailedError
	at org.junit.jupiter.api.AssertionUtils.fail(AssertionUtils.java:34)
	at org.junit.jupiter.api.Assertions.fail(Assertions.java:119)
	at ec.edu.espe.clinicmanagementsystem.model.ReceptionistTest.testSetReceptionistId(ReceptionistTest.java:58)
	at java.base/java.lang.reflect.Method.invoke(Method.java:565)
	at java.base/java.util.ArrayList.forEach(ArrayList.java:1604)
	at java.base/java.util.ArrayList.forEach(ArrayList.java:1604)
]]></failure>
    <system-out><![CDATA[setReceptionistId
]]></system-out>
  </testcase>
  <testcase name="testGetReceptionistId" classname="ec.edu.espe.clinicmanagementsystem.model.ReceptionistTest" time="0.0">
    <failure message="expected: &lt;1&gt; but was: &lt;0&gt;" type="org.opentest4j.AssertionFailedError"><![CDATA[org.opentest4j.AssertionFailedError: expected: <1> but was: <0>
	at org.junit.jupiter.api.AssertionFailureBuilder.build(AssertionFailureBuilder.java:151)
	at org.junit.jupiter.api.AssertionFailureBuilder.buildAndThrow(AssertionFailureBuilder.java:132)
	at org.junit.jupiter.api.AssertEquals.failNotEqual(AssertEquals.java:197)
	at org.junit.jupiter.api.AssertEquals.assertEquals(AssertEquals.java:150)
	at org.junit.jupiter.api.AssertEquals.assertEquals(AssertEquals.java:145)
	at org.junit.jupiter.api.Assertions.assertEquals(Assertions.java:531)
	at ec.edu.espe.clinicmanagementsystem.model.ReceptionistTest.testGetReceptionistId(ReceptionistTest.java:46)
	at java.base/java.lang.reflect.Method.invoke(Method.java:565)
	at java.base/java.util.ArrayList.forEach(ArrayList.java:1604)
	at java.base/java.util.ArrayList.forEach(ArrayList.java:1604)
]]></failure>
    <system-out><![CDATA[getReceptionistId
]]></system-out>
  </testcase>
  <testcase name="testSetUsername" classname="ec.edu.espe.clinicmanagementsystem.model.ReceptionistTest" time="0.0">
    <system-out><![CDATA[setUsername
]]></system-out>
  </testcase>
  <testcase name="testGetUsername" classname="ec.edu.espe.clinicmanagementsystem.model.ReceptionistTest" time="0.0">
    <failure message="expected: &lt;&gt; but was: &lt;null&gt;" type="org.opentest4j.AssertionFailedError"><![CDATA[org.opentest4j.AssertionFailedError: expected: <> but was: <null>
	at org.junit.jupiter.api.AssertionFailureBuilder.build(AssertionFailureBuilder.java:151)
	at org.junit.jupiter.api.AssertionFailureBuilder.buildAndThrow(AssertionFailureBuilder.java:132)
	at org.junit.jupiter.api.AssertEquals.failNotEqual(AssertEquals.java:197)
	at org.junit.jupiter.api.AssertEquals.assertEquals(AssertEquals.java:182)
	at org.junit.jupiter.api.AssertEquals.assertEquals(AssertEquals.java:177)
	at org.junit.jupiter.api.Assertions.assertEquals(Assertions.java:1145)
	at ec.edu.espe.clinicmanagementsystem.model.ReceptionistTest.testGetUsername(ReceptionistTest.java:130)
	at java.base/java.lang.reflect.Method.invoke(Method.java:565)
	at java.base/java.util.ArrayList.forEach(ArrayList.java:1604)
	at java.base/java.util.ArrayList.forEach(ArrayList.java:1604)
]]></failure>
    <system-out><![CDATA[getUsername
]]></system-out>
  </testcase>
  <testcase name="testCreateAppointment" classname="ec.edu.espe.clinicmanagementsystem.model.ReceptionistTest" time="0.001">
    <error message="Cannot invoke &quot;ec.edu.espe.clinicmanagementsystem.model.Clinic.saveNewAppointment(ec.edu.espe.clinicmanagementsystem.model.Appointment)&quot; because &quot;clinic&quot; is null" type="java.lang.NullPointerException"><![CDATA[java.lang.NullPointerException: Cannot invoke "ec.edu.espe.clinicmanagementsystem.model.Clinic.saveNewAppointment(ec.edu.espe.clinicmanagementsystem.model.Appointment)" because "clinic" is null
	at ec.edu.espe.clinicmanagementsystem.model.Receptionist.createAppointment(Receptionist.java:79)
	at ec.edu.espe.clinicmanagementsystem.model.ReceptionistTest.testCreateAppointment(ReceptionistTest.java:178)
	at java.base/java.lang.reflect.Method.invoke(Method.java:565)
	at java.base/java.util.ArrayList.forEach(ArrayList.java:1604)
	at java.base/java.util.ArrayList.forEach(ArrayList.java:1604)
]]></error>
    <system-out><![CDATA[createAppointment
Recepcionista null creando cita.
]]></system-out>
  </testcase>
  <testcase name="testUpdatePatientInfo" classname="ec.edu.espe.clinicmanagementsystem.model.ReceptionistTest" time="0.0">
    <error message="Cannot invoke &quot;ec.edu.espe.clinicmanagementsystem.model.Patient.getFullName()&quot; because &quot;patient&quot; is null" type="java.lang.NullPointerException"><![CDATA[java.lang.NullPointerException: Cannot invoke "ec.edu.espe.clinicmanagementsystem.model.Patient.getFullName()" because "patient" is null
	at ec.edu.espe.clinicmanagementsystem.model.Receptionist.updatePatientInfo(Receptionist.java:91)
	at ec.edu.espe.clinicmanagementsystem.model.ReceptionistTest.testUpdatePatientInfo(ReceptionistTest.java:212)
	at java.base/java.lang.reflect.Method.invoke(Method.java:565)
	at java.base/java.util.ArrayList.forEach(ArrayList.java:1604)
	at java.base/java.util.ArrayList.forEach(ArrayList.java:1604)
]]></error>
    <system-out><![CDATA[updatePatientInfo
]]></system-out>
  </testcase>
  <testcase name="testSetName" classname="ec.edu.espe.clinicmanagementsystem.model.ReceptionistTest" time="0.001">
    <system-out><![CDATA[setName
]]></system-out>
  </testcase>
  <testcase name="testSetEmail" classname="ec.edu.espe.clinicmanagementsystem.model.ReceptionistTest" time="0.001">
    <system-out><![CDATA[setEmail
]]></system-out>
  </testcase>
  <testcase name="testSetPhone" classname="ec.edu.espe.clinicmanagementsystem.model.ReceptionistTest" time="0.001">
    <system-out><![CDATA[setPhone
]]></system-out>
  </testcase>
</testsuite>