<?xml version="1.0" encoding="UTF-8"?>
<testsuite xmlns:xsi="http://www.w3.org/2001/XMLSchema-instance" xsi:noNamespaceSchemaLocation="https://maven.apache.org/surefire/maven-surefire-plugin/xsd/surefire-test-report-3.0.xsd" version="3.0" name="ec.edu.espe.clinicmanagementsystem.model.DateTest" time="0.051" tests="10" errors="0" skipped="0" failures="6">
  <properties>
[...]
</properties>
  <testcase name="testEmptyConstructor" classname="ec.edu.espe.clinicmanagementsystem.model.DateTest" time="0.018">
    <failure message="The test case is a prototype." type="org.opentest4j.AssertionFailedError"><![CDATA[org.opentest4j.AssertionFailedError: The test case is a prototype.
	at org.junit.jupiter.api.AssertionUtils.fail(AssertionUtils.java:38)
	at org.junit.jupiter.api.Assertions.fail(Assertions.java:138)
	at ec.edu.espe.clinicmanagementsystem.model.DateTest.testEmptyConstructor(DateTest.java:34)
	at java.base/java.lang.reflect.Method.invoke(Method.java:565)
	at java.base/java.util.ArrayList.forEach(ArrayList.java:1604)
	at java.base/java.util.ArrayList.forEach(ArrayList.java:1604)
]]></failure>
    <system-out><![CDATA[testEmptyConstructor
]]></system-out>
  </testcase>
  <testcase name="testToStringExtremeLowValues" classname="ec.edu.espe.clinicmanagementsystem.model.DateTest" time="0.002">
    <failure message="The test case is a prototype." type="org.opentest4j.AssertionFailedError"><![CDATA[org.opentest4j.AssertionFailedError: The test case is a prototype.
	at org.junit.jupiter.api.AssertionUtils.fail(AssertionUtils.java:38)
	at org.junit.jupiter.api.Assertions.fail(Assertions.java:138)
	at ec.edu.espe.clinicmanagementsystem.model.DateTest.testToStringExtremeLowValues(DateTest.java:149)
	at java.base/java.lang.reflect.Method.invoke(Method.java:565)
	at java.base/java.util.ArrayList.forEach(ArrayList.java:1604)
	at java.base/java.util.ArrayList.forEach(ArrayList.java:1604)
]]></failure>
    <system-out><![CDATA[testToStringExtremeLowValues
]]></system-out>
  </testcase>
  <testcase name="testToStringFormatting" classname="ec.edu.espe.clinicmanagementsystem.model.DateTest" time="0.002">
    <system-out><![CDATA[testToStringFormatting
]]></system-out>
  </testcase>
  <testcase name="testGetDateFormatting" classname="ec.edu.espe.clinicmanagementsystem.model.DateTest" time="0.001">
    <failure message="The test case is a prototype." type="org.opentest4j.AssertionFailedError"><![CDATA[org.opentest4j.AssertionFailedError: The test case is a prototype.
	at org.junit.jupiter.api.AssertionUtils.fail(AssertionUtils.java:38)
	at org.junit.jupiter.api.Assertions.fail(Assertions.java:138)
	at ec.edu.espe.clinicmanagementsystem.model.DateTest.testGetDateFormatting(DateTest.java:116)
	at java.base/java.lang.reflect.Method.invoke(Method.java:565)
	at java.base/java.util.ArrayList.forEach(ArrayList.java:1604)
	at java.base/java.util.ArrayList.forEach(ArrayList.java:1604)
]]></failure>
    <system-out><![CDATA[testGetDateFormatting
]]></system-out>
  </testcase>
  <testcase name="testFullConstructor" classname="ec.edu.espe.clinicmanagementsystem.model.DateTest" time="0.001">
    <system-out><![CDATA[testFullConstructor
]]></system-out>
  </testcase>
  <testcase name="testSetAndGetDateComponents" classname="ec.edu.espe.clinicmanagementsystem.model.DateTest" time="0.001">
    <system-out><![CDATA[testSetAndGetDateComponents
]]></system-out>
  </testcase>
  <testcase name="testGetTimeFormatting" classname="ec.edu.espe.clinicmanagementsystem.model.DateTest" time="0.002">
    <failure message="getTime() debe formatear a HH:MM con padding. ==&gt; expected: &lt;null&gt; but was: &lt;03:08&gt;" type="org.opentest4j.AssertionFailedError"><![CDATA[org.opentest4j.AssertionFailedError: getTime() debe formatear a HH:MM con padding. ==> expected: <null> but was: <03:08>
	at org.junit.jupiter.api.AssertionFailureBuilder.build(AssertionFailureBuilder.java:151)
	at org.junit.jupiter.api.AssertionFailureBuilder.buildAndThrow(AssertionFailureBuilder.java:132)
	at org.junit.jupiter.api.AssertEquals.failNotEqual(AssertEquals.java:197)
	at org.junit.jupiter.api.AssertEquals.assertEquals(AssertEquals.java:182)
	at org.junit.jupiter.api.Assertions.assertEquals(Assertions.java:1156)
	at ec.edu.espe.clinicmanagementsystem.model.DateTest.testGetTimeFormatting(DateTest.java:125)
	at java.base/java.lang.reflect.Method.invoke(Method.java:565)
	at java.base/java.util.ArrayList.forEach(ArrayList.java:1604)
	at java.base/java.util.ArrayList.forEach(ArrayList.java:1604)
]]></failure>
    <system-out><![CDATA[testGetTimeFormatting
]]></system-out>
  </testcase>
  <testcase name="testSetDate" classname="ec.edu.espe.clinicmanagementsystem.model.DateTest" time="0.001">
    <system-out><![CDATA[testSetDate
]]></system-out>
  </testcase>
  <testcase name="testSetTime" classname="ec.edu.espe.clinicmanagementsystem.model.DateTest" time="0.001">
    <failure message="The test case is a prototype." type="org.opentest4j.AssertionFailedError"><![CDATA[org.opentest4j.AssertionFailedError: The test case is a prototype.
	at org.junit.jupiter.api.AssertionUtils.fail(AssertionUtils.java:38)
	at org.junit.jupiter.api.Assertions.fail(Assertions.java:138)
	at ec.edu.espe.clinicmanagementsystem.model.DateTest.testSetTime(DateTest.java:105)
	at java.base/java.lang.reflect.Method.invoke(Method.java:565)
	at java.base/java.util.ArrayList.forEach(ArrayList.java:1604)
	at java.base/java.util.ArrayList.forEach(ArrayList.java:1604)
]]></failure>
    <system-out><![CDATA[testSetTime
]]></system-out>
  </testcase>
  <testcase name="testSetAndGetTimeComponents" classname="ec.edu.espe.clinicmanagementsystem.model.DateTest" time="0.001">
    <failure message="The test case is a prototype." type="org.opentest4j.AssertionFailedError"><![CDATA[org.opentest4j.AssertionFailedError: The test case is a prototype.
	at org.junit.jupiter.api.AssertionUtils.fail(AssertionUtils.java:38)
	at org.junit.jupiter.api.Assertions.fail(Assertions.java:138)
	at ec.edu.espe.clinicmanagementsystem.model.DateTest.testSetAndGetTimeComponents(DateTest.java:80)
	at java.base/java.lang.reflect.Method.invoke(Method.java:565)
	at java.base/java.util.ArrayList.forEach(ArrayList.java:1604)
	at java.base/java.util.ArrayList.forEach(ArrayList.java:1604)
]]></failure>
    <system-out><![CDATA[testSetAndGetTimeComponents
]]></system-out>
  </testcase>
</testsuite>