<?xml version="1.0" encoding="UTF-8"?>
<testsuite xmlns:xsi="http://www.w3.org/2001/XMLSchema-instance" xsi:noNamespaceSchemaLocation="https://maven.apache.org/surefire/maven-surefire-plugin/xsd/surefire-test-report-3.0.xsd" version="3.0" name="ec.edu.espe.clinicmanagementsystem.model.BillingTest" time="0.06" tests="14" errors="0" skipped="0" failures="7">
  <properties>
[...]
</properties>
  <testcase name="testSetAndGetStatus" classname="ec.edu.espe.clinicmanagementsystem.model.BillingTest" time="0.012">
    <system-out><![CDATA[setStatus
]]></system-out>
  </testcase>
  <testcase name="testEmptyConstructor" classname="ec.edu.espe.clinicmanagementsystem.model.BillingTest" time="0.001">
    <system-out><![CDATA[testEmptyConstructor
]]></system-out>
  </testcase>
  <testcase name="testSetStatusNull" classname="ec.edu.espe.clinicmanagementsystem.model.BillingTest" time="0.004">
    <system-out><![CDATA[setStatusNull (Error Potencial)
]]></system-out>
  </testcase>
  <testcase name="testToString" classname="ec.edu.espe.clinicmanagementsystem.model.BillingTest" time="0.001">
    <system-out><![CDATA[toString
]]></system-out>
  </testcase>
  <testcase name="testSetAndGetDate" classname="ec.edu.espe.clinicmanagementsystem.model.BillingTest" time="0.005">
    <failure message="The test case is a prototype." type="org.opentest4j.AssertionFailedError"><![CDATA[org.opentest4j.AssertionFailedError: The test case is a prototype.
	at org.junit.jupiter.api.AssertionUtils.fail(AssertionUtils.java:38)
	at org.junit.jupiter.api.Assertions.fail(Assertions.java:138)
	at ec.edu.espe.clinicmanagementsystem.model.BillingTest.testSetAndGetDate(BillingTest.java:122)
	at java.base/java.lang.reflect.Method.invoke(Method.java:565)
	at java.base/java.util.ArrayList.forEach(ArrayList.java:1604)
	at java.base/java.util.ArrayList.forEach(ArrayList.java:1604)
]]></failure>
    <system-out><![CDATA[setDate
]]></system-out>
  </testcase>
  <testcase name="testGenerateBillSetsStatusToPending" classname="ec.edu.espe.clinicmanagementsystem.model.BillingTest" time="0.002">
    <system-out><![CDATA[generateBill
Factura 1 generada por un monto de 50.0
]]></system-out>
  </testcase>
  <testcase name="testFullConstructor" classname="ec.edu.espe.clinicmanagementsystem.model.BillingTest" time="0.001">
    <failure message="The test case is a prototype." type="org.opentest4j.AssertionFailedError"><![CDATA[org.opentest4j.AssertionFailedError: The test case is a prototype.
	at org.junit.jupiter.api.AssertionUtils.fail(AssertionUtils.java:38)
	at org.junit.jupiter.api.Assertions.fail(Assertions.java:138)
	at ec.edu.espe.clinicmanagementsystem.model.BillingTest.testFullConstructor(BillingTest.java:70)
	at java.base/java.lang.reflect.Method.invoke(Method.java:565)
	at java.base/java.util.ArrayList.forEach(ArrayList.java:1604)
	at java.base/java.util.ArrayList.forEach(ArrayList.java:1604)
]]></failure>
    <system-out><![CDATA[testFullConstructor
]]></system-out>
  </testcase>
  <testcase name="testUpdatePaymentToPaid" classname="ec.edu.espe.clinicmanagementsystem.model.BillingTest" time="0.0">
    <system-out><![CDATA[updatePaymentToPaid
]]></system-out>
  </testcase>
  <testcase name="testSetAndGetPatientId" classname="ec.edu.espe.clinicmanagementsystem.model.BillingTest" time="0.001">
    <failure message="The test case is a prototype." type="org.opentest4j.AssertionFailedError"><![CDATA[org.opentest4j.AssertionFailedError: The test case is a prototype.
	at org.junit.jupiter.api.AssertionUtils.fail(AssertionUtils.java:38)
	at org.junit.jupiter.api.Assertions.fail(Assertions.java:138)
	at ec.edu.espe.clinicmanagementsystem.model.BillingTest.testSetAndGetPatientId(BillingTest.java:139)
	at java.base/java.lang.reflect.Method.invoke(Method.java:565)
	at java.base/java.util.ArrayList.forEach(ArrayList.java:1604)
	at java.base/java.util.ArrayList.forEach(ArrayList.java:1604)
]]></failure>
    <system-out><![CDATA[setPatientId
]]></system-out>
  </testcase>
  <testcase name="testSetAmountExtremeLarge" classname="ec.edu.espe.clinicmanagementsystem.model.BillingTest" time="0.001">
    <failure message="The test case is a prototype." type="org.opentest4j.AssertionFailedError"><![CDATA[org.opentest4j.AssertionFailedError: The test case is a prototype.
	at org.junit.jupiter.api.AssertionUtils.fail(AssertionUtils.java:38)
	at org.junit.jupiter.api.Assertions.fail(Assertions.java:138)
	at ec.edu.espe.clinicmanagementsystem.model.BillingTest.testSetAmountExtremeLarge(BillingTest.java:103)
	at java.base/java.lang.reflect.Method.invoke(Method.java:565)
	at java.base/java.util.ArrayList.forEach(ArrayList.java:1604)
	at java.base/java.util.ArrayList.forEach(ArrayList.java:1604)
]]></failure>
    <system-out><![CDATA[setAmountExtremeLarge (Prueba de Estrés)
]]></system-out>
  </testcase>
  <testcase name="testUpdatePaymentToCancelled" classname="ec.edu.espe.clinicmanagementsystem.model.BillingTest" time="0.001">
    <failure message="The test case is a prototype." type="org.opentest4j.AssertionFailedError"><![CDATA[org.opentest4j.AssertionFailedError: The test case is a prototype.
	at org.junit.jupiter.api.AssertionUtils.fail(AssertionUtils.java:38)
	at org.junit.jupiter.api.Assertions.fail(Assertions.java:138)
	at ec.edu.espe.clinicmanagementsystem.model.BillingTest.testUpdatePaymentToCancelled(BillingTest.java:176)
	at java.base/java.lang.reflect.Method.invoke(Method.java:565)
	at java.base/java.util.ArrayList.forEach(ArrayList.java:1604)
	at java.base/java.util.ArrayList.forEach(ArrayList.java:1604)
]]></failure>
    <system-out><![CDATA[updatePaymentToCancelled
]]></system-out>
  </testcase>
  <testcase name="testViewBillExecution" classname="ec.edu.espe.clinicmanagementsystem.model.BillingTest" time="0.002">
    <failure message="The test case is a prototype." type="org.opentest4j.AssertionFailedError"><![CDATA[org.opentest4j.AssertionFailedError: The test case is a prototype.
	at org.junit.jupiter.api.AssertionUtils.fail(AssertionUtils.java:38)
	at org.junit.jupiter.api.Assertions.fail(Assertions.java:138)
	at ec.edu.espe.clinicmanagementsystem.model.BillingTest.testViewBillExecution(BillingTest.java:193)
	at java.base/java.lang.reflect.Method.invoke(Method.java:565)
	at java.base/java.util.ArrayList.forEach(ArrayList.java:1604)
	at java.base/java.util.ArrayList.forEach(ArrayList.java:1604)
]]></failure>
    <system-out><![CDATA[--- Viendo Factura ---
ID Factura: 5
Paciente ID: 10
Fecha: 2025-12-15 @ 10:30
Monto: $55.0
Estado: Paid
----------------------
]]></system-out>
  </testcase>
  <testcase name="testSetAndGetAmount" classname="ec.edu.espe.clinicmanagementsystem.model.BillingTest" time="0.001">
    <system-out><![CDATA[setAmount
]]></system-out>
  </testcase>
  <testcase name="testSetAndGetBillId" classname="ec.edu.espe.clinicmanagementsystem.model.BillingTest" time="0.0">
    <failure message="The test case is a prototype." type="org.opentest4j.AssertionFailedError"><![CDATA[org.opentest4j.AssertionFailedError: The test case is a prototype.
	at org.junit.jupiter.api.AssertionUtils.fail(AssertionUtils.java:38)
	at org.junit.jupiter.api.Assertions.fail(Assertions.java:138)
	at ec.edu.espe.clinicmanagementsystem.model.BillingTest.testSetAndGetBillId(BillingTest.java:79)
	at java.base/java.lang.reflect.Method.invoke(Method.java:565)
	at java.base/java.util.ArrayList.forEach(ArrayList.java:1604)
	at java.base/java.util.ArrayList.forEach(ArrayList.java:1604)
]]></failure>
    <system-out><![CDATA[setBillId
]]></system-out>
  </testcase>
</testsuite>