<?xml version="1.0" encoding="UTF-8"?>
<testsuite xmlns:xsi="http://www.w3.org/2001/XMLSchema-instance" xsi:noNamespaceSchemaLocation="https://maven.apache.org/surefire/maven-surefire-plugin/xsd/surefire-test-report-3.0.xsd" version="3.0" name="ec.edu.espe.clinicmanagementsystem.utils.MongoManagerTest" time="4.159" tests="11" errors="0" skipped="0" failures="3">
  <properties>
[...]
</properties>
  <testcase name="testUpdate_NegativeResponseOnFailure" classname="ec.edu.espe.clinicmanagementsystem.utils.MongoManagerTest" time="1.249">
    <system-err><![CDATA[WARNING: A Java agent has been loaded dynamically (C:\Users\ADRIAN TOAPANTA\.m2\repository\net\bytebuddy\byte-buddy-agent\1.14.6\byte-buddy-agent-1.14.6.jar)
WARNING: If a serviceability tool is in use, please run with -XX:+EnableDynamicAgentLoading to hide this warning
WARNING: If a serviceability tool is not in use, please run with -Djdk.instrument.traceUsage for more information
WARNING: Dynamic loading of agents will be disallowed by default in a future release
[cluster-ClusterId{value='69486ab0d7cff0065eb06843', description='null'}-srv-cluster0.9yfzmcp.mongodb.net] INFO org.mongodb.driver.cluster - Adding discovered server ac-7gfumvx-shard-00-01.9yfzmcp.mongodb.net:27017 to client view of cluster
[main] INFO org.mongodb.driver.client - MongoClient with metadata {"driver": {"name": "mongo-java-driver|sync", "version": "4.11.1"}, "os": {"type": "Windows", "name": "Windows 11", "architecture": "amd64", "version": "10.0"}, "platform": "Java/Oracle Corporation/25.0.1+8-LTS-27"} created with settings MongoClientSettings{readPreference=primary, writeConcern=WriteConcern{w=null, wTimeout=null ms, journal=null}, retryWrites=true, retryReads=true, readConcern=ReadConcern{level=null}, credential=MongoCredential{mechanism=null, userName='thais', source='admin', password=<hidden>, mechanismProperties=<hidden>}, transportSettings=null, streamFactoryFactory=null, commandListeners=[], codecRegistry=ProvidersCodecRegistry{codecProviders=[ValueCodecProvider{}, BsonValueCodecProvider{}, DBRefCodecProvider{}, DBObjectCodecProvider{}, DocumentCodecProvider{}, CollectionCodecProvider{}, IterableCodecProvider{}, MapCodecProvider{}, GeoJsonCodecProvider{}, GridFSFileCodecProvider{}, Jsr310CodecProvider{}, JsonObjectCodecProvider{}, BsonCodecProvider{}, EnumCodecProvider{}, com.mongodb.client.model.mql.ExpressionCodecProvider@25bcd0c7, com.mongodb.Jep395RecordCodecProvider@32cb636e, com.mongodb.KotlinCodecProvider@63cd604c]}, loggerSettings=LoggerSettings{maxDocumentLength=1000}, clusterSettings={hosts=[127.0.0.1:27017], srvHost=cluster0.9yfzmcp.mongodb.net, srvServiceName=mongodb, mode=MULTIPLE, requiredClusterType=REPLICA_SET, requiredReplicaSetName='atlas-kj8cju-shard-0', serverSelector='null', clusterListeners='[]', serverSelectionTimeout='30000 ms', localThreshold='15 ms'}, socketSettings=SocketSettings{connectTimeoutMS=10000, readTimeoutMS=0, receiveBufferSize=0, proxySettings=ProxySettings{host=null, port=null, username=null, password=null}}, heartbeatSocketSettings=SocketSettings{connectTimeoutMS=10000, readTimeoutMS=10000, receiveBufferSize=0, proxySettings=ProxySettings{host=null, port=null, username=null, password=null}}, connectionPoolSettings=ConnectionPoolSettings{maxSize=100, minSize=0, maxWaitTimeMS=120000, maxConnectionLifeTimeMS=0, maxConnectionIdleTimeMS=0, maintenanceInitialDelayMS=0, maintenanceFrequencyMS=60000, connectionPoolListeners=[], maxConnecting=2}, serverSettings=ServerSettings{heartbeatFrequencyMS=10000, minHeartbeatFrequencyMS=500, serverListeners='[]', serverMonitorListeners='[]'}, sslSettings=SslSettings{enabled=true, invalidHostNameAllowed=false, context=null}, applicationName='null', compressorList=[], uuidRepresentation=UNSPECIFIED, serverApi=null, autoEncryptionSettings=null, dnsClient=null, inetAddressResolver=null, contextProvider=null}
[cluster-ClusterId{value='69486ab0d7cff0065eb06843', description='null'}-srv-cluster0.9yfzmcp.mongodb.net] INFO org.mongodb.driver.cluster - Adding discovered server ac-7gfumvx-shard-00-00.9yfzmcp.mongodb.net:27017 to client view of cluster
[cluster-ClusterId{value='69486ab0d7cff0065eb06843', description='null'}-srv-cluster0.9yfzmcp.mongodb.net] INFO org.mongodb.driver.cluster - Adding discovered server ac-7gfumvx-shard-00-02.9yfzmcp.mongodb.net:27017 to client view of cluster
]]></system-err>
  </testcase>
  <testcase name="testDateFormated_IncompleteDocument_ReturnsError" classname="ec.edu.espe.clinicmanagementsystem.utils.MongoManagerTest" time="0.021">
    <system-err><![CDATA[[main] INFO org.mongodb.driver.client - MongoClient with metadata {"driver": {"name": "mongo-java-driver|sync", "version": "4.11.1"}, "os": {"type": "Windows", "name": "Windows 11", "architecture": "amd64", "version": "10.0"}, "platform": "Java/Oracle Corporation/25.0.1+8-LTS-27"} created with settings MongoClientSettings{readPreference=primary, writeConcern=WriteConcern{w=null, wTimeout=null ms, journal=null}, retryWrites=true, retryReads=true, readConcern=ReadConcern{level=null}, credential=MongoCredential{mechanism=null, userName='thais', source='admin', password=<hidden>, mechanismProperties=<hidden>}, transportSettings=null, streamFactoryFactory=null, commandListeners=[], codecRegistry=ProvidersCodecRegistry{codecProviders=[ValueCodecProvider{}, BsonValueCodecProvider{}, DBRefCodecProvider{}, DBObjectCodecProvider{}, DocumentCodecProvider{}, CollectionCodecProvider{}, IterableCodecProvider{}, MapCodecProvider{}, GeoJsonCodecProvider{}, GridFSFileCodecProvider{}, Jsr310CodecProvider{}, JsonObjectCodecProvider{}, BsonCodecProvider{}, EnumCodecProvider{}, com.mongodb.client.model.mql.ExpressionCodecProvider@25bcd0c7, com.mongodb.Jep395RecordCodecProvider@32cb636e, com.mongodb.KotlinCodecProvider@63cd604c]}, loggerSettings=LoggerSettings{maxDocumentLength=1000}, clusterSettings={hosts=[127.0.0.1:27017], srvHost=cluster0.9yfzmcp.mongodb.net, srvServiceName=mongodb, mode=MULTIPLE, requiredClusterType=REPLICA_SET, requiredReplicaSetName='atlas-kj8cju-shard-0', serverSelector='null', clusterListeners='[]', serverSelectionTimeout='30000 ms', localThreshold='15 ms'}, socketSettings=SocketSettings{connectTimeoutMS=10000, readTimeoutMS=0, receiveBufferSize=0, proxySettings=ProxySettings{host=null, port=null, username=null, password=null}}, heartbeatSocketSettings=SocketSettings{connectTimeoutMS=10000, readTimeoutMS=10000, receiveBufferSize=0, proxySettings=ProxySettings{host=null, port=null, username=null, password=null}}, connectionPoolSettings=ConnectionPoolSettings{maxSize=100, minSize=0, maxWaitTimeMS=120000, maxConnectionLifeTimeMS=0, maxConnectionIdleTimeMS=0, maintenanceInitialDelayMS=0, maintenanceFrequencyMS=60000, connectionPoolListeners=[], maxConnecting=2}, serverSettings=ServerSettings{heartbeatFrequencyMS=10000, minHeartbeatFrequencyMS=500, serverListeners='[]', serverMonitorListeners='[]'}, sslSettings=SslSettings{enabled=true, invalidHostNameAllowed=false, context=null}, applicationName='null', compressorList=[], uuidRepresentation=UNSPECIFIED, serverApi=null, autoEncryptionSettings=null, dnsClient=null, inetAddressResolver=null, contextProvider=null}
]]></system-err>
  </testcase>
  <testcase name="testCreateDateDocument_ValidDate" classname="ec.edu.espe.clinicmanagementsystem.utils.MongoManagerTest" time="0.027">
    <failure type="org.opentest4j.AssertionFailedError&#10;	at org.junit.jupiter.api.AssertionUtils.fail(AssertionUtils.java"><![CDATA[org.opentest4j.AssertionFailedError
	at org.junit.jupiter.api.AssertionUtils.fail(AssertionUtils.java:34)
	at org.junit.jupiter.api.Assertions.fail(Assertions.java:119)
	at ec.edu.espe.clinicmanagementsystem.utils.MongoManagerTest.testCreateDateDocument_ValidDate(MongoManagerTest.java:50)
	at java.base/java.lang.reflect.Method.invoke(Method.java:565)
	at java.base/java.util.ArrayList.forEach(ArrayList.java:1604)
	at java.base/java.util.ArrayList.forEach(ArrayList.java:1604)
]]></failure>
    <system-err><![CDATA[[cluster-ClusterId{value='69486ab1d7cff0065eb06844', description='null'}-srv-cluster0.9yfzmcp.mongodb.net] INFO org.mongodb.driver.cluster - Adding discovered server ac-7gfumvx-shard-00-01.9yfzmcp.mongodb.net:27017 to client view of cluster
[cluster-ClusterId{value='69486ab1d7cff0065eb06844', description='null'}-srv-cluster0.9yfzmcp.mongodb.net] INFO org.mongodb.driver.cluster - Adding discovered server ac-7gfumvx-shard-00-00.9yfzmcp.mongodb.net:27017 to client view of cluster
[main] INFO org.mongodb.driver.client - MongoClient with metadata {"driver": {"name": "mongo-java-driver|sync", "version": "4.11.1"}, "os": {"type": "Windows", "name": "Windows 11", "architecture": "amd64", "version": "10.0"}, "platform": "Java/Oracle Corporation/25.0.1+8-LTS-27"} created with settings MongoClientSettings{readPreference=primary, writeConcern=WriteConcern{w=null, wTimeout=null ms, journal=null}, retryWrites=true, retryReads=true, readConcern=ReadConcern{level=null}, credential=MongoCredential{mechanism=null, userName='thais', source='admin', password=<hidden>, mechanismProperties=<hidden>}, transportSettings=null, streamFactoryFactory=null, commandListeners=[], codecRegistry=ProvidersCodecRegistry{codecProviders=[ValueCodecProvider{}, BsonValueCodecProvider{}, DBRefCodecProvider{}, DBObjectCodecProvider{}, DocumentCodecProvider{}, CollectionCodecProvider{}, IterableCodecProvider{}, MapCodecProvider{}, GeoJsonCodecProvider{}, GridFSFileCodecProvider{}, Jsr310CodecProvider{}, JsonObjectCodecProvider{}, BsonCodecProvider{}, EnumCodecProvider{}, com.mongodb.client.model.mql.ExpressionCodecProvider@25bcd0c7, com.mongodb.Jep395RecordCodecProvider@32cb636e, com.mongodb.KotlinCodecProvider@63cd604c]}, loggerSettings=LoggerSettings{maxDocumentLength=1000}, clusterSettings={hosts=[127.0.0.1:27017], srvHost=cluster0.9yfzmcp.mongodb.net, srvServiceName=mongodb, mode=MULTIPLE, requiredClusterType=REPLICA_SET, requiredReplicaSetName='atlas-kj8cju-shard-0', serverSelector='null', clusterListeners='[]', serverSelectionTimeout='30000 ms', localThreshold='15 ms'}, socketSettings=SocketSettings{connectTimeoutMS=10000, readTimeoutMS=0, receiveBufferSize=0, proxySettings=ProxySettings{host=null, port=null, username=null, password=null}}, heartbeatSocketSettings=SocketSettings{connectTimeoutMS=10000, readTimeoutMS=10000, receiveBufferSize=0, proxySettings=ProxySettings{host=null, port=null, username=null, password=null}}, connectionPoolSettings=ConnectionPoolSettings{maxSize=100, minSize=0, maxWaitTimeMS=120000, maxConnectionLifeTimeMS=0, maxConnectionIdleTimeMS=0, maintenanceInitialDelayMS=0, maintenanceFrequencyMS=60000, connectionPoolListeners=[], maxConnecting=2}, serverSettings=ServerSettings{heartbeatFrequencyMS=10000, minHeartbeatFrequencyMS=500, serverListeners='[]', serverMonitorListeners='[]'}, sslSettings=SslSettings{enabled=true, invalidHostNameAllowed=false, context=null}, applicationName='null', compressorList=[], uuidRepresentation=UNSPECIFIED, serverApi=null, autoEncryptionSettings=null, dnsClient=null, inetAddressResolver=null, contextProvider=null}
[cluster-ClusterId{value='69486ab1d7cff0065eb06844', description='null'}-srv-cluster0.9yfzmcp.mongodb.net] INFO org.mongodb.driver.cluster - Adding discovered server ac-7gfumvx-shard-00-02.9yfzmcp.mongodb.net:27017 to client view of cluster
]]></system-err>
  </testcase>
  <testcase name="testDateFormated_WithDocumentDateOnly" classname="ec.edu.espe.clinicmanagementsystem.utils.MongoManagerTest" time="0.106">
    <system-err><![CDATA[[cluster-ClusterId{value='69486ab1d7cff0065eb06845', description='null'}-srv-cluster0.9yfzmcp.mongodb.net] INFO org.mongodb.driver.cluster - Adding discovered server ac-7gfumvx-shard-00-01.9yfzmcp.mongodb.net:27017 to client view of cluster
[cluster-ClusterId{value='69486ab1d7cff0065eb06845', description='null'}-srv-cluster0.9yfzmcp.mongodb.net] INFO org.mongodb.driver.cluster - Adding discovered server ac-7gfumvx-shard-00-00.9yfzmcp.mongodb.net:27017 to client view of cluster
[cluster-ClusterId{value='69486ab1d7cff0065eb06845', description='null'}-srv-cluster0.9yfzmcp.mongodb.net] INFO org.mongodb.driver.cluster - Adding discovered server ac-7gfumvx-shard-00-02.9yfzmcp.mongodb.net:27017 to client view of cluster
[main] INFO org.mongodb.driver.client - MongoClient with metadata {"driver": {"name": "mongo-java-driver|sync", "version": "4.11.1"}, "os": {"type": "Windows", "name": "Windows 11", "architecture": "amd64", "version": "10.0"}, "platform": "Java/Oracle Corporation/25.0.1+8-LTS-27"} created with settings MongoClientSettings{readPreference=primary, writeConcern=WriteConcern{w=null, wTimeout=null ms, journal=null}, retryWrites=true, retryReads=true, readConcern=ReadConcern{level=null}, credential=MongoCredential{mechanism=null, userName='thais', source='admin', password=<hidden>, mechanismProperties=<hidden>}, transportSettings=null, streamFactoryFactory=null, commandListeners=[], codecRegistry=ProvidersCodecRegistry{codecProviders=[ValueCodecProvider{}, BsonValueCodecProvider{}, DBRefCodecProvider{}, DBObjectCodecProvider{}, DocumentCodecProvider{}, CollectionCodecProvider{}, IterableCodecProvider{}, MapCodecProvider{}, GeoJsonCodecProvider{}, GridFSFileCodecProvider{}, Jsr310CodecProvider{}, JsonObjectCodecProvider{}, BsonCodecProvider{}, EnumCodecProvider{}, com.mongodb.client.model.mql.ExpressionCodecProvider@25bcd0c7, com.mongodb.Jep395RecordCodecProvider@32cb636e, com.mongodb.KotlinCodecProvider@63cd604c]}, loggerSettings=LoggerSettings{maxDocumentLength=1000}, clusterSettings={hosts=[127.0.0.1:27017], srvHost=cluster0.9yfzmcp.mongodb.net, srvServiceName=mongodb, mode=MULTIPLE, requiredClusterType=REPLICA_SET, requiredReplicaSetName='atlas-kj8cju-shard-0', serverSelector='null', clusterListeners='[]', serverSelectionTimeout='30000 ms', localThreshold='15 ms'}, socketSettings=SocketSettings{connectTimeoutMS=10000, readTimeoutMS=0, receiveBufferSize=0, proxySettings=ProxySettings{host=null, port=null, username=null, password=null}}, heartbeatSocketSettings=SocketSettings{connectTimeoutMS=10000, readTimeoutMS=10000, receiveBufferSize=0, proxySettings=ProxySettings{host=null, port=null, username=null, password=null}}, connectionPoolSettings=ConnectionPoolSettings{maxSize=100, minSize=0, maxWaitTimeMS=120000, maxConnectionLifeTimeMS=0, maxConnectionIdleTimeMS=0, maintenanceInitialDelayMS=0, maintenanceFrequencyMS=60000, connectionPoolListeners=[], maxConnecting=2}, serverSettings=ServerSettings{heartbeatFrequencyMS=10000, minHeartbeatFrequencyMS=500, serverListeners='[]', serverMonitorListeners='[]'}, sslSettings=SslSettings{enabled=true, invalidHostNameAllowed=false, context=null}, applicationName='null', compressorList=[], uuidRepresentation=UNSPECIFIED, serverApi=null, autoEncryptionSettings=null, dnsClient=null, inetAddressResolver=null, contextProvider=null}
]]></system-err>
  </testcase>
  <testcase name="testDateFormated_NullInput" classname="ec.edu.espe.clinicmanagementsystem.utils.MongoManagerTest" time="0.022">
    <system-err><![CDATA[[cluster-ClusterId{value='69486ab1d7cff0065eb06846', description='null'}-srv-cluster0.9yfzmcp.mongodb.net] INFO org.mongodb.driver.cluster - Adding discovered server ac-7gfumvx-shard-00-01.9yfzmcp.mongodb.net:27017 to client view of cluster
[main] INFO org.mongodb.driver.client - MongoClient with metadata {"driver": {"name": "mongo-java-driver|sync", "version": "4.11.1"}, "os": {"type": "Windows", "name": "Windows 11", "architecture": "amd64", "version": "10.0"}, "platform": "Java/Oracle Corporation/25.0.1+8-LTS-27"} created with settings MongoClientSettings{readPreference=primary, writeConcern=WriteConcern{w=null, wTimeout=null ms, journal=null}, retryWrites=true, retryReads=true, readConcern=ReadConcern{level=null}, credential=MongoCredential{mechanism=null, userName='thais', source='admin', password=<hidden>, mechanismProperties=<hidden>}, transportSettings=null, streamFactoryFactory=null, commandListeners=[], codecRegistry=ProvidersCodecRegistry{codecProviders=[ValueCodecProvider{}, BsonValueCodecProvider{}, DBRefCodecProvider{}, DBObjectCodecProvider{}, DocumentCodecProvider{}, CollectionCodecProvider{}, IterableCodecProvider{}, MapCodecProvider{}, GeoJsonCodecProvider{}, GridFSFileCodecProvider{}, Jsr310CodecProvider{}, JsonObjectCodecProvider{}, BsonCodecProvider{}, EnumCodecProvider{}, com.mongodb.client.model.mql.ExpressionCodecProvider@25bcd0c7, com.mongodb.Jep395RecordCodecProvider@32cb636e, com.mongodb.KotlinCodecProvider@63cd604c]}, loggerSettings=LoggerSettings{maxDocumentLength=1000}, clusterSettings={hosts=[127.0.0.1:27017], srvHost=cluster0.9yfzmcp.mongodb.net, srvServiceName=mongodb, mode=MULTIPLE, requiredClusterType=REPLICA_SET, requiredReplicaSetName='atlas-kj8cju-shard-0', serverSelector='null', clusterListeners='[]', serverSelectionTimeout='30000 ms', localThreshold='15 ms'}, socketSettings=SocketSettings{connectTimeoutMS=10000, readTimeoutMS=0, receiveBufferSize=0, proxySettings=ProxySettings{host=null, port=null, username=null, password=null}}, heartbeatSocketSettings=SocketSettings{connectTimeoutMS=10000, readTimeoutMS=10000, receiveBufferSize=0, proxySettings=ProxySettings{host=null, port=null, username=null, password=null}}, connectionPoolSettings=ConnectionPoolSettings{maxSize=100, minSize=0, maxWaitTimeMS=120000, maxConnectionLifeTimeMS=0, maxConnectionIdleTimeMS=0, maintenanceInitialDelayMS=0, maintenanceFrequencyMS=60000, connectionPoolListeners=[], maxConnecting=2}, serverSettings=ServerSettings{heartbeatFrequencyMS=10000, minHeartbeatFrequencyMS=500, serverListeners='[]', serverMonitorListeners='[]'}, sslSettings=SslSettings{enabled=true, invalidHostNameAllowed=false, context=null}, applicationName='null', compressorList=[], uuidRepresentation=UNSPECIFIED, serverApi=null, autoEncryptionSettings=null, dnsClient=null, inetAddressResolver=null, contextProvider=null}
[cluster-ClusterId{value='69486ab1d7cff0065eb06846', description='null'}-srv-cluster0.9yfzmcp.mongodb.net] INFO org.mongodb.driver.cluster - Adding discovered server ac-7gfumvx-shard-00-00.9yfzmcp.mongodb.net:27017 to client view of cluster
[cluster-ClusterId{value='69486ab1d7cff0065eb06846', description='null'}-srv-cluster0.9yfzmcp.mongodb.net] INFO org.mongodb.driver.cluster - Adding discovered server ac-7gfumvx-shard-00-02.9yfzmcp.mongodb.net:27017 to client view of cluster
]]></system-err>
  </testcase>
  <testcase name="testDateFormated_WithDocumentTimeOnly" classname="ec.edu.espe.clinicmanagementsystem.utils.MongoManagerTest" time="0.027">
    <failure type="org.opentest4j.AssertionFailedError&#10;	at org.junit.jupiter.api.AssertionUtils.fail(AssertionUtils.java"><![CDATA[org.opentest4j.AssertionFailedError
	at org.junit.jupiter.api.AssertionUtils.fail(AssertionUtils.java:34)
	at org.junit.jupiter.api.Assertions.fail(Assertions.java:119)
	at ec.edu.espe.clinicmanagementsystem.utils.MongoManagerTest.testDateFormated_WithDocumentTimeOnly(MongoManagerTest.java:79)
	at java.base/java.lang.reflect.Method.invoke(Method.java:565)
	at java.base/java.util.ArrayList.forEach(ArrayList.java:1604)
	at java.base/java.util.ArrayList.forEach(ArrayList.java:1604)
]]></failure>
    <system-err><![CDATA[[cluster-ClusterId{value='69486ab1d7cff0065eb06847', description='null'}-srv-cluster0.9yfzmcp.mongodb.net] INFO org.mongodb.driver.cluster - Adding discovered server ac-7gfumvx-shard-00-01.9yfzmcp.mongodb.net:27017 to client view of cluster
[cluster-ClusterId{value='69486ab1d7cff0065eb06847', description='null'}-srv-cluster0.9yfzmcp.mongodb.net] INFO org.mongodb.driver.cluster - Adding discovered server ac-7gfumvx-shard-00-00.9yfzmcp.mongodb.net:27017 to client view of cluster
[cluster-ClusterId{value='69486ab1d7cff0065eb06847', description='null'}-srv-cluster0.9yfzmcp.mongodb.net] INFO org.mongodb.driver.cluster - Adding discovered server ac-7gfumvx-shard-00-02.9yfzmcp.mongodb.net:27017 to client view of cluster
[main] INFO org.mongodb.driver.client - MongoClient with metadata {"driver": {"name": "mongo-java-driver|sync", "version": "4.11.1"}, "os": {"type": "Windows", "name": "Windows 11", "architecture": "amd64", "version": "10.0"}, "platform": "Java/Oracle Corporation/25.0.1+8-LTS-27"} created with settings MongoClientSettings{readPreference=primary, writeConcern=WriteConcern{w=null, wTimeout=null ms, journal=null}, retryWrites=true, retryReads=true, readConcern=ReadConcern{level=null}, credential=MongoCredential{mechanism=null, userName='thais', source='admin', password=<hidden>, mechanismProperties=<hidden>}, transportSettings=null, streamFactoryFactory=null, commandListeners=[], codecRegistry=ProvidersCodecRegistry{codecProviders=[ValueCodecProvider{}, BsonValueCodecProvider{}, DBRefCodecProvider{}, DBObjectCodecProvider{}, DocumentCodecProvider{}, CollectionCodecProvider{}, IterableCodecProvider{}, MapCodecProvider{}, GeoJsonCodecProvider{}, GridFSFileCodecProvider{}, Jsr310CodecProvider{}, JsonObjectCodecProvider{}, BsonCodecProvider{}, EnumCodecProvider{}, com.mongodb.client.model.mql.ExpressionCodecProvider@25bcd0c7, com.mongodb.Jep395RecordCodecProvider@32cb636e, com.mongodb.KotlinCodecProvider@63cd604c]}, loggerSettings=LoggerSettings{maxDocumentLength=1000}, clusterSettings={hosts=[127.0.0.1:27017], srvHost=cluster0.9yfzmcp.mongodb.net, srvServiceName=mongodb, mode=MULTIPLE, requiredClusterType=REPLICA_SET, requiredReplicaSetName='atlas-kj8cju-shard-0', serverSelector='null', clusterListeners='[]', serverSelectionTimeout='30000 ms', localThreshold='15 ms'}, socketSettings=SocketSettings{connectTimeoutMS=10000, readTimeoutMS=0, receiveBufferSize=0, proxySettings=ProxySettings{host=null, port=null, username=null, password=null}}, heartbeatSocketSettings=SocketSettings{connectTimeoutMS=10000, readTimeoutMS=10000, receiveBufferSize=0, proxySettings=ProxySettings{host=null, port=null, username=null, password=null}}, connectionPoolSettings=ConnectionPoolSettings{maxSize=100, minSize=0, maxWaitTimeMS=120000, maxConnectionLifeTimeMS=0, maxConnectionIdleTimeMS=0, maintenanceInitialDelayMS=0, maintenanceFrequencyMS=60000, connectionPoolListeners=[], maxConnecting=2}, serverSettings=ServerSettings{heartbeatFrequencyMS=10000, minHeartbeatFrequencyMS=500, serverListeners='[]', serverMonitorListeners='[]'}, sslSettings=SslSettings{enabled=true, invalidHostNameAllowed=false, context=null}, applicationName='null', compressorList=[], uuidRepresentation=UNSPECIFIED, serverApi=null, autoEncryptionSettings=null, dnsClient=null, inetAddressResolver=null, contextProvider=null}
]]></system-err>
  </testcase>
  <testcase name="testFindById_InvalidHexId" classname="ec.edu.espe.clinicmanagementsystem.utils.MongoManagerTest" time="0.013">
    <system-err><![CDATA[[cluster-ClusterId{value='69486ab1d7cff0065eb06848', description='null'}-srv-cluster0.9yfzmcp.mongodb.net] INFO org.mongodb.driver.cluster - Adding discovered server ac-7gfumvx-shard-00-01.9yfzmcp.mongodb.net:27017 to client view of cluster
[cluster-ClusterId{value='69486ab1d7cff0065eb06848', description='null'}-srv-cluster0.9yfzmcp.mongodb.net] INFO org.mongodb.driver.cluster - Adding discovered server ac-7gfumvx-shard-00-00.9yfzmcp.mongodb.net:27017 to client view of cluster
[cluster-ClusterId{value='69486ab1d7cff0065eb06848', description='null'}-srv-cluster0.9yfzmcp.mongodb.net] INFO org.mongodb.driver.cluster - Adding discovered server ac-7gfumvx-shard-00-02.9yfzmcp.mongodb.net:27017 to client view of cluster
[main] INFO org.mongodb.driver.client - MongoClient with metadata {"driver": {"name": "mongo-java-driver|sync", "version": "4.11.1"}, "os": {"type": "Windows", "name": "Windows 11", "architecture": "amd64", "version": "10.0"}, "platform": "Java/Oracle Corporation/25.0.1+8-LTS-27"} created with settings MongoClientSettings{readPreference=primary, writeConcern=WriteConcern{w=null, wTimeout=null ms, journal=null}, retryWrites=true, retryReads=true, readConcern=ReadConcern{level=null}, credential=MongoCredential{mechanism=null, userName='thais', source='admin', password=<hidden>, mechanismProperties=<hidden>}, transportSettings=null, streamFactoryFactory=null, commandListeners=[], codecRegistry=ProvidersCodecRegistry{codecProviders=[ValueCodecProvider{}, BsonValueCodecProvider{}, DBRefCodecProvider{}, DBObjectCodecProvider{}, DocumentCodecProvider{}, CollectionCodecProvider{}, IterableCodecProvider{}, MapCodecProvider{}, GeoJsonCodecProvider{}, GridFSFileCodecProvider{}, Jsr310CodecProvider{}, JsonObjectCodecProvider{}, BsonCodecProvider{}, EnumCodecProvider{}, com.mongodb.client.model.mql.ExpressionCodecProvider@25bcd0c7, com.mongodb.Jep395RecordCodecProvider@32cb636e, com.mongodb.KotlinCodecProvider@63cd604c]}, loggerSettings=LoggerSettings{maxDocumentLength=1000}, clusterSettings={hosts=[127.0.0.1:27017], srvHost=cluster0.9yfzmcp.mongodb.net, srvServiceName=mongodb, mode=MULTIPLE, requiredClusterType=REPLICA_SET, requiredReplicaSetName='atlas-kj8cju-shard-0', serverSelector='null', clusterListeners='[]', serverSelectionTimeout='30000 ms', localThreshold='15 ms'}, socketSettings=SocketSettings{connectTimeoutMS=10000, readTimeoutMS=0, receiveBufferSize=0, proxySettings=ProxySettings{host=null, port=null, username=null, password=null}}, heartbeatSocketSettings=SocketSettings{connectTimeoutMS=10000, readTimeoutMS=10000, receiveBufferSize=0, proxySettings=ProxySettings{host=null, port=null, username=null, password=null}}, connectionPoolSettings=ConnectionPoolSettings{maxSize=100, minSize=0, maxWaitTimeMS=120000, maxConnectionLifeTimeMS=0, maxConnectionIdleTimeMS=0, maintenanceInitialDelayMS=0, maintenanceFrequencyMS=60000, connectionPoolListeners=[], maxConnecting=2}, serverSettings=ServerSettings{heartbeatFrequencyMS=10000, minHeartbeatFrequencyMS=500, serverListeners='[]', serverMonitorListeners='[]'}, sslSettings=SslSettings{enabled=true, invalidHostNameAllowed=false, context=null}, applicationName='null', compressorList=[], uuidRepresentation=UNSPECIFIED, serverApi=null, autoEncryptionSettings=null, dnsClient=null, inetAddressResolver=null, contextProvider=null}
El ID proporcionado no es válido: 123-invalid
]]></system-err>
  </testcase>
  <testcase name="testInsert_NotNullDocument" classname="ec.edu.espe.clinicmanagementsystem.utils.MongoManagerTest" time="1.806">
    <failure type="org.opentest4j.AssertionFailedError&#10;	at org.junit.jupiter.api.AssertionUtils.fail(AssertionUtils.java"><![CDATA[org.opentest4j.AssertionFailedError
	at org.junit.jupiter.api.AssertionUtils.fail(AssertionUtils.java:34)
	at org.junit.jupiter.api.Assertions.fail(Assertions.java:119)
	at ec.edu.espe.clinicmanagementsystem.utils.MongoManagerTest.testInsert_NotNullDocument(MongoManagerTest.java:99)
	at java.base/java.lang.reflect.Method.invoke(Method.java:565)
	at java.base/java.util.ArrayList.forEach(ArrayList.java:1604)
	at java.base/java.util.ArrayList.forEach(ArrayList.java:1604)
]]></failure>
    <system-out><![CDATA[Documento insertado correctamente en: testCollection
]]></system-out>
    <system-err><![CDATA[[cluster-ClusterId{value='69486ab1d7cff0065eb06849', description='null'}-srv-cluster0.9yfzmcp.mongodb.net] INFO org.mongodb.driver.cluster - Adding discovered server ac-7gfumvx-shard-00-01.9yfzmcp.mongodb.net:27017 to client view of cluster
[cluster-ClusterId{value='69486ab1d7cff0065eb06849', description='null'}-srv-cluster0.9yfzmcp.mongodb.net] INFO org.mongodb.driver.cluster - Adding discovered server ac-7gfumvx-shard-00-00.9yfzmcp.mongodb.net:27017 to client view of cluster
[cluster-ClusterId{value='69486ab1d7cff0065eb06849', description='null'}-srv-cluster0.9yfzmcp.mongodb.net] INFO org.mongodb.driver.cluster - Adding discovered server ac-7gfumvx-shard-00-02.9yfzmcp.mongodb.net:27017 to client view of cluster
[main] INFO org.mongodb.driver.client - MongoClient with metadata {"driver": {"name": "mongo-java-driver|sync", "version": "4.11.1"}, "os": {"type": "Windows", "name": "Windows 11", "architecture": "amd64", "version": "10.0"}, "platform": "Java/Oracle Corporation/25.0.1+8-LTS-27"} created with settings MongoClientSettings{readPreference=primary, writeConcern=WriteConcern{w=null, wTimeout=null ms, journal=null}, retryWrites=true, retryReads=true, readConcern=ReadConcern{level=null}, credential=MongoCredential{mechanism=null, userName='thais', source='admin', password=<hidden>, mechanismProperties=<hidden>}, transportSettings=null, streamFactoryFactory=null, commandListeners=[], codecRegistry=ProvidersCodecRegistry{codecProviders=[ValueCodecProvider{}, BsonValueCodecProvider{}, DBRefCodecProvider{}, DBObjectCodecProvider{}, DocumentCodecProvider{}, CollectionCodecProvider{}, IterableCodecProvider{}, MapCodecProvider{}, GeoJsonCodecProvider{}, GridFSFileCodecProvider{}, Jsr310CodecProvider{}, JsonObjectCodecProvider{}, BsonCodecProvider{}, EnumCodecProvider{}, com.mongodb.client.model.mql.ExpressionCodecProvider@25bcd0c7, com.mongodb.Jep395RecordCodecProvider@32cb636e, com.mongodb.KotlinCodecProvider@63cd604c]}, loggerSettings=LoggerSettings{maxDocumentLength=1000}, clusterSettings={hosts=[127.0.0.1:27017], srvHost=cluster0.9yfzmcp.mongodb.net, srvServiceName=mongodb, mode=MULTIPLE, requiredClusterType=REPLICA_SET, requiredReplicaSetName='atlas-kj8cju-shard-0', serverSelector='null', clusterListeners='[]', serverSelectionTimeout='30000 ms', localThreshold='15 ms'}, socketSettings=SocketSettings{connectTimeoutMS=10000, readTimeoutMS=0, receiveBufferSize=0, proxySettings=ProxySettings{host=null, port=null, username=null, password=null}}, heartbeatSocketSettings=SocketSettings{connectTimeoutMS=10000, readTimeoutMS=10000, receiveBufferSize=0, proxySettings=ProxySettings{host=null, port=null, username=null, password=null}}, connectionPoolSettings=ConnectionPoolSettings{maxSize=100, minSize=0, maxWaitTimeMS=120000, maxConnectionLifeTimeMS=0, maxConnectionIdleTimeMS=0, maintenanceInitialDelayMS=0, maintenanceFrequencyMS=60000, connectionPoolListeners=[], maxConnecting=2}, serverSettings=ServerSettings{heartbeatFrequencyMS=10000, minHeartbeatFrequencyMS=500, serverListeners='[]', serverMonitorListeners='[]'}, sslSettings=SslSettings{enabled=true, invalidHostNameAllowed=false, context=null}, applicationName='null', compressorList=[], uuidRepresentation=UNSPECIFIED, serverApi=null, autoEncryptionSettings=null, dnsClient=null, inetAddressResolver=null, contextProvider=null}
[cluster-ClusterId{value='69486ab1d7cff0065eb0684a', description='null'}-srv-cluster0.9yfzmcp.mongodb.net] INFO org.mongodb.driver.cluster - Adding discovered server ac-7gfumvx-shard-00-01.9yfzmcp.mongodb.net:27017 to client view of cluster
[cluster-ClusterId{value='69486ab1d7cff0065eb0684a', description='null'}-srv-cluster0.9yfzmcp.mongodb.net] INFO org.mongodb.driver.cluster - Adding discovered server ac-7gfumvx-shard-00-00.9yfzmcp.mongodb.net:27017 to client view of cluster
[cluster-ClusterId{value='69486ab1d7cff0065eb0684a', description='null'}-srv-cluster0.9yfzmcp.mongodb.net] INFO org.mongodb.driver.cluster - Adding discovered server ac-7gfumvx-shard-00-02.9yfzmcp.mongodb.net:27017 to client view of cluster
[main] INFO org.mongodb.driver.cluster - No server chosen by WritableServerSelector from cluster description ClusterDescription{type=REPLICA_SET, connectionMode=MULTIPLE, serverDescriptions=[ServerDescription{address=ac-7gfumvx-shard-00-00.9yfzmcp.mongodb.net:27017, type=UNKNOWN, state=CONNECTING}, ServerDescription{address=ac-7gfumvx-shard-00-02.9yfzmcp.mongodb.net:27017, type=UNKNOWN, state=CONNECTING}, ServerDescription{address=ac-7gfumvx-shard-00-01.9yfzmcp.mongodb.net:27017, type=UNKNOWN, state=CONNECTING}]}. Waiting for 30000 ms before timing out
[cluster-ClusterId{value='69486ab1d7cff0065eb06845', description='null'}-ac-7gfumvx-shard-00-02.9yfzmcp.mongodb.net:27017] INFO org.mongodb.driver.cluster - Monitor thread successfully connected to server with description ServerDescription{address=ac-7gfumvx-shard-00-02.9yfzmcp.mongodb.net:27017, type=REPLICA_SET_SECONDARY, state=CONNECTED, ok=true, minWireVersion=0, maxWireVersion=25, maxDocumentSize=16777216, logicalSessionTimeoutMinutes=30, roundTripTimeNanos=934505700, setName='atlas-kj8cju-shard-0', canonicalAddress=ac-7gfumvx-shard-00-02.9yfzmcp.mongodb.net:27017, hosts=[ac-7gfumvx-shard-00-00.9yfzmcp.mongodb.net:27017, ac-7gfumvx-shard-00-01.9yfzmcp.mongodb.net:27017, ac-7gfumvx-shard-00-02.9yfzmcp.mongodb.net:27017], passives=[], arbiters=[], primary='ac-7gfumvx-shard-00-01.9yfzmcp.mongodb.net:27017', tagSet=TagSet{[Tag{name='availabilityZone', value='use1-az2'}, Tag{name='diskState', value='READY'}, Tag{name='nodeType', value='ELECTABLE'}, Tag{name='provider', value='AWS'}, Tag{name='region', value='US_EAST_1'}, Tag{name='workloadType', value='OPERATIONAL'}]}, electionId=null, setVersion=129, topologyVersion=TopologyVersion{processId=6941bb14fa8cd52cdfc44510, counter=3}, lastWriteDate=Sun Dec 21 16:46:26 GMT-05:00 2025, lastUpdateTimeNanos=117490275814700}
[cluster-ClusterId{value='69486ab1d7cff0065eb06844', description='null'}-ac-7gfumvx-shard-00-02.9yfzmcp.mongodb.net:27017] INFO org.mongodb.driver.cluster - Monitor thread successfully connected to server with description ServerDescription{address=ac-7gfumvx-shard-00-02.9yfzmcp.mongodb.net:27017, type=REPLICA_SET_SECONDARY, state=CONNECTED, ok=true, minWireVersion=0, maxWireVersion=25, maxDocumentSize=16777216, logicalSessionTimeoutMinutes=30, roundTripTimeNanos=938178600, setName='atlas-kj8cju-shard-0', canonicalAddress=ac-7gfumvx-shard-00-02.9yfzmcp.mongodb.net:27017, hosts=[ac-7gfumvx-shard-00-00.9yfzmcp.mongodb.net:27017, ac-7gfumvx-shard-00-01.9yfzmcp.mongodb.net:27017, ac-7gfumvx-shard-00-02.9yfzmcp.mongodb.net:27017], passives=[], arbiters=[], primary='ac-7gfumvx-shard-00-01.9yfzmcp.mongodb.net:27017', tagSet=TagSet{[Tag{name='availabilityZone', value='use1-az2'}, Tag{name='diskState', value='READY'}, Tag{name='nodeType', value='ELECTABLE'}, Tag{name='provider', value='AWS'}, Tag{name='region', value='US_EAST_1'}, Tag{name='workloadType', value='OPERATIONAL'}]}, electionId=null, setVersion=129, topologyVersion=TopologyVersion{processId=6941bb14fa8cd52cdfc44510, counter=3}, lastWriteDate=Sun Dec 21 16:46:26 GMT-05:00 2025, lastUpdateTimeNanos=117490285877800}
[cluster-ClusterId{value='69486ab0d7cff0065eb06843', description='null'}-ac-7gfumvx-shard-00-00.9yfzmcp.mongodb.net:27017] INFO org.mongodb.driver.cluster - Monitor thread successfully connected to server with description ServerDescription{address=ac-7gfumvx-shard-00-00.9yfzmcp.mongodb.net:27017, type=REPLICA_SET_SECONDARY, state=CONNECTED, ok=true, minWireVersion=0, maxWireVersion=25, maxDocumentSize=16777216, logicalSessionTimeoutMinutes=30, roundTripTimeNanos=929036600, setName='atlas-kj8cju-shard-0', canonicalAddress=ac-7gfumvx-shard-00-00.9yfzmcp.mongodb.net:27017, hosts=[ac-7gfumvx-shard-00-00.9yfzmcp.mongodb.net:27017, ac-7gfumvx-shard-00-01.9yfzmcp.mongodb.net:27017, ac-7gfumvx-shard-00-02.9yfzmcp.mongodb.net:27017], passives=[], arbiters=[], primary='ac-7gfumvx-shard-00-01.9yfzmcp.mongodb.net:27017', tagSet=TagSet{[Tag{name='availabilityZone', value='use1-az6'}, Tag{name='diskState', value='READY'}, Tag{name='nodeType', value='ELECTABLE'}, Tag{name='provider', value='AWS'}, Tag{name='region', value='US_EAST_1'}, Tag{name='workloadType', value='OPERATIONAL'}]}, electionId=null, setVersion=129, topologyVersion=TopologyVersion{processId=6941ba75cf525038a0c6d1f2, counter=4}, lastWriteDate=Sun Dec 21 16:46:26 GMT-05:00 2025, lastUpdateTimeNanos=117490271397500}
[cluster-ClusterId{value='69486ab1d7cff0065eb06844', description='null'}-ac-7gfumvx-shard-00-01.9yfzmcp.mongodb.net:27017] INFO org.mongodb.driver.cluster - Monitor thread successfully connected to server with description ServerDescription{address=ac-7gfumvx-shard-00-01.9yfzmcp.mongodb.net:27017, type=REPLICA_SET_PRIMARY, state=CONNECTED, ok=true, minWireVersion=0, maxWireVersion=25, maxDocumentSize=16777216, logicalSessionTimeoutMinutes=30, roundTripTimeNanos=932060600, setName='atlas-kj8cju-shard-0', canonicalAddress=ac-7gfumvx-shard-00-01.9yfzmcp.mongodb.net:27017, hosts=[ac-7gfumvx-shard-00-00.9yfzmcp.mongodb.net:27017, ac-7gfumvx-shard-00-01.9yfzmcp.mongodb.net:27017, ac-7gfumvx-shard-00-02.9yfzmcp.mongodb.net:27017], passives=[], arbiters=[], primary='ac-7gfumvx-shard-00-01.9yfzmcp.mongodb.net:27017', tagSet=TagSet{[Tag{name='availabilityZone', value='use1-az1'}, Tag{name='diskState', value='READY'}, Tag{name='nodeType', value='ELECTABLE'}, Tag{name='provider', value='AWS'}, Tag{name='region', value='US_EAST_1'}, Tag{name='workloadType', value='OPERATIONAL'}]}, electionId=7fffffff00000000000001f9, setVersion=129, topologyVersion=TopologyVersion{processId=6941bac45dcb86c75ee09b0b, counter=6}, lastWriteDate=Sun Dec 21 16:46:26 GMT-05:00 2025, lastUpdateTimeNanos=117490269148500}
[cluster-ClusterId{value='69486ab1d7cff0065eb0684a', description='null'}-ac-7gfumvx-shard-00-01.9yfzmcp.mongodb.net:27017] INFO org.mongodb.driver.cluster - Monitor thread successfully connected to server with description ServerDescription{address=ac-7gfumvx-shard-00-01.9yfzmcp.mongodb.net:27017, type=REPLICA_SET_PRIMARY, state=CONNECTED, ok=true, minWireVersion=0, maxWireVersion=25, maxDocumentSize=16777216, logicalSessionTimeoutMinutes=30, roundTripTimeNanos=955442500, setName='atlas-kj8cju-shard-0', canonicalAddress=ac-7gfumvx-shard-00-01.9yfzmcp.mongodb.net:27017, hosts=[ac-7gfumvx-shard-00-00.9yfzmcp.mongodb.net:27017, ac-7gfumvx-shard-00-01.9yfzmcp.mongodb.net:27017, ac-7gfumvx-shard-00-02.9yfzmcp.mongodb.net:27017], passives=[], arbiters=[], primary='ac-7gfumvx-shard-00-01.9yfzmcp.mongodb.net:27017', tagSet=TagSet{[Tag{name='availabilityZone', value='use1-az1'}, Tag{name='diskState', value='READY'}, Tag{name='nodeType', value='ELECTABLE'}, Tag{name='provider', value='AWS'}, Tag{name='region', value='US_EAST_1'}, Tag{name='workloadType', value='OPERATIONAL'}]}, electionId=7fffffff00000000000001f9, setVersion=129, topologyVersion=TopologyVersion{processId=6941bac45dcb86c75ee09b0b, counter=6}, lastWriteDate=Sun Dec 21 16:46:26 GMT-05:00 2025, lastUpdateTimeNanos=117490299915600}
[cluster-ClusterId{value='69486ab1d7cff0065eb06848', description='null'}-ac-7gfumvx-shard-00-00.9yfzmcp.mongodb.net:27017] INFO org.mongodb.driver.cluster - Monitor thread successfully connected to server with description ServerDescription{address=ac-7gfumvx-shard-00-00.9yfzmcp.mongodb.net:27017, type=REPLICA_SET_SECONDARY, state=CONNECTED, ok=true, minWireVersion=0, maxWireVersion=25, maxDocumentSize=16777216, logicalSessionTimeoutMinutes=30, roundTripTimeNanos=939812200, setName='atlas-kj8cju-shard-0', canonicalAddress=ac-7gfumvx-shard-00-00.9yfzmcp.mongodb.net:27017, hosts=[ac-7gfumvx-shard-00-00.9yfzmcp.mongodb.net:27017, ac-7gfumvx-shard-00-01.9yfzmcp.mongodb.net:27017, ac-7gfumvx-shard-00-02.9yfzmcp.mongodb.net:27017], passives=[], arbiters=[], primary='ac-7gfumvx-shard-00-01.9yfzmcp.mongodb.net:27017', tagSet=TagSet{[Tag{name='availabilityZone', value='use1-az6'}, Tag{name='diskState', value='READY'}, Tag{name='nodeType', value='ELECTABLE'}, Tag{name='provider', value='AWS'}, Tag{name='region', value='US_EAST_1'}, Tag{name='workloadType', value='OPERATIONAL'}]}, electionId=null, setVersion=129, topologyVersion=TopologyVersion{processId=6941ba75cf525038a0c6d1f2, counter=4}, lastWriteDate=Sun Dec 21 16:46:26 GMT-05:00 2025, lastUpdateTimeNanos=117490279905700}
[cluster-ClusterId{value='69486ab1d7cff0065eb0684a', description='null'}-ac-7gfumvx-shard-00-00.9yfzmcp.mongodb.net:27017] INFO org.mongodb.driver.cluster - Monitor thread successfully connected to server with description ServerDescription{address=ac-7gfumvx-shard-00-00.9yfzmcp.mongodb.net:27017, type=REPLICA_SET_SECONDARY, state=CONNECTED, ok=true, minWireVersion=0, maxWireVersion=25, maxDocumentSize=16777216, logicalSessionTimeoutMinutes=30, roundTripTimeNanos=937751600, setName='atlas-kj8cju-shard-0', canonicalAddress=ac-7gfumvx-shard-00-00.9yfzmcp.mongodb.net:27017, hosts=[ac-7gfumvx-shard-00-00.9yfzmcp.mongodb.net:27017, ac-7gfumvx-shard-00-01.9yfzmcp.mongodb.net:27017, ac-7gfumvx-shard-00-02.9yfzmcp.mongodb.net:27017], passives=[], arbiters=[], primary='ac-7gfumvx-shard-00-01.9yfzmcp.mongodb.net:27017', tagSet=TagSet{[Tag{name='availabilityZone', value='use1-az6'}, Tag{name='diskState', value='READY'}, Tag{name='nodeType', value='ELECTABLE'}, Tag{name='provider', value='AWS'}, Tag{name='region', value='US_EAST_1'}, Tag{name='workloadType', value='OPERATIONAL'}]}, electionId=null, setVersion=129, topologyVersion=TopologyVersion{processId=6941ba75cf525038a0c6d1f2, counter=4}, lastWriteDate=Sun Dec 21 16:46:26 GMT-05:00 2025, lastUpdateTimeNanos=117490272164900}
[cluster-ClusterId{value='69486ab1d7cff0065eb06849', description='null'}-ac-7gfumvx-shard-00-00.9yfzmcp.mongodb.net:27017] INFO org.mongodb.driver.cluster - Monitor thread successfully connected to server with description ServerDescription{address=ac-7gfumvx-shard-00-00.9yfzmcp.mongodb.net:27017, type=REPLICA_SET_SECONDARY, state=CONNECTED, ok=true, minWireVersion=0, maxWireVersion=25, maxDocumentSize=16777216, logicalSessionTimeoutMinutes=30, roundTripTimeNanos=930756000, setName='atlas-kj8cju-shard-0', canonicalAddress=ac-7gfumvx-shard-00-00.9yfzmcp.mongodb.net:27017, hosts=[ac-7gfumvx-shard-00-00.9yfzmcp.mongodb.net:27017, ac-7gfumvx-shard-00-01.9yfzmcp.mongodb.net:27017, ac-7gfumvx-shard-00-02.9yfzmcp.mongodb.net:27017], passives=[], arbiters=[], primary='ac-7gfumvx-shard-00-01.9yfzmcp.mongodb.net:27017', tagSet=TagSet{[Tag{name='availabilityZone', value='use1-az6'}, Tag{name='diskState', value='READY'}, Tag{name='nodeType', value='ELECTABLE'}, Tag{name='provider', value='AWS'}, Tag{name='region', value='US_EAST_1'}, Tag{name='workloadType', value='OPERATIONAL'}]}, electionId=null, setVersion=129, topologyVersion=TopologyVersion{processId=6941ba75cf525038a0c6d1f2, counter=4}, lastWriteDate=Sun Dec 21 16:46:26 GMT-05:00 2025, lastUpdateTimeNanos=117490276966200}
[cluster-ClusterId{value='69486ab1d7cff0065eb06847', description='null'}-ac-7gfumvx-shard-00-00.9yfzmcp.mongodb.net:27017] INFO org.mongodb.driver.cluster - Monitor thread successfully connected to server with description ServerDescription{address=ac-7gfumvx-shard-00-00.9yfzmcp.mongodb.net:27017, type=REPLICA_SET_SECONDARY, state=CONNECTED, ok=true, minWireVersion=0, maxWireVersion=25, maxDocumentSize=16777216, logicalSessionTimeoutMinutes=30, roundTripTimeNanos=942747700, setName='atlas-kj8cju-shard-0', canonicalAddress=ac-7gfumvx-shard-00-00.9yfzmcp.mongodb.net:27017, hosts=[ac-7gfumvx-shard-00-00.9yfzmcp.mongodb.net:27017, ac-7gfumvx-shard-00-01.9yfzmcp.mongodb.net:27017, ac-7gfumvx-shard-00-02.9yfzmcp.mongodb.net:27017], passives=[], arbiters=[], primary='ac-7gfumvx-shard-00-01.9yfzmcp.mongodb.net:27017', tagSet=TagSet{[Tag{name='availabilityZone', value='use1-az6'}, Tag{name='diskState', value='READY'}, Tag{name='nodeType', value='ELECTABLE'}, Tag{name='provider', value='AWS'}, Tag{name='region', value='US_EAST_1'}, Tag{name='workloadType', value='OPERATIONAL'}]}, electionId=null, setVersion=129, topologyVersion=TopologyVersion{processId=6941ba75cf525038a0c6d1f2, counter=4}, lastWriteDate=Sun Dec 21 16:46:26 GMT-05:00 2025, lastUpdateTimeNanos=117490286051100}
[cluster-ClusterId{value='69486ab1d7cff0065eb06849', description='null'}-ac-7gfumvx-shard-00-02.9yfzmcp.mongodb.net:27017] INFO org.mongodb.driver.cluster - Monitor thread successfully connected to server with description ServerDescription{address=ac-7gfumvx-shard-00-02.9yfzmcp.mongodb.net:27017, type=REPLICA_SET_SECONDARY, state=CONNECTED, ok=true, minWireVersion=0, maxWireVersion=25, maxDocumentSize=16777216, logicalSessionTimeoutMinutes=30, roundTripTimeNanos=955341600, setName='atlas-kj8cju-shard-0', canonicalAddress=ac-7gfumvx-shard-00-02.9yfzmcp.mongodb.net:27017, hosts=[ac-7gfumvx-shard-00-00.9yfzmcp.mongodb.net:27017, ac-7gfumvx-shard-00-01.9yfzmcp.mongodb.net:27017, ac-7gfumvx-shard-00-02.9yfzmcp.mongodb.net:27017], passives=[], arbiters=[], primary='ac-7gfumvx-shard-00-01.9yfzmcp.mongodb.net:27017', tagSet=TagSet{[Tag{name='availabilityZone', value='use1-az2'}, Tag{name='diskState', value='READY'}, Tag{name='nodeType', value='ELECTABLE'}, Tag{name='provider', value='AWS'}, Tag{name='region', value='US_EAST_1'}, Tag{name='workloadType', value='OPERATIONAL'}]}, electionId=null, setVersion=129, topologyVersion=TopologyVersion{processId=6941bb14fa8cd52cdfc44510, counter=3}, lastWriteDate=Sun Dec 21 16:46:26 GMT-05:00 2025, lastUpdateTimeNanos=117490300091400}
[cluster-ClusterId{value='69486ab1d7cff0065eb06849', description='null'}-ac-7gfumvx-shard-00-01.9yfzmcp.mongodb.net:27017] INFO org.mongodb.driver.cluster - Monitor thread successfully connected to server with description ServerDescription{address=ac-7gfumvx-shard-00-01.9yfzmcp.mongodb.net:27017, type=REPLICA_SET_PRIMARY, state=CONNECTED, ok=true, minWireVersion=0, maxWireVersion=25, maxDocumentSize=16777216, logicalSessionTimeoutMinutes=30, roundTripTimeNanos=938658100, setName='atlas-kj8cju-shard-0', canonicalAddress=ac-7gfumvx-shard-00-01.9yfzmcp.mongodb.net:27017, hosts=[ac-7gfumvx-shard-00-00.9yfzmcp.mongodb.net:27017, ac-7gfumvx-shard-00-01.9yfzmcp.mongodb.net:27017, ac-7gfumvx-shard-00-02.9yfzmcp.mongodb.net:27017], passives=[], arbiters=[], primary='ac-7gfumvx-shard-00-01.9yfzmcp.mongodb.net:27017', tagSet=TagSet{[Tag{name='availabilityZone', value='use1-az1'}, Tag{name='diskState', value='READY'}, Tag{name='nodeType', value='ELECTABLE'}, Tag{name='provider', value='AWS'}, Tag{name='region', value='US_EAST_1'}, Tag{name='workloadType', value='OPERATIONAL'}]}, electionId=7fffffff00000000000001f9, setVersion=129, topologyVersion=TopologyVersion{processId=6941bac45dcb86c75ee09b0b, counter=6}, lastWriteDate=Sun Dec 21 16:46:26 GMT-05:00 2025, lastUpdateTimeNanos=117490282834600}
[cluster-ClusterId{value='69486ab1d7cff0065eb06847', description='null'}-ac-7gfumvx-shard-00-02.9yfzmcp.mongodb.net:27017] INFO org.mongodb.driver.cluster - Monitor thread successfully connected to server with description ServerDescription{address=ac-7gfumvx-shard-00-02.9yfzmcp.mongodb.net:27017, type=REPLICA_SET_SECONDARY, state=CONNECTED, ok=true, minWireVersion=0, maxWireVersion=25, maxDocumentSize=16777216, logicalSessionTimeoutMinutes=30, roundTripTimeNanos=915800100, setName='atlas-kj8cju-shard-0', canonicalAddress=ac-7gfumvx-shard-00-02.9yfzmcp.mongodb.net:27017, hosts=[ac-7gfumvx-shard-00-00.9yfzmcp.mongodb.net:27017, ac-7gfumvx-shard-00-01.9yfzmcp.mongodb.net:27017, ac-7gfumvx-shard-00-02.9yfzmcp.mongodb.net:27017], passives=[], arbiters=[], primary='ac-7gfumvx-shard-00-01.9yfzmcp.mongodb.net:27017', tagSet=TagSet{[Tag{name='availabilityZone', value='use1-az2'}, Tag{name='diskState', value='READY'}, Tag{name='nodeType', value='ELECTABLE'}, Tag{name='provider', value='AWS'}, Tag{name='region', value='US_EAST_1'}, Tag{name='workloadType', value='OPERATIONAL'}]}, electionId=null, setVersion=129, topologyVersion=TopologyVersion{processId=6941bb14fa8cd52cdfc44510, counter=3}, lastWriteDate=Sun Dec 21 16:46:26 GMT-05:00 2025, lastUpdateTimeNanos=117490268977900}
[cluster-ClusterId{value='69486ab1d7cff0065eb0684a', description='null'}-ac-7gfumvx-shard-00-02.9yfzmcp.mongodb.net:27017] INFO org.mongodb.driver.cluster - Monitor thread successfully connected to server with description ServerDescription{address=ac-7gfumvx-shard-00-02.9yfzmcp.mongodb.net:27017, type=REPLICA_SET_SECONDARY, state=CONNECTED, ok=true, minWireVersion=0, maxWireVersion=25, maxDocumentSize=16777216, logicalSessionTimeoutMinutes=30, roundTripTimeNanos=933168300, setName='atlas-kj8cju-shard-0', canonicalAddress=ac-7gfumvx-shard-00-02.9yfzmcp.mongodb.net:27017, hosts=[ac-7gfumvx-shard-00-00.9yfzmcp.mongodb.net:27017, ac-7gfumvx-shard-00-01.9yfzmcp.mongodb.net:27017, ac-7gfumvx-shard-00-02.9yfzmcp.mongodb.net:27017], passives=[], arbiters=[], primary='ac-7gfumvx-shard-00-01.9yfzmcp.mongodb.net:27017', tagSet=TagSet{[Tag{name='availabilityZone', value='use1-az2'}, Tag{name='diskState', value='READY'}, Tag{name='nodeType', value='ELECTABLE'}, Tag{name='provider', value='AWS'}, Tag{name='region', value='US_EAST_1'}, Tag{name='workloadType', value='OPERATIONAL'}]}, electionId=null, setVersion=129, topologyVersion=TopologyVersion{processId=6941bb14fa8cd52cdfc44510, counter=3}, lastWriteDate=Sun Dec 21 16:46:26 GMT-05:00 2025, lastUpdateTimeNanos=117490284379700}
[cluster-ClusterId{value='69486ab1d7cff0065eb06846', description='null'}-ac-7gfumvx-shard-00-01.9yfzmcp.mongodb.net:27017] INFO org.mongodb.driver.cluster - Monitor thread successfully connected to server with description ServerDescription{address=ac-7gfumvx-shard-00-01.9yfzmcp.mongodb.net:27017, type=REPLICA_SET_PRIMARY, state=CONNECTED, ok=true, minWireVersion=0, maxWireVersion=25, maxDocumentSize=16777216, logicalSessionTimeoutMinutes=30, roundTripTimeNanos=937293300, setName='atlas-kj8cju-shard-0', canonicalAddress=ac-7gfumvx-shard-00-01.9yfzmcp.mongodb.net:27017, hosts=[ac-7gfumvx-shard-00-00.9yfzmcp.mongodb.net:27017, ac-7gfumvx-shard-00-01.9yfzmcp.mongodb.net:27017, ac-7gfumvx-shard-00-02.9yfzmcp.mongodb.net:27017], passives=[], arbiters=[], primary='ac-7gfumvx-shard-00-01.9yfzmcp.mongodb.net:27017', tagSet=TagSet{[Tag{name='availabilityZone', value='use1-az1'}, Tag{name='diskState', value='READY'}, Tag{name='nodeType', value='ELECTABLE'}, Tag{name='provider', value='AWS'}, Tag{name='region', value='US_EAST_1'}, Tag{name='workloadType', value='OPERATIONAL'}]}, electionId=7fffffff00000000000001f9, setVersion=129, topologyVersion=TopologyVersion{processId=6941bac45dcb86c75ee09b0b, counter=6}, lastWriteDate=Sun Dec 21 16:46:26 GMT-05:00 2025, lastUpdateTimeNanos=117490277727900}
[cluster-ClusterId{value='69486ab1d7cff0065eb06846', description='null'}-ac-7gfumvx-shard-00-00.9yfzmcp.mongodb.net:27017] INFO org.mongodb.driver.cluster - Monitor thread successfully connected to server with description ServerDescription{address=ac-7gfumvx-shard-00-00.9yfzmcp.mongodb.net:27017, type=REPLICA_SET_SECONDARY, state=CONNECTED, ok=true, minWireVersion=0, maxWireVersion=25, maxDocumentSize=16777216, logicalSessionTimeoutMinutes=30, roundTripTimeNanos=933434300, setName='atlas-kj8cju-shard-0', canonicalAddress=ac-7gfumvx-shard-00-00.9yfzmcp.mongodb.net:27017, hosts=[ac-7gfumvx-shard-00-00.9yfzmcp.mongodb.net:27017, ac-7gfumvx-shard-00-01.9yfzmcp.mongodb.net:27017, ac-7gfumvx-shard-00-02.9yfzmcp.mongodb.net:27017], passives=[], arbiters=[], primary='ac-7gfumvx-shard-00-01.9yfzmcp.mongodb.net:27017', tagSet=TagSet{[Tag{name='availabilityZone', value='use1-az6'}, Tag{name='diskState', value='READY'}, Tag{name='nodeType', value='ELECTABLE'}, Tag{name='provider', value='AWS'}, Tag{name='region', value='US_EAST_1'}, Tag{name='workloadType', value='OPERATIONAL'}]}, electionId=null, setVersion=129, topologyVersion=TopologyVersion{processId=6941ba75cf525038a0c6d1f2, counter=4}, lastWriteDate=Sun Dec 21 16:46:26 GMT-05:00 2025, lastUpdateTimeNanos=117490278160800}
[cluster-ClusterId{value='69486ab1d7cff0065eb06848', description='null'}-ac-7gfumvx-shard-00-01.9yfzmcp.mongodb.net:27017] INFO org.mongodb.driver.cluster - Monitor thread successfully connected to server with description ServerDescription{address=ac-7gfumvx-shard-00-01.9yfzmcp.mongodb.net:27017, type=REPLICA_SET_PRIMARY, state=CONNECTED, ok=true, minWireVersion=0, maxWireVersion=25, maxDocumentSize=16777216, logicalSessionTimeoutMinutes=30, roundTripTimeNanos=937442400, setName='atlas-kj8cju-shard-0', canonicalAddress=ac-7gfumvx-shard-00-01.9yfzmcp.mongodb.net:27017, hosts=[ac-7gfumvx-shard-00-00.9yfzmcp.mongodb.net:27017, ac-7gfumvx-shard-00-01.9yfzmcp.mongodb.net:27017, ac-7gfumvx-shard-00-02.9yfzmcp.mongodb.net:27017], passives=[], arbiters=[], primary='ac-7gfumvx-shard-00-01.9yfzmcp.mongodb.net:27017', tagSet=TagSet{[Tag{name='availabilityZone', value='use1-az1'}, Tag{name='diskState', value='READY'}, Tag{name='nodeType', value='ELECTABLE'}, Tag{name='provider', value='AWS'}, Tag{name='region', value='US_EAST_1'}, Tag{name='workloadType', value='OPERATIONAL'}]}, electionId=7fffffff00000000000001f9, setVersion=129, topologyVersion=TopologyVersion{processId=6941bac45dcb86c75ee09b0b, counter=6}, lastWriteDate=Sun Dec 21 16:46:26 GMT-05:00 2025, lastUpdateTimeNanos=117490271735500}
[cluster-ClusterId{value='69486ab1d7cff0065eb06845', description='null'}-ac-7gfumvx-shard-00-00.9yfzmcp.mongodb.net:27017] INFO org.mongodb.driver.cluster - Monitor thread successfully connected to server with description ServerDescription{address=ac-7gfumvx-shard-00-00.9yfzmcp.mongodb.net:27017, type=REPLICA_SET_SECONDARY, state=CONNECTED, ok=true, minWireVersion=0, maxWireVersion=25, maxDocumentSize=16777216, logicalSessionTimeoutMinutes=30, roundTripTimeNanos=920134100, setName='atlas-kj8cju-shard-0', canonicalAddress=ac-7gfumvx-shard-00-00.9yfzmcp.mongodb.net:27017, hosts=[ac-7gfumvx-shard-00-00.9yfzmcp.mongodb.net:27017, ac-7gfumvx-shard-00-01.9yfzmcp.mongodb.net:27017, ac-7gfumvx-shard-00-02.9yfzmcp.mongodb.net:27017], passives=[], arbiters=[], primary='ac-7gfumvx-shard-00-01.9yfzmcp.mongodb.net:27017', tagSet=TagSet{[Tag{name='availabilityZone', value='use1-az6'}, Tag{name='diskState', value='READY'}, Tag{name='nodeType', value='ELECTABLE'}, Tag{name='provider', value='AWS'}, Tag{name='region', value='US_EAST_1'}, Tag{name='workloadType', value='OPERATIONAL'}]}, electionId=null, setVersion=129, topologyVersion=TopologyVersion{processId=6941ba75cf525038a0c6d1f2, counter=4}, lastWriteDate=Sun Dec 21 16:46:26 GMT-05:00 2025, lastUpdateTimeNanos=117490273687400}
[cluster-ClusterId{value='69486ab0d7cff0065eb06843', description='null'}-ac-7gfumvx-shard-00-02.9yfzmcp.mongodb.net:27017] INFO org.mongodb.driver.cluster - Monitor thread successfully connected to server with description ServerDescription{address=ac-7gfumvx-shard-00-02.9yfzmcp.mongodb.net:27017, type=REPLICA_SET_SECONDARY, state=CONNECTED, ok=true, minWireVersion=0, maxWireVersion=25, maxDocumentSize=16777216, logicalSessionTimeoutMinutes=30, roundTripTimeNanos=928691900, setName='atlas-kj8cju-shard-0', canonicalAddress=ac-7gfumvx-shard-00-02.9yfzmcp.mongodb.net:27017, hosts=[ac-7gfumvx-shard-00-00.9yfzmcp.mongodb.net:27017, ac-7gfumvx-shard-00-01.9yfzmcp.mongodb.net:27017, ac-7gfumvx-shard-00-02.9yfzmcp.mongodb.net:27017], passives=[], arbiters=[], primary='ac-7gfumvx-shard-00-01.9yfzmcp.mongodb.net:27017', tagSet=TagSet{[Tag{name='availabilityZone', value='use1-az2'}, Tag{name='diskState', value='READY'}, Tag{name='nodeType', value='ELECTABLE'}, Tag{name='provider', value='AWS'}, Tag{name='region', value='US_EAST_1'}, Tag{name='workloadType', value='OPERATIONAL'}]}, electionId=null, setVersion=129, topologyVersion=TopologyVersion{processId=6941bb14fa8cd52cdfc44510, counter=3}, lastWriteDate=Sun Dec 21 16:46:26 GMT-05:00 2025, lastUpdateTimeNanos=117490273662300}
[cluster-ClusterId{value='69486ab1d7cff0065eb06846', description='null'}-ac-7gfumvx-shard-00-02.9yfzmcp.mongodb.net:27017] INFO org.mongodb.driver.cluster - Monitor thread successfully connected to server with description ServerDescription{address=ac-7gfumvx-shard-00-02.9yfzmcp.mongodb.net:27017, type=REPLICA_SET_SECONDARY, state=CONNECTED, ok=true, minWireVersion=0, maxWireVersion=25, maxDocumentSize=16777216, logicalSessionTimeoutMinutes=30, roundTripTimeNanos=937671800, setName='atlas-kj8cju-shard-0', canonicalAddress=ac-7gfumvx-shard-00-02.9yfzmcp.mongodb.net:27017, hosts=[ac-7gfumvx-shard-00-00.9yfzmcp.mongodb.net:27017, ac-7gfumvx-shard-00-01.9yfzmcp.mongodb.net:27017, ac-7gfumvx-shard-00-02.9yfzmcp.mongodb.net:27017], passives=[], arbiters=[], primary='ac-7gfumvx-shard-00-01.9yfzmcp.mongodb.net:27017', tagSet=TagSet{[Tag{name='availabilityZone', value='use1-az2'}, Tag{name='diskState', value='READY'}, Tag{name='nodeType', value='ELECTABLE'}, Tag{name='provider', value='AWS'}, Tag{name='region', value='US_EAST_1'}, Tag{name='workloadType', value='OPERATIONAL'}]}, electionId=null, setVersion=129, topologyVersion=TopologyVersion{processId=6941bb14fa8cd52cdfc44510, counter=3}, lastWriteDate=Sun Dec 21 16:46:26 GMT-05:00 2025, lastUpdateTimeNanos=117490285772600}
[cluster-ClusterId{value='69486ab1d7cff0065eb06844', description='null'}-ac-7gfumvx-shard-00-00.9yfzmcp.mongodb.net:27017] INFO org.mongodb.driver.cluster - Monitor thread successfully connected to server with description ServerDescription{address=ac-7gfumvx-shard-00-00.9yfzmcp.mongodb.net:27017, type=REPLICA_SET_SECONDARY, state=CONNECTED, ok=true, minWireVersion=0, maxWireVersion=25, maxDocumentSize=16777216, logicalSessionTimeoutMinutes=30, roundTripTimeNanos=930662600, setName='atlas-kj8cju-shard-0', canonicalAddress=ac-7gfumvx-shard-00-00.9yfzmcp.mongodb.net:27017, hosts=[ac-7gfumvx-shard-00-00.9yfzmcp.mongodb.net:27017, ac-7gfumvx-shard-00-01.9yfzmcp.mongodb.net:27017, ac-7gfumvx-shard-00-02.9yfzmcp.mongodb.net:27017], passives=[], arbiters=[], primary='ac-7gfumvx-shard-00-01.9yfzmcp.mongodb.net:27017', tagSet=TagSet{[Tag{name='availabilityZone', value='use1-az6'}, Tag{name='diskState', value='READY'}, Tag{name='nodeType', value='ELECTABLE'}, Tag{name='provider', value='AWS'}, Tag{name='region', value='US_EAST_1'}, Tag{name='workloadType', value='OPERATIONAL'}]}, electionId=null, setVersion=129, topologyVersion=TopologyVersion{processId=6941ba75cf525038a0c6d1f2, counter=4}, lastWriteDate=Sun Dec 21 16:46:26 GMT-05:00 2025, lastUpdateTimeNanos=117490274617700}
[cluster-ClusterId{value='69486ab1d7cff0065eb06845', description='null'}-ac-7gfumvx-shard-00-01.9yfzmcp.mongodb.net:27017] INFO org.mongodb.driver.cluster - Monitor thread successfully connected to server with description ServerDescription{address=ac-7gfumvx-shard-00-01.9yfzmcp.mongodb.net:27017, type=REPLICA_SET_PRIMARY, state=CONNECTED, ok=true, minWireVersion=0, maxWireVersion=25, maxDocumentSize=16777216, logicalSessionTimeoutMinutes=30, roundTripTimeNanos=937201500, setName='atlas-kj8cju-shard-0', canonicalAddress=ac-7gfumvx-shard-00-01.9yfzmcp.mongodb.net:27017, hosts=[ac-7gfumvx-shard-00-00.9yfzmcp.mongodb.net:27017, ac-7gfumvx-shard-00-01.9yfzmcp.mongodb.net:27017, ac-7gfumvx-shard-00-02.9yfzmcp.mongodb.net:27017], passives=[], arbiters=[], primary='ac-7gfumvx-shard-00-01.9yfzmcp.mongodb.net:27017', tagSet=TagSet{[Tag{name='availabilityZone', value='use1-az1'}, Tag{name='diskState', value='READY'}, Tag{name='nodeType', value='ELECTABLE'}, Tag{name='provider', value='AWS'}, Tag{name='region', value='US_EAST_1'}, Tag{name='workloadType', value='OPERATIONAL'}]}, electionId=7fffffff00000000000001f9, setVersion=129, topologyVersion=TopologyVersion{processId=6941bac45dcb86c75ee09b0b, counter=6}, lastWriteDate=Sun Dec 21 16:46:26 GMT-05:00 2025, lastUpdateTimeNanos=117490277134500}
[cluster-ClusterId{value='69486ab1d7cff0065eb06847', description='null'}-ac-7gfumvx-shard-00-01.9yfzmcp.mongodb.net:27017] INFO org.mongodb.driver.cluster - Monitor thread successfully connected to server with description ServerDescription{address=ac-7gfumvx-shard-00-01.9yfzmcp.mongodb.net:27017, type=REPLICA_SET_PRIMARY, state=CONNECTED, ok=true, minWireVersion=0, maxWireVersion=25, maxDocumentSize=16777216, logicalSessionTimeoutMinutes=30, roundTripTimeNanos=938283100, setName='atlas-kj8cju-shard-0', canonicalAddress=ac-7gfumvx-shard-00-01.9yfzmcp.mongodb.net:27017, hosts=[ac-7gfumvx-shard-00-00.9yfzmcp.mongodb.net:27017, ac-7gfumvx-shard-00-01.9yfzmcp.mongodb.net:27017, ac-7gfumvx-shard-00-02.9yfzmcp.mongodb.net:27017], passives=[], arbiters=[], primary='ac-7gfumvx-shard-00-01.9yfzmcp.mongodb.net:27017', tagSet=TagSet{[Tag{name='availabilityZone', value='use1-az1'}, Tag{name='diskState', value='READY'}, Tag{name='nodeType', value='ELECTABLE'}, Tag{name='provider', value='AWS'}, Tag{name='region', value='US_EAST_1'}, Tag{name='workloadType', value='OPERATIONAL'}]}, electionId=7fffffff00000000000001f9, setVersion=129, topologyVersion=TopologyVersion{processId=6941bac45dcb86c75ee09b0b, counter=6}, lastWriteDate=Sun Dec 21 16:46:26 GMT-05:00 2025, lastUpdateTimeNanos=117490281667500}
[cluster-ClusterId{value='69486ab1d7cff0065eb06848', description='null'}-ac-7gfumvx-shard-00-02.9yfzmcp.mongodb.net:27017] INFO org.mongodb.driver.cluster - Monitor thread successfully connected to server with description ServerDescription{address=ac-7gfumvx-shard-00-02.9yfzmcp.mongodb.net:27017, type=REPLICA_SET_SECONDARY, state=CONNECTED, ok=true, minWireVersion=0, maxWireVersion=25, maxDocumentSize=16777216, logicalSessionTimeoutMinutes=30, roundTripTimeNanos=947718500, setName='atlas-kj8cju-shard-0', canonicalAddress=ac-7gfumvx-shard-00-02.9yfzmcp.mongodb.net:27017, hosts=[ac-7gfumvx-shard-00-00.9yfzmcp.mongodb.net:27017, ac-7gfumvx-shard-00-01.9yfzmcp.mongodb.net:27017, ac-7gfumvx-shard-00-02.9yfzmcp.mongodb.net:27017], passives=[], arbiters=[], primary='ac-7gfumvx-shard-00-01.9yfzmcp.mongodb.net:27017', tagSet=TagSet{[Tag{name='availabilityZone', value='use1-az2'}, Tag{name='diskState', value='READY'}, Tag{name='nodeType', value='ELECTABLE'}, Tag{name='provider', value='AWS'}, Tag{name='region', value='US_EAST_1'}, Tag{name='workloadType', value='OPERATIONAL'}]}, electionId=null, setVersion=129, topologyVersion=TopologyVersion{processId=6941bb14fa8cd52cdfc44510, counter=3}, lastWriteDate=Sun Dec 21 16:46:26 GMT-05:00 2025, lastUpdateTimeNanos=117490285173600}
[cluster-ClusterId{value='69486ab0d7cff0065eb06843', description='null'}-ac-7gfumvx-shard-00-01.9yfzmcp.mongodb.net:27017] INFO org.mongodb.driver.cluster - Monitor thread successfully connected to server with description ServerDescription{address=ac-7gfumvx-shard-00-01.9yfzmcp.mongodb.net:27017, type=REPLICA_SET_PRIMARY, state=CONNECTED, ok=true, minWireVersion=0, maxWireVersion=25, maxDocumentSize=16777216, logicalSessionTimeoutMinutes=30, roundTripTimeNanos=936902000, setName='atlas-kj8cju-shard-0', canonicalAddress=ac-7gfumvx-shard-00-01.9yfzmcp.mongodb.net:27017, hosts=[ac-7gfumvx-shard-00-00.9yfzmcp.mongodb.net:27017, ac-7gfumvx-shard-00-01.9yfzmcp.mongodb.net:27017, ac-7gfumvx-shard-00-02.9yfzmcp.mongodb.net:27017], passives=[], arbiters=[], primary='ac-7gfumvx-shard-00-01.9yfzmcp.mongodb.net:27017', tagSet=TagSet{[Tag{name='availabilityZone', value='use1-az1'}, Tag{name='diskState', value='READY'}, Tag{name='nodeType', value='ELECTABLE'}, Tag{name='provider', value='AWS'}, Tag{name='region', value='US_EAST_1'}, Tag{name='workloadType', value='OPERATIONAL'}]}, electionId=7fffffff00000000000001f9, setVersion=129, topologyVersion=TopologyVersion{processId=6941bac45dcb86c75ee09b0b, counter=6}, lastWriteDate=Sun Dec 21 16:46:26 GMT-05:00 2025, lastUpdateTimeNanos=117490283554100}
[cluster-ClusterId{value='69486ab1d7cff0065eb0684a', description='null'}-ac-7gfumvx-shard-00-01.9yfzmcp.mongodb.net:27017] INFO org.mongodb.driver.cluster - Discovered replica set primary ac-7gfumvx-shard-00-01.9yfzmcp.mongodb.net:27017 with max election id 7fffffff00000000000001f9 and max set version 129
[cluster-ClusterId{value='69486ab1d7cff0065eb06844', description='null'}-ac-7gfumvx-shard-00-01.9yfzmcp.mongodb.net:27017] INFO org.mongodb.driver.cluster - Discovered replica set primary ac-7gfumvx-shard-00-01.9yfzmcp.mongodb.net:27017 with max election id 7fffffff00000000000001f9 and max set version 129
[cluster-ClusterId{value='69486ab1d7cff0065eb06846', description='null'}-ac-7gfumvx-shard-00-01.9yfzmcp.mongodb.net:27017] INFO org.mongodb.driver.cluster - Discovered replica set primary ac-7gfumvx-shard-00-01.9yfzmcp.mongodb.net:27017 with max election id 7fffffff00000000000001f9 and max set version 129
[cluster-ClusterId{value='69486ab1d7cff0065eb06849', description='null'}-ac-7gfumvx-shard-00-01.9yfzmcp.mongodb.net:27017] INFO org.mongodb.driver.cluster - Discovered replica set primary ac-7gfumvx-shard-00-01.9yfzmcp.mongodb.net:27017 with max election id 7fffffff00000000000001f9 and max set version 129
[cluster-ClusterId{value='69486ab1d7cff0065eb06845', description='null'}-ac-7gfumvx-shard-00-01.9yfzmcp.mongodb.net:27017] INFO org.mongodb.driver.cluster - Discovered replica set primary ac-7gfumvx-shard-00-01.9yfzmcp.mongodb.net:27017 with max election id 7fffffff00000000000001f9 and max set version 129
[cluster-ClusterId{value='69486ab1d7cff0065eb06847', description='null'}-ac-7gfumvx-shard-00-01.9yfzmcp.mongodb.net:27017] INFO org.mongodb.driver.cluster - Discovered replica set primary ac-7gfumvx-shard-00-01.9yfzmcp.mongodb.net:27017 with max election id 7fffffff00000000000001f9 and max set version 129
[cluster-ClusterId{value='69486ab1d7cff0065eb06848', description='null'}-ac-7gfumvx-shard-00-01.9yfzmcp.mongodb.net:27017] INFO org.mongodb.driver.cluster - Discovered replica set primary ac-7gfumvx-shard-00-01.9yfzmcp.mongodb.net:27017 with max election id 7fffffff00000000000001f9 and max set version 129
[cluster-ClusterId{value='69486ab0d7cff0065eb06843', description='null'}-ac-7gfumvx-shard-00-01.9yfzmcp.mongodb.net:27017] INFO org.mongodb.driver.cluster - Discovered replica set primary ac-7gfumvx-shard-00-01.9yfzmcp.mongodb.net:27017 with max election id 7fffffff00000000000001f9 and max set version 129
]]></system-err>
  </testcase>
  <testcase name="testGetAll_ReturnsList" classname="ec.edu.espe.clinicmanagementsystem.utils.MongoManagerTest" time="0.77">
    <system-err><![CDATA[[main] INFO org.mongodb.driver.client - MongoClient with metadata {"driver": {"name": "mongo-java-driver|sync", "version": "4.11.1"}, "os": {"type": "Windows", "name": "Windows 11", "architecture": "amd64", "version": "10.0"}, "platform": "Java/Oracle Corporation/25.0.1+8-LTS-27"} created with settings MongoClientSettings{readPreference=primary, writeConcern=WriteConcern{w=null, wTimeout=null ms, journal=null}, retryWrites=true, retryReads=true, readConcern=ReadConcern{level=null}, credential=MongoCredential{mechanism=null, userName='thais', source='admin', password=<hidden>, mechanismProperties=<hidden>}, transportSettings=null, streamFactoryFactory=null, commandListeners=[], codecRegistry=ProvidersCodecRegistry{codecProviders=[ValueCodecProvider{}, BsonValueCodecProvider{}, DBRefCodecProvider{}, DBObjectCodecProvider{}, DocumentCodecProvider{}, CollectionCodecProvider{}, IterableCodecProvider{}, MapCodecProvider{}, GeoJsonCodecProvider{}, GridFSFileCodecProvider{}, Jsr310CodecProvider{}, JsonObjectCodecProvider{}, BsonCodecProvider{}, EnumCodecProvider{}, com.mongodb.client.model.mql.ExpressionCodecProvider@25bcd0c7, com.mongodb.Jep395RecordCodecProvider@32cb636e, com.mongodb.KotlinCodecProvider@63cd604c]}, loggerSettings=LoggerSettings{maxDocumentLength=1000}, clusterSettings={hosts=[127.0.0.1:27017], srvHost=cluster0.9yfzmcp.mongodb.net, srvServiceName=mongodb, mode=MULTIPLE, requiredClusterType=REPLICA_SET, requiredReplicaSetName='atlas-kj8cju-shard-0', serverSelector='null', clusterListeners='[]', serverSelectionTimeout='30000 ms', localThreshold='15 ms'}, socketSettings=SocketSettings{connectTimeoutMS=10000, readTimeoutMS=0, receiveBufferSize=0, proxySettings=ProxySettings{host=null, port=null, username=null, password=null}}, heartbeatSocketSettings=SocketSettings{connectTimeoutMS=10000, readTimeoutMS=10000, receiveBufferSize=0, proxySettings=ProxySettings{host=null, port=null, username=null, password=null}}, connectionPoolSettings=ConnectionPoolSettings{maxSize=100, minSize=0, maxWaitTimeMS=120000, maxConnectionLifeTimeMS=0, maxConnectionIdleTimeMS=0, maintenanceInitialDelayMS=0, maintenanceFrequencyMS=60000, connectionPoolListeners=[], maxConnecting=2}, serverSettings=ServerSettings{heartbeatFrequencyMS=10000, minHeartbeatFrequencyMS=500, serverListeners='[]', serverMonitorListeners='[]'}, sslSettings=SslSettings{enabled=true, invalidHostNameAllowed=false, context=null}, applicationName='null', compressorList=[], uuidRepresentation=UNSPECIFIED, serverApi=null, autoEncryptionSettings=null, dnsClient=null, inetAddressResolver=null, contextProvider=null}
[cluster-ClusterId{value='69486ab3d7cff0065eb0684c', description='null'}-srv-cluster0.9yfzmcp.mongodb.net] INFO org.mongodb.driver.cluster - Adding discovered server ac-7gfumvx-shard-00-01.9yfzmcp.mongodb.net:27017 to client view of cluster
[main] INFO org.mongodb.driver.cluster - No server chosen by ReadPreferenceServerSelector{readPreference=primary} from cluster description ClusterDescription{type=UNKNOWN, connectionMode=MULTIPLE, serverDescriptions=[]}. Waiting for 30000 ms before timing out
[cluster-ClusterId{value='69486ab3d7cff0065eb0684c', description='null'}-srv-cluster0.9yfzmcp.mongodb.net] INFO org.mongodb.driver.cluster - Adding discovered server ac-7gfumvx-shard-00-00.9yfzmcp.mongodb.net:27017 to client view of cluster
[cluster-ClusterId{value='69486ab3d7cff0065eb0684c', description='null'}-srv-cluster0.9yfzmcp.mongodb.net] INFO org.mongodb.driver.cluster - Adding discovered server ac-7gfumvx-shard-00-02.9yfzmcp.mongodb.net:27017 to client view of cluster
[cluster-ClusterId{value='69486ab3d7cff0065eb0684c', description='null'}-ac-7gfumvx-shard-00-01.9yfzmcp.mongodb.net:27017] INFO org.mongodb.driver.cluster - Monitor thread successfully connected to server with description ServerDescription{address=ac-7gfumvx-shard-00-01.9yfzmcp.mongodb.net:27017, type=REPLICA_SET_PRIMARY, state=CONNECTED, ok=true, minWireVersion=0, maxWireVersion=25, maxDocumentSize=16777216, logicalSessionTimeoutMinutes=30, roundTripTimeNanos=167933100, setName='atlas-kj8cju-shard-0', canonicalAddress=ac-7gfumvx-shard-00-01.9yfzmcp.mongodb.net:27017, hosts=[ac-7gfumvx-shard-00-00.9yfzmcp.mongodb.net:27017, ac-7gfumvx-shard-00-01.9yfzmcp.mongodb.net:27017, ac-7gfumvx-shard-00-02.9yfzmcp.mongodb.net:27017], passives=[], arbiters=[], primary='ac-7gfumvx-shard-00-01.9yfzmcp.mongodb.net:27017', tagSet=TagSet{[Tag{name='availabilityZone', value='use1-az1'}, Tag{name='diskState', value='READY'}, Tag{name='nodeType', value='ELECTABLE'}, Tag{name='provider', value='AWS'}, Tag{name='region', value='US_EAST_1'}, Tag{name='workloadType', value='OPERATIONAL'}]}, electionId=7fffffff00000000000001f9, setVersion=129, topologyVersion=TopologyVersion{processId=6941bac45dcb86c75ee09b0b, counter=6}, lastWriteDate=Sun Dec 21 16:46:27 GMT-05:00 2025, lastUpdateTimeNanos=117491211272100}
[cluster-ClusterId{value='69486ab3d7cff0065eb0684c', description='null'}-ac-7gfumvx-shard-00-01.9yfzmcp.mongodb.net:27017] INFO org.mongodb.driver.cluster - Discovered replica set primary ac-7gfumvx-shard-00-01.9yfzmcp.mongodb.net:27017 with max election id 7fffffff00000000000001f9 and max set version 129
[cluster-ClusterId{value='69486ab3d7cff0065eb0684c', description='null'}-ac-7gfumvx-shard-00-02.9yfzmcp.mongodb.net:27017] INFO org.mongodb.driver.cluster - Monitor thread successfully connected to server with description ServerDescription{address=ac-7gfumvx-shard-00-02.9yfzmcp.mongodb.net:27017, type=REPLICA_SET_SECONDARY, state=CONNECTED, ok=true, minWireVersion=0, maxWireVersion=25, maxDocumentSize=16777216, logicalSessionTimeoutMinutes=30, roundTripTimeNanos=168116000, setName='atlas-kj8cju-shard-0', canonicalAddress=ac-7gfumvx-shard-00-02.9yfzmcp.mongodb.net:27017, hosts=[ac-7gfumvx-shard-00-00.9yfzmcp.mongodb.net:27017, ac-7gfumvx-shard-00-01.9yfzmcp.mongodb.net:27017, ac-7gfumvx-shard-00-02.9yfzmcp.mongodb.net:27017], passives=[], arbiters=[], primary='ac-7gfumvx-shard-00-01.9yfzmcp.mongodb.net:27017', tagSet=TagSet{[Tag{name='availabilityZone', value='use1-az2'}, Tag{name='diskState', value='READY'}, Tag{name='nodeType', value='ELECTABLE'}, Tag{name='provider', value='AWS'}, Tag{name='region', value='US_EAST_1'}, Tag{name='workloadType', value='OPERATIONAL'}]}, electionId=null, setVersion=129, topologyVersion=TopologyVersion{processId=6941bb14fa8cd52cdfc44510, counter=3}, lastWriteDate=Sun Dec 21 16:46:27 GMT-05:00 2025, lastUpdateTimeNanos=117491212731700}
[cluster-ClusterId{value='69486ab3d7cff0065eb0684c', description='null'}-ac-7gfumvx-shard-00-00.9yfzmcp.mongodb.net:27017] INFO org.mongodb.driver.cluster - Monitor thread successfully connected to server with description ServerDescription{address=ac-7gfumvx-shard-00-00.9yfzmcp.mongodb.net:27017, type=REPLICA_SET_SECONDARY, state=CONNECTED, ok=true, minWireVersion=0, maxWireVersion=25, maxDocumentSize=16777216, logicalSessionTimeoutMinutes=30, roundTripTimeNanos=166537600, setName='atlas-kj8cju-shard-0', canonicalAddress=ac-7gfumvx-shard-00-00.9yfzmcp.mongodb.net:27017, hosts=[ac-7gfumvx-shard-00-00.9yfzmcp.mongodb.net:27017, ac-7gfumvx-shard-00-01.9yfzmcp.mongodb.net:27017, ac-7gfumvx-shard-00-02.9yfzmcp.mongodb.net:27017], passives=[], arbiters=[], primary='ac-7gfumvx-shard-00-01.9yfzmcp.mongodb.net:27017', tagSet=TagSet{[Tag{name='availabilityZone', value='use1-az6'}, Tag{name='diskState', value='READY'}, Tag{name='nodeType', value='ELECTABLE'}, Tag{name='provider', value='AWS'}, Tag{name='region', value='US_EAST_1'}, Tag{name='workloadType', value='OPERATIONAL'}]}, electionId=null, setVersion=129, topologyVersion=TopologyVersion{processId=6941ba75cf525038a0c6d1f2, counter=4}, lastWriteDate=Sun Dec 21 16:46:27 GMT-05:00 2025, lastUpdateTimeNanos=117491213365300}
]]></system-err>
  </testcase>
  <testcase name="testClose_DoesNotThrow" classname="ec.edu.espe.clinicmanagementsystem.utils.MongoManagerTest" time="0.008">
    <system-out><![CDATA[Conexión cerrada.
]]></system-out>
    <system-err><![CDATA[[main] INFO org.mongodb.driver.client - MongoClient with metadata {"driver": {"name": "mongo-java-driver|sync", "version": "4.11.1"}, "os": {"type": "Windows", "name": "Windows 11", "architecture": "amd64", "version": "10.0"}, "platform": "Java/Oracle Corporation/25.0.1+8-LTS-27"} created with settings MongoClientSettings{readPreference=primary, writeConcern=WriteConcern{w=null, wTimeout=null ms, journal=null}, retryWrites=true, retryReads=true, readConcern=ReadConcern{level=null}, credential=MongoCredential{mechanism=null, userName='thais', source='admin', password=<hidden>, mechanismProperties=<hidden>}, transportSettings=null, streamFactoryFactory=null, commandListeners=[], codecRegistry=ProvidersCodecRegistry{codecProviders=[ValueCodecProvider{}, BsonValueCodecProvider{}, DBRefCodecProvider{}, DBObjectCodecProvider{}, DocumentCodecProvider{}, CollectionCodecProvider{}, IterableCodecProvider{}, MapCodecProvider{}, GeoJsonCodecProvider{}, GridFSFileCodecProvider{}, Jsr310CodecProvider{}, JsonObjectCodecProvider{}, BsonCodecProvider{}, EnumCodecProvider{}, com.mongodb.client.model.mql.ExpressionCodecProvider@25bcd0c7, com.mongodb.Jep395RecordCodecProvider@32cb636e, com.mongodb.KotlinCodecProvider@63cd604c]}, loggerSettings=LoggerSettings{maxDocumentLength=1000}, clusterSettings={hosts=[127.0.0.1:27017], srvHost=cluster0.9yfzmcp.mongodb.net, srvServiceName=mongodb, mode=MULTIPLE, requiredClusterType=REPLICA_SET, requiredReplicaSetName='atlas-kj8cju-shard-0', serverSelector='null', clusterListeners='[]', serverSelectionTimeout='30000 ms', localThreshold='15 ms'}, socketSettings=SocketSettings{connectTimeoutMS=10000, readTimeoutMS=0, receiveBufferSize=0, proxySettings=ProxySettings{host=null, port=null, username=null, password=null}}, heartbeatSocketSettings=SocketSettings{connectTimeoutMS=10000, readTimeoutMS=10000, receiveBufferSize=0, proxySettings=ProxySettings{host=null, port=null, username=null, password=null}}, connectionPoolSettings=ConnectionPoolSettings{maxSize=100, minSize=0, maxWaitTimeMS=120000, maxConnectionLifeTimeMS=0, maxConnectionIdleTimeMS=0, maintenanceInitialDelayMS=0, maintenanceFrequencyMS=60000, connectionPoolListeners=[], maxConnecting=2}, serverSettings=ServerSettings{heartbeatFrequencyMS=10000, minHeartbeatFrequencyMS=500, serverListeners='[]', serverMonitorListeners='[]'}, sslSettings=SslSettings{enabled=true, invalidHostNameAllowed=false, context=null}, applicationName='null', compressorList=[], uuidRepresentation=UNSPECIFIED, serverApi=null, autoEncryptionSettings=null, dnsClient=null, inetAddressResolver=null, contextProvider=null}
]]></system-err>
  </testcase>
  <testcase name="testCreateDateDocument_NullDate" classname="ec.edu.espe.clinicmanagementsystem.utils.MongoManagerTest" time="0.005">
    <system-err><![CDATA[Exception in thread "cluster-ClusterId{value='69486ab3d7cff0065eb0684d', description='null'}-srv-cluster0.9yfzmcp.mongodb.net" com.mongodb.MongoInterruptedException: Interrupted waiting for lock
	at com.mongodb.internal.thread.InterruptionUtil.interruptAndCreateMongoInterruptedException(InterruptionUtil.java:41)
	at com.mongodb.internal.Locks.lockInterruptibly(Locks.java:76)
	at com.mongodb.internal.Locks.checkedWithInterruptibleLock(Locks.java:64)
	at com.mongodb.internal.Locks.withInterruptibleLock(Locks.java:59)
	at com.mongodb.internal.Locks.withInterruptibleLock(Locks.java:52)
	at com.mongodb.internal.connection.BaseCluster.withLock(BaseCluster.java:226)
	at com.mongodb.internal.connection.AbstractMultiServerCluster.withLock(AbstractMultiServerCluster.java:54)
	at com.mongodb.internal.connection.AbstractMultiServerCluster.initialize(AbstractMultiServerCluster.java:96)
	at com.mongodb.internal.connection.DnsMultiServerCluster$1.initialize(DnsMultiServerCluster.java:77)
	at com.mongodb.internal.connection.DefaultDnsSrvRecordMonitor$DnsSrvRecordMonitorRunnable.run(DefaultDnsSrvRecordMonitor.java:97)
	at java.base/java.lang.Thread.run(Thread.java:1474)
Caused by: java.lang.InterruptedException
	at java.base/java.util.concurrent.locks.ReentrantLock$Sync.lockInterruptibly(ReentrantLock.java:160)
	at java.base/java.util.concurrent.locks.ReentrantLock.lockInterruptibly(ReentrantLock.java:373)
	at com.mongodb.internal.Locks.lockInterruptibly(Locks.java:74)
	... 9 more
[main] INFO org.mongodb.driver.client - MongoClient with metadata {"driver": {"name": "mongo-java-driver|sync", "version": "4.11.1"}, "os": {"type": "Windows", "name": "Windows 11", "architecture": "amd64", "version": "10.0"}, "platform": "Java/Oracle Corporation/25.0.1+8-LTS-27"} created with settings MongoClientSettings{readPreference=primary, writeConcern=WriteConcern{w=null, wTimeout=null ms, journal=null}, retryWrites=true, retryReads=true, readConcern=ReadConcern{level=null}, credential=MongoCredential{mechanism=null, userName='thais', source='admin', password=<hidden>, mechanismProperties=<hidden>}, transportSettings=null, streamFactoryFactory=null, commandListeners=[], codecRegistry=ProvidersCodecRegistry{codecProviders=[ValueCodecProvider{}, BsonValueCodecProvider{}, DBRefCodecProvider{}, DBObjectCodecProvider{}, DocumentCodecProvider{}, CollectionCodecProvider{}, IterableCodecProvider{}, MapCodecProvider{}, GeoJsonCodecProvider{}, GridFSFileCodecProvider{}, Jsr310CodecProvider{}, JsonObjectCodecProvider{}, BsonCodecProvider{}, EnumCodecProvider{}, com.mongodb.client.model.mql.ExpressionCodecProvider@25bcd0c7, com.mongodb.Jep395RecordCodecProvider@32cb636e, com.mongodb.KotlinCodecProvider@63cd604c]}, loggerSettings=LoggerSettings{maxDocumentLength=1000}, clusterSettings={hosts=[127.0.0.1:27017], srvHost=cluster0.9yfzmcp.mongodb.net, srvServiceName=mongodb, mode=MULTIPLE, requiredClusterType=REPLICA_SET, requiredReplicaSetName='atlas-kj8cju-shard-0', serverSelector='null', clusterListeners='[]', serverSelectionTimeout='30000 ms', localThreshold='15 ms'}, socketSettings=SocketSettings{connectTimeoutMS=10000, readTimeoutMS=0, receiveBufferSize=0, proxySettings=ProxySettings{host=null, port=null, username=null, password=null}}, heartbeatSocketSettings=SocketSettings{connectTimeoutMS=10000, readTimeoutMS=10000, receiveBufferSize=0, proxySettings=ProxySettings{host=null, port=null, username=null, password=null}}, connectionPoolSettings=ConnectionPoolSettings{maxSize=100, minSize=0, maxWaitTimeMS=120000, maxConnectionLifeTimeMS=0, maxConnectionIdleTimeMS=0, maintenanceInitialDelayMS=0, maintenanceFrequencyMS=60000, connectionPoolListeners=[], maxConnecting=2}, serverSettings=ServerSettings{heartbeatFrequencyMS=10000, minHeartbeatFrequencyMS=500, serverListeners='[]', serverMonitorListeners='[]'}, sslSettings=SslSettings{enabled=true, invalidHostNameAllowed=false, context=null}, applicationName='null', compressorList=[], uuidRepresentation=UNSPECIFIED, serverApi=null, autoEncryptionSettings=null, dnsClient=null, inetAddressResolver=null, contextProvider=null}
]]></system-err>
  </testcase>
</testsuite>