<?xml version="1.0" encoding="UTF-8"?>
<testsuite xmlns:xsi="http://www.w3.org/2001/XMLSchema-instance" xsi:noNamespaceSchemaLocation="https://maven.apache.org/surefire/maven-surefire-plugin/xsd/surefire-test-report-3.0.xsd" version="3.0" name="ec.edu.espe.clinicmanagementsystem.view.FrmLogInReceptionistTest" time="0.431" tests="11" errors="0" skipped="0" failures="2">
  <properties>
    <property name="java.specification.version" value="25"/>
    <property name="sun.cpu.isalist" value="amd64"/>
    <property name="sun.jnu.encoding" value="Cp1252"/>
    <property name="sun.awt.enableExtraMouseButtons" value="true"/>
    <property name="java.class.path" value="C:\Users\ADRIAN TOAPANTA\T6_OPP_Clinic-Management-System\05UnitTest\clinicManagementSystem\target\test-classes;C:\Users\ADRIAN TOAPANTA\T6_OPP_Clinic-Management-System\05UnitTest\clinicManagementSystem\target\classes;C:\Users\ADRIAN TOAPANTA\.m2\repository\com\toedter\jcalendar\1.4\jcalendar-1.4.jar;C:\Users\ADRIAN TOAPANTA\.m2\repository\org\json\json\20240303\json-20240303.jar;C:\Users\ADRIAN TOAPANTA\.m2\repository\com\google\code\gson\gson\2.10.1\gson-2.10.1.jar;C:\Users\ADRIAN TOAPANTA\.m2\repository\org\mongodb\mongodb-driver-sync\4.11.1\mongodb-driver-sync-4.11.1.jar;C:\Users\ADRIAN TOAPANTA\.m2\repository\org\mongodb\bson\4.11.1\bson-4.11.1.jar;C:\Users\ADRIAN TOAPANTA\.m2\repository\org\mongodb\mongodb-driver-core\4.11.1\mongodb-driver-core-4.11.1.jar;C:\Users\ADRIAN TOAPANTA\.m2\repository\org\mongodb\bson-record-codec\4.11.1\bson-record-codec-4.11.1.jar;C:\Users\ADRIAN TOAPANTA\.m2\repository\org\slf4j\slf4j-api\2.0.7\slf4j-api-2.0.7.jar;C:\Users\ADRIAN TOAPANTA\.m2\repository\org\slf4j\slf4j-simple\2.0.7\slf4j-simple-2.0.7.jar;C:\Users\ADRIAN TOAPANTA\.m2\repository\org\junit\jupiter\junit-jupiter-api\5.10.3\junit-jupiter-api-5.10.3.jar;C:\Users\ADRIAN TOAPANTA\.m2\repository\org\opentest4j\opentest4j\1.3.0\opentest4j-1.3.0.jar;C:\Users\ADRIAN TOAPANTA\.m2\repository\org\junit\platform\junit-platform-commons\1.10.3\junit-platform-commons-1.10.3.jar;C:\Users\ADRIAN TOAPANTA\.m2\repository\org\apiguardian\apiguardian-api\1.1.2\apiguardian-api-1.1.2.jar;C:\Users\ADRIAN TOAPANTA\.m2\repository\org\junit\jupiter\junit-jupiter-engine\5.10.3\junit-jupiter-engine-5.10.3.jar;C:\Users\ADRIAN TOAPANTA\.m2\repository\org\junit\platform\junit-platform-engine\1.10.3\junit-platform-engine-1.10.3.jar;C:\Users\ADRIAN TOAPANTA\.m2\repository\org\mockito\mockito-core\5.5.0\mockito-core-5.5.0.jar;C:\Users\ADRIAN TOAPANTA\.m2\repository\net\bytebuddy\byte-buddy\1.14.6\byte-buddy-1.14.6.jar;C:\Users\ADRIAN TOAPANTA\.m2\repository\net\bytebuddy\byte-buddy-agent\1.14.6\byte-buddy-agent-1.14.6.jar;C:\Users\ADRIAN TOAPANTA\.m2\repository\org\objenesis\objenesis\3.3\objenesis-3.3.jar;C:\Users\ADRIAN TOAPANTA\.m2\repository\org\assertj\assertj-swing-junit\3.17.1\assertj-swing-junit-3.17.1.jar;C:\Users\ADRIAN TOAPANTA\.m2\repository\junit\junit\4.12\junit-4.12.jar;C:\Users\ADRIAN TOAPANTA\.m2\repository\org\hamcrest\hamcrest-core\1.3\hamcrest-core-1.3.jar;C:\Users\ADRIAN TOAPANTA\.m2\repository\org\assertj\assertj-swing\3.17.1\assertj-swing-3.17.1.jar;C:\Users\ADRIAN TOAPANTA\.m2\repository\org\assertj\assertj-core\3.17.2\assertj-core-3.17.2.jar;C:\Users\ADRIAN TOAPANTA\.m2\repository\org\easytesting\fest-util\1.2.5\fest-util-1.2.5.jar;C:\Users\ADRIAN TOAPANTA\.m2\repository\org\easytesting\fest-reflect\1.4.1\fest-reflect-1.4.1.jar;C:\Users\ADRIAN TOAPANTA\.m2\repository\org\junit\jupiter\junit-jupiter-params\5.10.3\junit-jupiter-params-5.10.3.jar;"/>
    <property name="java.vm.vendor" value="Oracle Corporation"/>
    <property name="sun.arch.data.model" value="64"/>
    <property name="user.variant" value=""/>
    <property name="java.vendor.url" value="https://java.oracle.com/"/>
    <property name="user.timezone" value="America/Guayaquil"/>
    <property name="os.name" value="Windows 11"/>
    <property name="java.vm.specification.version" value="25"/>
    <property name="user.country" value="EC"/>
    <property name="sun.java.launcher" value="SUN_STANDARD"/>
    <property name="sun.boot.library.path" value="C:\Program Files\Java\jdk-25\bin"/>
    <property name="sun.java.command" value="C:\Users\ADRIAN TOAPANTA\AppData\Local\Temp\surefire11680747653720173771\surefirebooter-20251221180222886_3.jar C:\Users\ADRIAN TOAPANTA\AppData\Local\Temp\surefire11680747653720173771 2025-12-21T18-02-22_800-jvmRun1 surefire-20251221180222886_1tmp surefire_0-20251221180222886_2tmp"/>
    <property name="jdk.debug" value="release"/>
    <property name="test" value="ec.edu.espe.clinicmanagementsystem.view.FrmLogInReceptionistTest"/>
    <property name="surefire.test.class.path" value="C:\Users\ADRIAN TOAPANTA\T6_OPP_Clinic-Management-System\05UnitTest\clinicManagementSystem\target\test-classes;C:\Users\ADRIAN TOAPANTA\T6_OPP_Clinic-Management-System\05UnitTest\clinicManagementSystem\target\classes;C:\Users\ADRIAN TOAPANTA\.m2\repository\com\toedter\jcalendar\1.4\jcalendar-1.4.jar;C:\Users\ADRIAN TOAPANTA\.m2\repository\org\json\json\20240303\json-20240303.jar;C:\Users\ADRIAN TOAPANTA\.m2\repository\com\google\code\gson\gson\2.10.1\gson-2.10.1.jar;C:\Users\ADRIAN TOAPANTA\.m2\repository\org\mongodb\mongodb-driver-sync\4.11.1\mongodb-driver-sync-4.11.1.jar;C:\Users\ADRIAN TOAPANTA\.m2\repository\org\mongodb\bson\4.11.1\bson-4.11.1.jar;C:\Users\ADRIAN TOAPANTA\.m2\repository\org\mongodb\mongodb-driver-core\4.11.1\mongodb-driver-core-4.11.1.jar;C:\Users\ADRIAN TOAPANTA\.m2\repository\org\mongodb\bson-record-codec\4.11.1\bson-record-codec-4.11.1.jar;C:\Users\ADRIAN TOAPANTA\.m2\repository\org\slf4j\slf4j-api\2.0.7\slf4j-api-2.0.7.jar;C:\Users\ADRIAN TOAPANTA\.m2\repository\org\slf4j\slf4j-simple\2.0.7\slf4j-simple-2.0.7.jar;C:\Users\ADRIAN TOAPANTA\.m2\repository\org\junit\jupiter\junit-jupiter-api\5.10.3\junit-jupiter-api-5.10.3.jar;C:\Users\ADRIAN TOAPANTA\.m2\repository\org\opentest4j\opentest4j\1.3.0\opentest4j-1.3.0.jar;C:\Users\ADRIAN TOAPANTA\.m2\repository\org\junit\platform\junit-platform-commons\1.10.3\junit-platform-commons-1.10.3.jar;C:\Users\ADRIAN TOAPANTA\.m2\repository\org\apiguardian\apiguardian-api\1.1.2\apiguardian-api-1.1.2.jar;C:\Users\ADRIAN TOAPANTA\.m2\repository\org\junit\jupiter\junit-jupiter-engine\5.10.3\junit-jupiter-engine-5.10.3.jar;C:\Users\ADRIAN TOAPANTA\.m2\repository\org\junit\platform\junit-platform-engine\1.10.3\junit-platform-engine-1.10.3.jar;C:\Users\ADRIAN TOAPANTA\.m2\repository\org\mockito\mockito-core\5.5.0\mockito-core-5.5.0.jar;C:\Users\ADRIAN TOAPANTA\.m2\repository\net\bytebuddy\byte-buddy\1.14.6\byte-buddy-1.14.6.jar;C:\Users\ADRIAN TOAPANTA\.m2\repository\net\bytebuddy\byte-buddy-agent\1.14.6\byte-buddy-agent-1.14.6.jar;C:\Users\ADRIAN TOAPANTA\.m2\repository\org\objenesis\objenesis\3.3\objenesis-3.3.jar;C:\Users\ADRIAN TOAPANTA\.m2\repository\org\assertj\assertj-swing-junit\3.17.1\assertj-swing-junit-3.17.1.jar;C:\Users\ADRIAN TOAPANTA\.m2\repository\junit\junit\4.12\junit-4.12.jar;C:\Users\ADRIAN TOAPANTA\.m2\repository\org\hamcrest\hamcrest-core\1.3\hamcrest-core-1.3.jar;C:\Users\ADRIAN TOAPANTA\.m2\repository\org\assertj\assertj-swing\3.17.1\assertj-swing-3.17.1.jar;C:\Users\ADRIAN TOAPANTA\.m2\repository\org\assertj\assertj-core\3.17.2\assertj-core-3.17.2.jar;C:\Users\ADRIAN TOAPANTA\.m2\repository\org\easytesting\fest-util\1.2.5\fest-util-1.2.5.jar;C:\Users\ADRIAN TOAPANTA\.m2\repository\org\easytesting\fest-reflect\1.4.1\fest-reflect-1.4.1.jar;C:\Users\ADRIAN TOAPANTA\.m2\repository\org\junit\jupiter\junit-jupiter-params\5.10.3\junit-jupiter-params-5.10.3.jar;"/>
    <property name="sun.cpu.endian" value="little"/>
    <property name="user.home" value="C:\Users\ADRIAN TOAPANTA"/>
    <property name="user.language" value="es"/>
    <property name="java.specification.vendor" value="Oracle Corporation"/>
    <property name="java.version.date" value="2025-10-21"/>
    <property name="java.home" value="C:\Program Files\Java\jdk-25"/>
    <property name="file.separator" value="\"/>
    <property name="basedir" value="C:\Users\ADRIAN TOAPANTA\T6_OPP_Clinic-Management-System\05UnitTest\clinicManagementSystem"/>
    <property name="java.vm.compressedOopsMode" value="Zero based"/>
    <property name="line.separator" value="&#10;"/>
    <property name="java.vm.specification.vendor" value="Oracle Corporation"/>
    <property name="java.specification.name" value="Java Platform API Specification"/>
    <property name="surefire.real.class.path" value="C:\Users\ADRIAN TOAPANTA\AppData\Local\Temp\surefire11680747653720173771\surefirebooter-20251221180222886_3.jar"/>
    <property name="user.script" value=""/>
    <property name="sun.management.compiler" value="HotSpot 64-Bit Tiered Compilers"/>
    <property name="java.runtime.version" value="25.0.1+8-LTS-27"/>
    <property name="user.name" value="ADRIAN TOAPANTA"/>
    <property name="stdout.encoding" value="Cp1252"/>
    <property name="path.separator" value=";"/>
    <property name="os.version" value="10.0"/>
    <property name="java.runtime.name" value="Java(TM) SE Runtime Environment"/>
    <property name="file.encoding" value="UTF-8"/>
    <property name="java.vm.name" value="Java HotSpot(TM) 64-Bit Server VM"/>
    <property name="maven.ext.class.path" value="C:\Users\ADRIAN TOAPANTA\Desktop\netbeans\java\maven-nblib\netbeans-eventspy.jar"/>
    <property name="localRepository" value="C:\Users\ADRIAN TOAPANTA\.m2\repository"/>
    <property name="java.vendor.url.bug" value="https://bugreport.java.com/bugreport/"/>
    <property name="java.io.tmpdir" value="C:\Users\ADRIAN~1\AppData\Local\Temp\"/>
    <property name="java.version" value="25.0.1"/>
    <property name="user.dir" value="C:\Users\ADRIAN TOAPANTA\T6_OPP_Clinic-Management-System\05UnitTest\clinicManagementSystem"/>
    <property name="os.arch" value="amd64"/>
    <property name="java.vm.specification.name" value="Java Virtual Machine Specification"/>
    <property name="sun.os.patch.level" value=""/>
    <property name="native.encoding" value="Cp1252"/>
    <property name="java.library.path" value="C:\Program Files\Java\jdk-25\bin;C:\Windows\Sun\Java\bin;C:\Windows\system32;C:\Windows;C:\Program Files\Common Files\Oracle\Java\javapath;C:\Windows\system32;C:\Windows;C:\Windows\System32\Wbem;C:\Windows\System32\WindowsPowerShell\v1.0\;C:\Windows\System32\OpenSSH\;C:\Program Files\dotnet\;C:\Program Files (x86)\NVIDIA Corporation\PhysX\Common;C:\Program Files\NVIDIA Corporation\NVIDIA NvDLISR;C:\Program Files\Git\cmd;C:\Program Files\nodejs\;C:\Users\ADRIAN TOAPANTA\AppData\Local\Microsoft\WindowsApps;C:\Users\ADRIAN TOAPANTA\AppData\Local\Python\bin;C:\Users\ADRIAN TOAPANTA\AppData\Local\Programs\Microsoft VS Code\bin;C:\Program Files\MongoDB\Server\8.2\bin;C:\Users\ADRIAN TOAPANTA\AppData\Roaming\npm;C:\Program Files\MongoDB\mongosh-2.5.10-win32-x64\bin;;."/>
    <property name="java.vm.info" value="mixed mode, sharing"/>
    <property name="stderr.encoding" value="Cp1252"/>
    <property name="java.vendor" value="Oracle Corporation"/>
    <property name="java.vm.version" value="25.0.1+8-LTS-27"/>
    <property name="stdin.encoding" value="Cp1252"/>
    <property name="sun.io.unicode.encoding" value="UnicodeLittle"/>
    <property name="java.class.version" value="69.0"/>
  </properties>
  <testcase name="testComponentsNotNull" classname="ec.edu.espe.clinicmanagementsystem.view.FrmLogInReceptionistTest" time="0.251"/>
  <testcase name="testLoadReceptionists_NullOnMissingFile" classname="ec.edu.espe.clinicmanagementsystem.view.FrmLogInReceptionistTest" time="0.016">
    <failure message="Debería retornar null o capturar excepción si el archivo JSON no existe. ==&gt; expected: &lt;null&gt; but was: &lt;[{&quot;password&quot;:&quot;1234&quot;,&quot;phone&quot;:&quot;099654321&quot;,&quot;name&quot;:&quot;John Hammond&quot;,&quot;receptionistId&quot;:1,&quot;email&quot;:&quot;jhammond@clinic.com&quot;,&quot;username&quot;:&quot;jhammond&quot;}]&gt;" type="org.opentest4j.AssertionFailedError"><![CDATA[org.opentest4j.AssertionFailedError: Debería retornar null o capturar excepción si el archivo JSON no existe. ==> expected: <null> but was: <[{"password":"1234","phone":"099654321","name":"John Hammond","receptionistId":1,"email":"jhammond@clinic.com","username":"jhammond"}]>
	at org.junit.jupiter.api.AssertionFailureBuilder.build(AssertionFailureBuilder.java:151)
	at org.junit.jupiter.api.AssertionFailureBuilder.buildAndThrow(AssertionFailureBuilder.java:132)
	at org.junit.jupiter.api.AssertNull.failNotNull(AssertNull.java:50)
	at org.junit.jupiter.api.AssertNull.assertNull(AssertNull.java:35)
	at org.junit.jupiter.api.Assertions.assertNull(Assertions.java:287)
	at ec.edu.espe.clinicmanagementsystem.view.FrmLogInReceptionistTest.testLoadReceptionists_NullOnMissingFile(FrmLogInReceptionistTest.java:109)
	at java.base/java.lang.reflect.Method.invoke(Method.java:565)
	at java.base/java.util.ArrayList.forEach(ArrayList.java:1604)
	at java.base/java.util.ArrayList.forEach(ArrayList.java:1604)
]]></failure>
  </testcase>
  <testcase name="testCredentials_ValidUser1" classname="ec.edu.espe.clinicmanagementsystem.view.FrmLogInReceptionistTest" time="0.014">
    <failure type="org.opentest4j.AssertionFailedError&#10;	at org.junit.jupiter.api.AssertionUtils.fail(AssertionUtils.java"><![CDATA[org.opentest4j.AssertionFailedError
	at org.junit.jupiter.api.AssertionUtils.fail(AssertionUtils.java:34)
	at org.junit.jupiter.api.Assertions.fail(Assertions.java:119)
	at ec.edu.espe.clinicmanagementsystem.view.FrmLogInReceptionistTest.testCredentials_ValidUser1(FrmLogInReceptionistTest.java:57)
	at java.base/java.lang.reflect.Method.invoke(Method.java:565)
	at java.base/java.util.ArrayList.forEach(ArrayList.java:1604)
	at java.base/java.util.ArrayList.forEach(ArrayList.java:1604)
]]></failure>
  </testcase>
  <testcase name="testCredentials_ValidUser2" classname="ec.edu.espe.clinicmanagementsystem.view.FrmLogInReceptionistTest" time="0.008"/>
  <testcase name="testTitleIsCorrect" classname="ec.edu.espe.clinicmanagementsystem.view.FrmLogInReceptionistTest" time="0.007"/>
  <testcase name="testFrameVisibility_AfterInit" classname="ec.edu.espe.clinicmanagementsystem.view.FrmLogInReceptionistTest" time="0.05"/>
  <testcase name="testCredentials_CaseSensitivity" classname="ec.edu.espe.clinicmanagementsystem.view.FrmLogInReceptionistTest" time="0.01"/>
  <testcase name="testLoginLogic_EmptyUserFails" classname="ec.edu.espe.clinicmanagementsystem.view.FrmLogInReceptionistTest" time="0.017"/>
  <testcase name="testPassword_FieldReturnsCorrectValue" classname="ec.edu.espe.clinicmanagementsystem.view.FrmLogInReceptionistTest" time="0.011"/>
  <testcase name="testInitialState_FieldsAreEmpty" classname="ec.edu.espe.clinicmanagementsystem.view.FrmLogInReceptionistTest" time="0.015"/>
  <testcase name="testCredentials_TrimSpaces" classname="ec.edu.espe.clinicmanagementsystem.view.FrmLogInReceptionistTest" time="0.009"/>
</testsuite>