<?xml version="1.0" encoding="UTF-8"?>
<testsuite xmlns:xsi="http://www.w3.org/2001/XMLSchema-instance" xsi:noNamespaceSchemaLocation="https://maven.apache.org/surefire/maven-surefire-plugin/xsd/surefire-test-report-3.0.xsd" version="3.0" name="ec.edu.espe.clinicmanagementsystem.view.FrmLogInReceptionistTest" time="0.431" tests="11" errors="0" skipped="0" failures="2">
  <properties>
[...]
</properties>
  <testcase name="testComponentsNotNull" classname="ec.edu.espe.clinicmanagementsystem.view.FrmLogInReceptionistTest" time="0.251"/>
  <testcase name="testLoadReceptionists_NullOnMissingFile" classname="ec.edu.espe.clinicmanagementsystem.view.FrmLogInReceptionistTest" time="0.016">
    <failure message="Debería retornar null o capturar excepción si el archivo JSON no existe. ==&gt; expected: &lt;null&gt; but was: &lt;[{&quot;password&quot;:&quot;1234&quot;,&quot;phone&quot;:&quot;099654321&quot;,&quot;name&quot;:&quot;John Hammond&quot;,&quot;receptionistId&quot;:1,&quot;email&quot;:&quot;jhammond@clinic.com&quot;,&quot;username&quot;:&quot;jhammond&quot;}]&gt;" type="org.opentest4j.AssertionFailedError"><![CDATA[org.opentest4j.AssertionFailedError: Debería retornar null o capturar excepción si el archivo JSON no existe. ==> expected: <null> but was: <[{"password":"1234","phone":"099654321","name":"John Hammond","receptionistId":1,"email":"jhammond@clinic.com","username":"jhammond"}]>
	at org.junit.jupiter.api.AssertionFailureBuilder.build(AssertionFailureBuilder.java:151)
	at org.junit.jupiter.api.AssertionFailureBuilder.buildAndThrow(AssertionFailureBuilder.java:132)
	at org.junit.jupiter.api.AssertNull.failNotNull(AssertNull.java:50)
	at org.junit.jupiter.api.AssertNull.assertNull(AssertNull.java:35)
	at org.junit.jupiter.api.Assertions.assertNull(Assertions.java:287)
	at ec.edu.espe.clinicmanagementsystem.view.FrmLogInReceptionistTest.testLoadReceptionists_NullOnMissingFile(FrmLogInReceptionistTest.java:109)
	at java.base/java.lang.reflect.Method.invoke(Method.java:565)
	at java.base/java.util.ArrayList.forEach(ArrayList.java:1604)
	at java.base/java.util.ArrayList.forEach(ArrayList.java:1604)
]]></failure>
  </testcase>
  <testcase name="testCredentials_ValidUser1" classname="ec.edu.espe.clinicmanagementsystem.view.FrmLogInReceptionistTest" time="0.014">
    <failure type="org.opentest4j.AssertionFailedError&#10;	at org.junit.jupiter.api.AssertionUtils.fail(AssertionUtils.java"><![CDATA[org.opentest4j.AssertionFailedError
	at org.junit.jupiter.api.AssertionUtils.fail(AssertionUtils.java:34)
	at org.junit.jupiter.api.Assertions.fail(Assertions.java:119)
	at ec.edu.espe.clinicmanagementsystem.view.FrmLogInReceptionistTest.testCredentials_ValidUser1(FrmLogInReceptionistTest.java:57)
	at java.base/java.lang.reflect.Method.invoke(Method.java:565)
	at java.base/java.util.ArrayList.forEach(ArrayList.java:1604)
	at java.base/java.util.ArrayList.forEach(ArrayList.java:1604)
]]></failure>
  </testcase>
  <testcase name="testCredentials_ValidUser2" classname="ec.edu.espe.clinicmanagementsystem.view.FrmLogInReceptionistTest" time="0.008"/>
  <testcase name="testTitleIsCorrect" classname="ec.edu.espe.clinicmanagementsystem.view.FrmLogInReceptionistTest" time="0.007"/>
  <testcase name="testFrameVisibility_AfterInit" classname="ec.edu.espe.clinicmanagementsystem.view.FrmLogInReceptionistTest" time="0.05"/>
  <testcase name="testCredentials_CaseSensitivity" classname="ec.edu.espe.clinicmanagementsystem.view.FrmLogInReceptionistTest" time="0.01"/>
  <testcase name="testLoginLogic_EmptyUserFails" classname="ec.edu.espe.clinicmanagementsystem.view.FrmLogInReceptionistTest" time="0.017"/>
  <testcase name="testPassword_FieldReturnsCorrectValue" classname="ec.edu.espe.clinicmanagementsystem.view.FrmLogInReceptionistTest" time="0.011"/>
  <testcase name="testInitialState_FieldsAreEmpty" classname="ec.edu.espe.clinicmanagementsystem.view.FrmLogInReceptionistTest" time="0.015"/>
  <testcase name="testCredentials_TrimSpaces" classname="ec.edu.espe.clinicmanagementsystem.view.FrmLogInReceptionistTest" time="0.009"/>
</testsuite>