<?xml version="1.0" encoding="UTF-8"?>
<testsuite xmlns:xsi="http://www.w3.org/2001/XMLSchema-instance" xsi:noNamespaceSchemaLocation="https://maven.apache.org/surefire/maven-surefire-plugin/xsd/surefire-test-report-3.0.xsd" version="3.0" name="ec.edu.espe.clinicmanagementsystem.view.FrmBillingTest" time="8.397" tests="8" errors="0" skipped="0" failures="0">
  <properties>
[...]
</properties>
  <testcase name="testTableModelColumnCount" classname="ec.edu.espe.clinicmanagementsystem.view.FrmBillingTest" time="2.301">
    <system-err><![CDATA[[main] INFO org.mongodb.driver.client - MongoClient with metadata {"driver": {"name": "mongo-java-driver|sync", "version": "4.11.1"}, "os": {"type": "Windows", "name": "Windows 11", "architecture": "amd64", "version": "10.0"}, "platform": "Java/Azul Systems, Inc./24.0.2+12"} created with settings MongoClientSettings{readPreference=primary, writeConcern=WriteConcern{w=null, wTimeout=null ms, journal=null}, retryWrites=true, retryReads=true, readConcern=ReadConcern{level=null}, credential=MongoCredential{mechanism=null, userName='thais', source='admin', password=<hidden>, mechanismProperties=<hidden>}, transportSettings=null, streamFactoryFactory=null, commandListeners=[], codecRegistry=ProvidersCodecRegistry{codecProviders=[ValueCodecProvider{}, BsonValueCodecProvider{}, DBRefCodecProvider{}, DBObjectCodecProvider{}, DocumentCodecProvider{}, CollectionCodecProvider{}, IterableCodecProvider{}, MapCodecProvider{}, GeoJsonCodecProvider{}, GridFSFileCodecProvider{}, Jsr310CodecProvider{}, JsonObjectCodecProvider{}, BsonCodecProvider{}, EnumCodecProvider{}, com.mongodb.client.model.mql.ExpressionCodecProvider@42721fe, com.mongodb.Jep395RecordCodecProvider@40844aab, com.mongodb.KotlinCodecProvider@1f6c9cd8]}, loggerSettings=LoggerSettings{maxDocumentLength=1000}, clusterSettings={hosts=[127.0.0.1:27017], srvHost=cluster0.9yfzmcp.mongodb.net, srvServiceName=mongodb, mode=MULTIPLE, requiredClusterType=REPLICA_SET, requiredReplicaSetName='atlas-kj8cju-shard-0', serverSelector='null', clusterListeners='[]', serverSelectionTimeout='30000 ms', localThreshold='15 ms'}, socketSettings=SocketSettings{connectTimeoutMS=10000, readTimeoutMS=0, receiveBufferSize=0, proxySettings=ProxySettings{host=null, port=null, username=null, password=null}}, heartbeatSocketSettings=SocketSettings{connectTimeoutMS=10000, readTimeoutMS=10000, receiveBufferSize=0, proxySettings=ProxySettings{host=null, port=null, username=null, password=null}}, connectionPoolSettings=ConnectionPoolSettings{maxSize=100, minSize=0, maxWaitTimeMS=120000, maxConnectionLifeTimeMS=0, maxConnectionIdleTimeMS=0, maintenanceInitialDelayMS=0, maintenanceFrequencyMS=60000, connectionPoolListeners=[], maxConnecting=2}, serverSettings=ServerSettings{heartbeatFrequencyMS=10000, minHeartbeatFrequencyMS=500, serverListeners='[]', serverMonitorListeners='[]'}, sslSettings=SslSettings{enabled=true, invalidHostNameAllowed=false, context=null}, applicationName='null', compressorList=[], uuidRepresentation=UNSPECIFIED, serverApi=null, autoEncryptionSettings=null, dnsClient=null, inetAddressResolver=null, contextProvider=null}
[cluster-ClusterId{value='6946521a31b606797ee08ea8', description='null'}-srv-cluster0.9yfzmcp.mongodb.net] INFO org.mongodb.driver.cluster - Adding discovered server ac-7gfumvx-shard-00-01.9yfzmcp.mongodb.net:27017 to client view of cluster
[main] INFO org.mongodb.driver.cluster - No server chosen by ReadPreferenceServerSelector{readPreference=primary} from cluster description ClusterDescription{type=UNKNOWN, connectionMode=MULTIPLE, serverDescriptions=[]}. Waiting for 30000 ms before timing out
[cluster-ClusterId{value='6946521a31b606797ee08ea8', description='null'}-srv-cluster0.9yfzmcp.mongodb.net] INFO org.mongodb.driver.cluster - Adding discovered server ac-7gfumvx-shard-00-00.9yfzmcp.mongodb.net:27017 to client view of cluster
[cluster-ClusterId{value='6946521a31b606797ee08ea8', description='null'}-srv-cluster0.9yfzmcp.mongodb.net] INFO org.mongodb.driver.cluster - Adding discovered server ac-7gfumvx-shard-00-02.9yfzmcp.mongodb.net:27017 to client view of cluster
[cluster-ClusterId{value='6946521a31b606797ee08ea8', description='null'}-ac-7gfumvx-shard-00-02.9yfzmcp.mongodb.net:27017] INFO org.mongodb.driver.cluster - Monitor thread successfully connected to server with description ServerDescription{address=ac-7gfumvx-shard-00-02.9yfzmcp.mongodb.net:27017, type=REPLICA_SET_SECONDARY, state=CONNECTED, ok=true, minWireVersion=0, maxWireVersion=25, maxDocumentSize=16777216, logicalSessionTimeoutMinutes=30, roundTripTimeNanos=543007500, setName='atlas-kj8cju-shard-0', canonicalAddress=ac-7gfumvx-shard-00-02.9yfzmcp.mongodb.net:27017, hosts=[ac-7gfumvx-shard-00-00.9yfzmcp.mongodb.net:27017, ac-7gfumvx-shard-00-01.9yfzmcp.mongodb.net:27017, ac-7gfumvx-shard-00-02.9yfzmcp.mongodb.net:27017], passives=[], arbiters=[], primary='ac-7gfumvx-shard-00-01.9yfzmcp.mongodb.net:27017', tagSet=TagSet{[Tag{name='availabilityZone', value='use1-az2'}, Tag{name='diskState', value='READY'}, Tag{name='nodeType', value='ELECTABLE'}, Tag{name='provider', value='AWS'}, Tag{name='region', value='US_EAST_1'}, Tag{name='workloadType', value='OPERATIONAL'}]}, electionId=null, setVersion=129, topologyVersion=TopologyVersion{processId=6941bb14fa8cd52cdfc44510, counter=3}, lastWriteDate=Sat Dec 20 02:37:10 GMT-05:00 2025, lastUpdateTimeNanos=5565442252500600}
[cluster-ClusterId{value='6946521a31b606797ee08ea8', description='null'}-ac-7gfumvx-shard-00-01.9yfzmcp.mongodb.net:27017] INFO org.mongodb.driver.cluster - Monitor thread successfully connected to server with description ServerDescription{address=ac-7gfumvx-shard-00-01.9yfzmcp.mongodb.net:27017, type=REPLICA_SET_PRIMARY, state=CONNECTED, ok=true, minWireVersion=0, maxWireVersion=25, maxDocumentSize=16777216, logicalSessionTimeoutMinutes=30, roundTripTimeNanos=542775900, setName='atlas-kj8cju-shard-0', canonicalAddress=ac-7gfumvx-shard-00-01.9yfzmcp.mongodb.net:27017, hosts=[ac-7gfumvx-shard-00-00.9yfzmcp.mongodb.net:27017, ac-7gfumvx-shard-00-01.9yfzmcp.mongodb.net:27017, ac-7gfumvx-shard-00-02.9yfzmcp.mongodb.net:27017], passives=[], arbiters=[], primary='ac-7gfumvx-shard-00-01.9yfzmcp.mongodb.net:27017', tagSet=TagSet{[Tag{name='availabilityZone', value='use1-az1'}, Tag{name='diskState', value='READY'}, Tag{name='nodeType', value='ELECTABLE'}, Tag{name='provider', value='AWS'}, Tag{name='region', value='US_EAST_1'}, Tag{name='workloadType', value='OPERATIONAL'}]}, electionId=7fffffff00000000000001f9, setVersion=129, topologyVersion=TopologyVersion{processId=6941bac45dcb86c75ee09b0b, counter=6}, lastWriteDate=Sat Dec 20 02:37:10 GMT-05:00 2025, lastUpdateTimeNanos=5565442252442800}
[cluster-ClusterId{value='6946521a31b606797ee08ea8', description='null'}-ac-7gfumvx-shard-00-00.9yfzmcp.mongodb.net:27017] INFO org.mongodb.driver.cluster - Monitor thread successfully connected to server with description ServerDescription{address=ac-7gfumvx-shard-00-00.9yfzmcp.mongodb.net:27017, type=REPLICA_SET_SECONDARY, state=CONNECTED, ok=true, minWireVersion=0, maxWireVersion=25, maxDocumentSize=16777216, logicalSessionTimeoutMinutes=30, roundTripTimeNanos=541629300, setName='atlas-kj8cju-shard-0', canonicalAddress=ac-7gfumvx-shard-00-00.9yfzmcp.mongodb.net:27017, hosts=[ac-7gfumvx-shard-00-00.9yfzmcp.mongodb.net:27017, ac-7gfumvx-shard-00-01.9yfzmcp.mongodb.net:27017, ac-7gfumvx-shard-00-02.9yfzmcp.mongodb.net:27017], passives=[], arbiters=[], primary='ac-7gfumvx-shard-00-01.9yfzmcp.mongodb.net:27017', tagSet=TagSet{[Tag{name='availabilityZone', value='use1-az6'}, Tag{name='diskState', value='READY'}, Tag{name='nodeType', value='ELECTABLE'}, Tag{name='provider', value='AWS'}, Tag{name='region', value='US_EAST_1'}, Tag{name='workloadType', value='OPERATIONAL'}]}, electionId=null, setVersion=129, topologyVersion=TopologyVersion{processId=6941ba75cf525038a0c6d1f2, counter=4}, lastWriteDate=Sat Dec 20 02:37:10 GMT-05:00 2025, lastUpdateTimeNanos=5565442251915800}
[cluster-ClusterId{value='6946521a31b606797ee08ea8', description='null'}-ac-7gfumvx-shard-00-01.9yfzmcp.mongodb.net:27017] INFO org.mongodb.driver.cluster - Discovered replica set primary ac-7gfumvx-shard-00-01.9yfzmcp.mongodb.net:27017 with max election id 7fffffff00000000000001f9 and max set version 129
]]></system-err>
  </testcase>
  <testcase name="testColumnNameAddress" classname="ec.edu.espe.clinicmanagementsystem.view.FrmBillingTest" time="0.917">
    <system-err><![CDATA[[main] INFO org.mongodb.driver.client - MongoClient with metadata {"driver": {"name": "mongo-java-driver|sync", "version": "4.11.1"}, "os": {"type": "Windows", "name": "Windows 11", "architecture": "amd64", "version": "10.0"}, "platform": "Java/Azul Systems, Inc./24.0.2+12"} created with settings MongoClientSettings{readPreference=primary, writeConcern=WriteConcern{w=null, wTimeout=null ms, journal=null}, retryWrites=true, retryReads=true, readConcern=ReadConcern{level=null}, credential=MongoCredential{mechanism=null, userName='thais', source='admin', password=<hidden>, mechanismProperties=<hidden>}, transportSettings=null, streamFactoryFactory=null, commandListeners=[], codecRegistry=ProvidersCodecRegistry{codecProviders=[ValueCodecProvider{}, BsonValueCodecProvider{}, DBRefCodecProvider{}, DBObjectCodecProvider{}, DocumentCodecProvider{}, CollectionCodecProvider{}, IterableCodecProvider{}, MapCodecProvider{}, GeoJsonCodecProvider{}, GridFSFileCodecProvider{}, Jsr310CodecProvider{}, JsonObjectCodecProvider{}, BsonCodecProvider{}, EnumCodecProvider{}, com.mongodb.client.model.mql.ExpressionCodecProvider@42721fe, com.mongodb.Jep395RecordCodecProvider@40844aab, com.mongodb.KotlinCodecProvider@1f6c9cd8]}, loggerSettings=LoggerSettings{maxDocumentLength=1000}, clusterSettings={hosts=[127.0.0.1:27017], srvHost=cluster0.9yfzmcp.mongodb.net, srvServiceName=mongodb, mode=MULTIPLE, requiredClusterType=REPLICA_SET, requiredReplicaSetName='atlas-kj8cju-shard-0', serverSelector='null', clusterListeners='[]', serverSelectionTimeout='30000 ms', localThreshold='15 ms'}, socketSettings=SocketSettings{connectTimeoutMS=10000, readTimeoutMS=0, receiveBufferSize=0, proxySettings=ProxySettings{host=null, port=null, username=null, password=null}}, heartbeatSocketSettings=SocketSettings{connectTimeoutMS=10000, readTimeoutMS=10000, receiveBufferSize=0, proxySettings=ProxySettings{host=null, port=null, username=null, password=null}}, connectionPoolSettings=ConnectionPoolSettings{maxSize=100, minSize=0, maxWaitTimeMS=120000, maxConnectionLifeTimeMS=0, maxConnectionIdleTimeMS=0, maintenanceInitialDelayMS=0, maintenanceFrequencyMS=60000, connectionPoolListeners=[], maxConnecting=2}, serverSettings=ServerSettings{heartbeatFrequencyMS=10000, minHeartbeatFrequencyMS=500, serverListeners='[]', serverMonitorListeners='[]'}, sslSettings=SslSettings{enabled=true, invalidHostNameAllowed=false, context=null}, applicationName='null', compressorList=[], uuidRepresentation=UNSPECIFIED, serverApi=null, autoEncryptionSettings=null, dnsClient=null, inetAddressResolver=null, contextProvider=null}
[main] INFO org.mongodb.driver.cluster - No server chosen by ReadPreferenceServerSelector{readPreference=primary} from cluster description ClusterDescription{type=UNKNOWN, connectionMode=MULTIPLE, serverDescriptions=[]}. Waiting for 30000 ms before timing out
[cluster-ClusterId{value='6946521b31b606797ee08ea9', description='null'}-srv-cluster0.9yfzmcp.mongodb.net] INFO org.mongodb.driver.cluster - Adding discovered server ac-7gfumvx-shard-00-01.9yfzmcp.mongodb.net:27017 to client view of cluster
[cluster-ClusterId{value='6946521b31b606797ee08ea9', description='null'}-srv-cluster0.9yfzmcp.mongodb.net] INFO org.mongodb.driver.cluster - Adding discovered server ac-7gfumvx-shard-00-00.9yfzmcp.mongodb.net:27017 to client view of cluster
[cluster-ClusterId{value='6946521b31b606797ee08ea9', description='null'}-srv-cluster0.9yfzmcp.mongodb.net] INFO org.mongodb.driver.cluster - Adding discovered server ac-7gfumvx-shard-00-02.9yfzmcp.mongodb.net:27017 to client view of cluster
[cluster-ClusterId{value='6946521b31b606797ee08ea9', description='null'}-ac-7gfumvx-shard-00-00.9yfzmcp.mongodb.net:27017] INFO org.mongodb.driver.cluster - Monitor thread successfully connected to server with description ServerDescription{address=ac-7gfumvx-shard-00-00.9yfzmcp.mongodb.net:27017, type=REPLICA_SET_SECONDARY, state=CONNECTED, ok=true, minWireVersion=0, maxWireVersion=25, maxDocumentSize=16777216, logicalSessionTimeoutMinutes=30, roundTripTimeNanos=180810600, setName='atlas-kj8cju-shard-0', canonicalAddress=ac-7gfumvx-shard-00-00.9yfzmcp.mongodb.net:27017, hosts=[ac-7gfumvx-shard-00-00.9yfzmcp.mongodb.net:27017, ac-7gfumvx-shard-00-01.9yfzmcp.mongodb.net:27017, ac-7gfumvx-shard-00-02.9yfzmcp.mongodb.net:27017], passives=[], arbiters=[], primary='ac-7gfumvx-shard-00-01.9yfzmcp.mongodb.net:27017', tagSet=TagSet{[Tag{name='availabilityZone', value='use1-az6'}, Tag{name='diskState', value='READY'}, Tag{name='nodeType', value='ELECTABLE'}, Tag{name='provider', value='AWS'}, Tag{name='region', value='US_EAST_1'}, Tag{name='workloadType', value='OPERATIONAL'}]}, electionId=null, setVersion=129, topologyVersion=TopologyVersion{processId=6941ba75cf525038a0c6d1f2, counter=4}, lastWriteDate=Sat Dec 20 02:37:11 GMT-05:00 2025, lastUpdateTimeNanos=5565443309774500}
[cluster-ClusterId{value='6946521b31b606797ee08ea9', description='null'}-ac-7gfumvx-shard-00-02.9yfzmcp.mongodb.net:27017] INFO org.mongodb.driver.cluster - Monitor thread successfully connected to server with description ServerDescription{address=ac-7gfumvx-shard-00-02.9yfzmcp.mongodb.net:27017, type=REPLICA_SET_SECONDARY, state=CONNECTED, ok=true, minWireVersion=0, maxWireVersion=25, maxDocumentSize=16777216, logicalSessionTimeoutMinutes=30, roundTripTimeNanos=178638100, setName='atlas-kj8cju-shard-0', canonicalAddress=ac-7gfumvx-shard-00-02.9yfzmcp.mongodb.net:27017, hosts=[ac-7gfumvx-shard-00-00.9yfzmcp.mongodb.net:27017, ac-7gfumvx-shard-00-01.9yfzmcp.mongodb.net:27017, ac-7gfumvx-shard-00-02.9yfzmcp.mongodb.net:27017], passives=[], arbiters=[], primary='ac-7gfumvx-shard-00-01.9yfzmcp.mongodb.net:27017', tagSet=TagSet{[Tag{name='availabilityZone', value='use1-az2'}, Tag{name='diskState', value='READY'}, Tag{name='nodeType', value='ELECTABLE'}, Tag{name='provider', value='AWS'}, Tag{name='region', value='US_EAST_1'}, Tag{name='workloadType', value='OPERATIONAL'}]}, electionId=null, setVersion=129, topologyVersion=TopologyVersion{processId=6941bb14fa8cd52cdfc44510, counter=3}, lastWriteDate=Sat Dec 20 02:37:11 GMT-05:00 2025, lastUpdateTimeNanos=5565443309507600}
[cluster-ClusterId{value='6946521b31b606797ee08ea9', description='null'}-ac-7gfumvx-shard-00-01.9yfzmcp.mongodb.net:27017] INFO org.mongodb.driver.cluster - Monitor thread successfully connected to server with description ServerDescription{address=ac-7gfumvx-shard-00-01.9yfzmcp.mongodb.net:27017, type=REPLICA_SET_PRIMARY, state=CONNECTED, ok=true, minWireVersion=0, maxWireVersion=25, maxDocumentSize=16777216, logicalSessionTimeoutMinutes=30, roundTripTimeNanos=184304200, setName='atlas-kj8cju-shard-0', canonicalAddress=ac-7gfumvx-shard-00-01.9yfzmcp.mongodb.net:27017, hosts=[ac-7gfumvx-shard-00-00.9yfzmcp.mongodb.net:27017, ac-7gfumvx-shard-00-01.9yfzmcp.mongodb.net:27017, ac-7gfumvx-shard-00-02.9yfzmcp.mongodb.net:27017], passives=[], arbiters=[], primary='ac-7gfumvx-shard-00-01.9yfzmcp.mongodb.net:27017', tagSet=TagSet{[Tag{name='availabilityZone', value='use1-az1'}, Tag{name='diskState', value='READY'}, Tag{name='nodeType', value='ELECTABLE'}, Tag{name='provider', value='AWS'}, Tag{name='region', value='US_EAST_1'}, Tag{name='workloadType', value='OPERATIONAL'}]}, electionId=7fffffff00000000000001f9, setVersion=129, topologyVersion=TopologyVersion{processId=6941bac45dcb86c75ee09b0b, counter=6}, lastWriteDate=Sat Dec 20 02:37:11 GMT-05:00 2025, lastUpdateTimeNanos=5565443309389300}
[cluster-ClusterId{value='6946521b31b606797ee08ea9', description='null'}-ac-7gfumvx-shard-00-01.9yfzmcp.mongodb.net:27017] INFO org.mongodb.driver.cluster - Discovered replica set primary ac-7gfumvx-shard-00-01.9yfzmcp.mongodb.net:27017 with max election id 7fffffff00000000000001f9 and max set version 129
]]></system-err>
  </testcase>
  <testcase name="testColumnNameCost" classname="ec.edu.espe.clinicmanagementsystem.view.FrmBillingTest" time="0.856">
    <system-err><![CDATA[[main] INFO org.mongodb.driver.client - MongoClient with metadata {"driver": {"name": "mongo-java-driver|sync", "version": "4.11.1"}, "os": {"type": "Windows", "name": "Windows 11", "architecture": "amd64", "version": "10.0"}, "platform": "Java/Azul Systems, Inc./24.0.2+12"} created with settings MongoClientSettings{readPreference=primary, writeConcern=WriteConcern{w=null, wTimeout=null ms, journal=null}, retryWrites=true, retryReads=true, readConcern=ReadConcern{level=null}, credential=MongoCredential{mechanism=null, userName='thais', source='admin', password=<hidden>, mechanismProperties=<hidden>}, transportSettings=null, streamFactoryFactory=null, commandListeners=[], codecRegistry=ProvidersCodecRegistry{codecProviders=[ValueCodecProvider{}, BsonValueCodecProvider{}, DBRefCodecProvider{}, DBObjectCodecProvider{}, DocumentCodecProvider{}, CollectionCodecProvider{}, IterableCodecProvider{}, MapCodecProvider{}, GeoJsonCodecProvider{}, GridFSFileCodecProvider{}, Jsr310CodecProvider{}, JsonObjectCodecProvider{}, BsonCodecProvider{}, EnumCodecProvider{}, com.mongodb.client.model.mql.ExpressionCodecProvider@42721fe, com.mongodb.Jep395RecordCodecProvider@40844aab, com.mongodb.KotlinCodecProvider@1f6c9cd8]}, loggerSettings=LoggerSettings{maxDocumentLength=1000}, clusterSettings={hosts=[127.0.0.1:27017], srvHost=cluster0.9yfzmcp.mongodb.net, srvServiceName=mongodb, mode=MULTIPLE, requiredClusterType=REPLICA_SET, requiredReplicaSetName='atlas-kj8cju-shard-0', serverSelector='null', clusterListeners='[]', serverSelectionTimeout='30000 ms', localThreshold='15 ms'}, socketSettings=SocketSettings{connectTimeoutMS=10000, readTimeoutMS=0, receiveBufferSize=0, proxySettings=ProxySettings{host=null, port=null, username=null, password=null}}, heartbeatSocketSettings=SocketSettings{connectTimeoutMS=10000, readTimeoutMS=10000, receiveBufferSize=0, proxySettings=ProxySettings{host=null, port=null, username=null, password=null}}, connectionPoolSettings=ConnectionPoolSettings{maxSize=100, minSize=0, maxWaitTimeMS=120000, maxConnectionLifeTimeMS=0, maxConnectionIdleTimeMS=0, maintenanceInitialDelayMS=0, maintenanceFrequencyMS=60000, connectionPoolListeners=[], maxConnecting=2}, serverSettings=ServerSettings{heartbeatFrequencyMS=10000, minHeartbeatFrequencyMS=500, serverListeners='[]', serverMonitorListeners='[]'}, sslSettings=SslSettings{enabled=true, invalidHostNameAllowed=false, context=null}, applicationName='null', compressorList=[], uuidRepresentation=UNSPECIFIED, serverApi=null, autoEncryptionSettings=null, dnsClient=null, inetAddressResolver=null, contextProvider=null}
[main] INFO org.mongodb.driver.cluster - No server chosen by ReadPreferenceServerSelector{readPreference=primary} from cluster description ClusterDescription{type=UNKNOWN, connectionMode=MULTIPLE, serverDescriptions=[]}. Waiting for 30000 ms before timing out
[cluster-ClusterId{value='6946521c31b606797ee08eaa', description='null'}-srv-cluster0.9yfzmcp.mongodb.net] INFO org.mongodb.driver.cluster - Adding discovered server ac-7gfumvx-shard-00-01.9yfzmcp.mongodb.net:27017 to client view of cluster
[cluster-ClusterId{value='6946521c31b606797ee08eaa', description='null'}-srv-cluster0.9yfzmcp.mongodb.net] INFO org.mongodb.driver.cluster - Adding discovered server ac-7gfumvx-shard-00-00.9yfzmcp.mongodb.net:27017 to client view of cluster
[cluster-ClusterId{value='6946521c31b606797ee08eaa', description='null'}-srv-cluster0.9yfzmcp.mongodb.net] INFO org.mongodb.driver.cluster - Adding discovered server ac-7gfumvx-shard-00-02.9yfzmcp.mongodb.net:27017 to client view of cluster
[cluster-ClusterId{value='6946521c31b606797ee08eaa', description='null'}-ac-7gfumvx-shard-00-01.9yfzmcp.mongodb.net:27017] INFO org.mongodb.driver.cluster - Monitor thread successfully connected to server with description ServerDescription{address=ac-7gfumvx-shard-00-01.9yfzmcp.mongodb.net:27017, type=REPLICA_SET_PRIMARY, state=CONNECTED, ok=true, minWireVersion=0, maxWireVersion=25, maxDocumentSize=16777216, logicalSessionTimeoutMinutes=30, roundTripTimeNanos=175175600, setName='atlas-kj8cju-shard-0', canonicalAddress=ac-7gfumvx-shard-00-01.9yfzmcp.mongodb.net:27017, hosts=[ac-7gfumvx-shard-00-00.9yfzmcp.mongodb.net:27017, ac-7gfumvx-shard-00-01.9yfzmcp.mongodb.net:27017, ac-7gfumvx-shard-00-02.9yfzmcp.mongodb.net:27017], passives=[], arbiters=[], primary='ac-7gfumvx-shard-00-01.9yfzmcp.mongodb.net:27017', tagSet=TagSet{[Tag{name='availabilityZone', value='use1-az1'}, Tag{name='diskState', value='READY'}, Tag{name='nodeType', value='ELECTABLE'}, Tag{name='provider', value='AWS'}, Tag{name='region', value='US_EAST_1'}, Tag{name='workloadType', value='OPERATIONAL'}]}, electionId=7fffffff00000000000001f9, setVersion=129, topologyVersion=TopologyVersion{processId=6941bac45dcb86c75ee09b0b, counter=6}, lastWriteDate=Sat Dec 20 02:37:12 GMT-05:00 2025, lastUpdateTimeNanos=5565444201421800}
[cluster-ClusterId{value='6946521c31b606797ee08eaa', description='null'}-ac-7gfumvx-shard-00-01.9yfzmcp.mongodb.net:27017] INFO org.mongodb.driver.cluster - Discovered replica set primary ac-7gfumvx-shard-00-01.9yfzmcp.mongodb.net:27017 with max election id 7fffffff00000000000001f9 and max set version 129
[cluster-ClusterId{value='6946521c31b606797ee08eaa', description='null'}-ac-7gfumvx-shard-00-02.9yfzmcp.mongodb.net:27017] INFO org.mongodb.driver.cluster - Monitor thread successfully connected to server with description ServerDescription{address=ac-7gfumvx-shard-00-02.9yfzmcp.mongodb.net:27017, type=REPLICA_SET_SECONDARY, state=CONNECTED, ok=true, minWireVersion=0, maxWireVersion=25, maxDocumentSize=16777216, logicalSessionTimeoutMinutes=30, roundTripTimeNanos=171598200, setName='atlas-kj8cju-shard-0', canonicalAddress=ac-7gfumvx-shard-00-02.9yfzmcp.mongodb.net:27017, hosts=[ac-7gfumvx-shard-00-00.9yfzmcp.mongodb.net:27017, ac-7gfumvx-shard-00-01.9yfzmcp.mongodb.net:27017, ac-7gfumvx-shard-00-02.9yfzmcp.mongodb.net:27017], passives=[], arbiters=[], primary='ac-7gfumvx-shard-00-01.9yfzmcp.mongodb.net:27017', tagSet=TagSet{[Tag{name='availabilityZone', value='use1-az2'}, Tag{name='diskState', value='READY'}, Tag{name='nodeType', value='ELECTABLE'}, Tag{name='provider', value='AWS'}, Tag{name='region', value='US_EAST_1'}, Tag{name='workloadType', value='OPERATIONAL'}]}, electionId=null, setVersion=129, topologyVersion=TopologyVersion{processId=6941bb14fa8cd52cdfc44510, counter=3}, lastWriteDate=Sat Dec 20 02:37:12 GMT-05:00 2025, lastUpdateTimeNanos=5565444205025400}
[cluster-ClusterId{value='6946521c31b606797ee08eaa', description='null'}-ac-7gfumvx-shard-00-00.9yfzmcp.mongodb.net:27017] INFO org.mongodb.driver.cluster - Monitor thread successfully connected to server with description ServerDescription{address=ac-7gfumvx-shard-00-00.9yfzmcp.mongodb.net:27017, type=REPLICA_SET_SECONDARY, state=CONNECTED, ok=true, minWireVersion=0, maxWireVersion=25, maxDocumentSize=16777216, logicalSessionTimeoutMinutes=30, roundTripTimeNanos=175574500, setName='atlas-kj8cju-shard-0', canonicalAddress=ac-7gfumvx-shard-00-00.9yfzmcp.mongodb.net:27017, hosts=[ac-7gfumvx-shard-00-00.9yfzmcp.mongodb.net:27017, ac-7gfumvx-shard-00-01.9yfzmcp.mongodb.net:27017, ac-7gfumvx-shard-00-02.9yfzmcp.mongodb.net:27017], passives=[], arbiters=[], primary='ac-7gfumvx-shard-00-01.9yfzmcp.mongodb.net:27017', tagSet=TagSet{[Tag{name='availabilityZone', value='use1-az6'}, Tag{name='diskState', value='READY'}, Tag{name='nodeType', value='ELECTABLE'}, Tag{name='provider', value='AWS'}, Tag{name='region', value='US_EAST_1'}, Tag{name='workloadType', value='OPERATIONAL'}]}, electionId=null, setVersion=129, topologyVersion=TopologyVersion{processId=6941ba75cf525038a0c6d1f2, counter=4}, lastWriteDate=Sat Dec 20 02:37:12 GMT-05:00 2025, lastUpdateTimeNanos=5565444208207200}
]]></system-err>
  </testcase>
  <testcase name="testColumnNameName" classname="ec.edu.espe.clinicmanagementsystem.view.FrmBillingTest" time="0.816">
    <system-err><![CDATA[[main] INFO org.mongodb.driver.client - MongoClient with metadata {"driver": {"name": "mongo-java-driver|sync", "version": "4.11.1"}, "os": {"type": "Windows", "name": "Windows 11", "architecture": "amd64", "version": "10.0"}, "platform": "Java/Azul Systems, Inc./24.0.2+12"} created with settings MongoClientSettings{readPreference=primary, writeConcern=WriteConcern{w=null, wTimeout=null ms, journal=null}, retryWrites=true, retryReads=true, readConcern=ReadConcern{level=null}, credential=MongoCredential{mechanism=null, userName='thais', source='admin', password=<hidden>, mechanismProperties=<hidden>}, transportSettings=null, streamFactoryFactory=null, commandListeners=[], codecRegistry=ProvidersCodecRegistry{codecProviders=[ValueCodecProvider{}, BsonValueCodecProvider{}, DBRefCodecProvider{}, DBObjectCodecProvider{}, DocumentCodecProvider{}, CollectionCodecProvider{}, IterableCodecProvider{}, MapCodecProvider{}, GeoJsonCodecProvider{}, GridFSFileCodecProvider{}, Jsr310CodecProvider{}, JsonObjectCodecProvider{}, BsonCodecProvider{}, EnumCodecProvider{}, com.mongodb.client.model.mql.ExpressionCodecProvider@42721fe, com.mongodb.Jep395RecordCodecProvider@40844aab, com.mongodb.KotlinCodecProvider@1f6c9cd8]}, loggerSettings=LoggerSettings{maxDocumentLength=1000}, clusterSettings={hosts=[127.0.0.1:27017], srvHost=cluster0.9yfzmcp.mongodb.net, srvServiceName=mongodb, mode=MULTIPLE, requiredClusterType=REPLICA_SET, requiredReplicaSetName='atlas-kj8cju-shard-0', serverSelector='null', clusterListeners='[]', serverSelectionTimeout='30000 ms', localThreshold='15 ms'}, socketSettings=SocketSettings{connectTimeoutMS=10000, readTimeoutMS=0, receiveBufferSize=0, proxySettings=ProxySettings{host=null, port=null, username=null, password=null}}, heartbeatSocketSettings=SocketSettings{connectTimeoutMS=10000, readTimeoutMS=10000, receiveBufferSize=0, proxySettings=ProxySettings{host=null, port=null, username=null, password=null}}, connectionPoolSettings=ConnectionPoolSettings{maxSize=100, minSize=0, maxWaitTimeMS=120000, maxConnectionLifeTimeMS=0, maxConnectionIdleTimeMS=0, maintenanceInitialDelayMS=0, maintenanceFrequencyMS=60000, connectionPoolListeners=[], maxConnecting=2}, serverSettings=ServerSettings{heartbeatFrequencyMS=10000, minHeartbeatFrequencyMS=500, serverListeners='[]', serverMonitorListeners='[]'}, sslSettings=SslSettings{enabled=true, invalidHostNameAllowed=false, context=null}, applicationName='null', compressorList=[], uuidRepresentation=UNSPECIFIED, serverApi=null, autoEncryptionSettings=null, dnsClient=null, inetAddressResolver=null, contextProvider=null}
[main] INFO org.mongodb.driver.cluster - No server chosen by ReadPreferenceServerSelector{readPreference=primary} from cluster description ClusterDescription{type=UNKNOWN, connectionMode=MULTIPLE, serverDescriptions=[]}. Waiting for 30000 ms before timing out
[cluster-ClusterId{value='6946521d31b606797ee08eab', description='null'}-srv-cluster0.9yfzmcp.mongodb.net] INFO org.mongodb.driver.cluster - Adding discovered server ac-7gfumvx-shard-00-01.9yfzmcp.mongodb.net:27017 to client view of cluster
[cluster-ClusterId{value='6946521d31b606797ee08eab', description='null'}-srv-cluster0.9yfzmcp.mongodb.net] INFO org.mongodb.driver.cluster - Adding discovered server ac-7gfumvx-shard-00-00.9yfzmcp.mongodb.net:27017 to client view of cluster
[cluster-ClusterId{value='6946521d31b606797ee08eab', description='null'}-srv-cluster0.9yfzmcp.mongodb.net] INFO org.mongodb.driver.cluster - Adding discovered server ac-7gfumvx-shard-00-02.9yfzmcp.mongodb.net:27017 to client view of cluster
[cluster-ClusterId{value='6946521d31b606797ee08eab', description='null'}-ac-7gfumvx-shard-00-01.9yfzmcp.mongodb.net:27017] INFO org.mongodb.driver.cluster - Monitor thread successfully connected to server with description ServerDescription{address=ac-7gfumvx-shard-00-01.9yfzmcp.mongodb.net:27017, type=REPLICA_SET_PRIMARY, state=CONNECTED, ok=true, minWireVersion=0, maxWireVersion=25, maxDocumentSize=16777216, logicalSessionTimeoutMinutes=30, roundTripTimeNanos=172491500, setName='atlas-kj8cju-shard-0', canonicalAddress=ac-7gfumvx-shard-00-01.9yfzmcp.mongodb.net:27017, hosts=[ac-7gfumvx-shard-00-00.9yfzmcp.mongodb.net:27017, ac-7gfumvx-shard-00-01.9yfzmcp.mongodb.net:27017, ac-7gfumvx-shard-00-02.9yfzmcp.mongodb.net:27017], passives=[], arbiters=[], primary='ac-7gfumvx-shard-00-01.9yfzmcp.mongodb.net:27017', tagSet=TagSet{[Tag{name='availabilityZone', value='use1-az1'}, Tag{name='diskState', value='READY'}, Tag{name='nodeType', value='ELECTABLE'}, Tag{name='provider', value='AWS'}, Tag{name='region', value='US_EAST_1'}, Tag{name='workloadType', value='OPERATIONAL'}]}, electionId=7fffffff00000000000001f9, setVersion=129, topologyVersion=TopologyVersion{processId=6941bac45dcb86c75ee09b0b, counter=6}, lastWriteDate=Sat Dec 20 02:37:12 GMT-05:00 2025, lastUpdateTimeNanos=5565445028043600}
[cluster-ClusterId{value='6946521d31b606797ee08eab', description='null'}-ac-7gfumvx-shard-00-00.9yfzmcp.mongodb.net:27017] INFO org.mongodb.driver.cluster - Monitor thread successfully connected to server with description ServerDescription{address=ac-7gfumvx-shard-00-00.9yfzmcp.mongodb.net:27017, type=REPLICA_SET_SECONDARY, state=CONNECTED, ok=true, minWireVersion=0, maxWireVersion=25, maxDocumentSize=16777216, logicalSessionTimeoutMinutes=30, roundTripTimeNanos=172133800, setName='atlas-kj8cju-shard-0', canonicalAddress=ac-7gfumvx-shard-00-00.9yfzmcp.mongodb.net:27017, hosts=[ac-7gfumvx-shard-00-00.9yfzmcp.mongodb.net:27017, ac-7gfumvx-shard-00-01.9yfzmcp.mongodb.net:27017, ac-7gfumvx-shard-00-02.9yfzmcp.mongodb.net:27017], passives=[], arbiters=[], primary='ac-7gfumvx-shard-00-01.9yfzmcp.mongodb.net:27017', tagSet=TagSet{[Tag{name='availabilityZone', value='use1-az6'}, Tag{name='diskState', value='READY'}, Tag{name='nodeType', value='ELECTABLE'}, Tag{name='provider', value='AWS'}, Tag{name='region', value='US_EAST_1'}, Tag{name='workloadType', value='OPERATIONAL'}]}, electionId=null, setVersion=129, topologyVersion=TopologyVersion{processId=6941ba75cf525038a0c6d1f2, counter=4}, lastWriteDate=Sat Dec 20 02:37:12 GMT-05:00 2025, lastUpdateTimeNanos=5565445027733000}
[cluster-ClusterId{value='6946521d31b606797ee08eab', description='null'}-ac-7gfumvx-shard-00-01.9yfzmcp.mongodb.net:27017] INFO org.mongodb.driver.cluster - Discovered replica set primary ac-7gfumvx-shard-00-01.9yfzmcp.mongodb.net:27017 with max election id 7fffffff00000000000001f9 and max set version 129
[cluster-ClusterId{value='6946521d31b606797ee08eab', description='null'}-ac-7gfumvx-shard-00-02.9yfzmcp.mongodb.net:27017] INFO org.mongodb.driver.cluster - Monitor thread successfully connected to server with description ServerDescription{address=ac-7gfumvx-shard-00-02.9yfzmcp.mongodb.net:27017, type=REPLICA_SET_SECONDARY, state=CONNECTED, ok=true, minWireVersion=0, maxWireVersion=25, maxDocumentSize=16777216, logicalSessionTimeoutMinutes=30, roundTripTimeNanos=170236300, setName='atlas-kj8cju-shard-0', canonicalAddress=ac-7gfumvx-shard-00-02.9yfzmcp.mongodb.net:27017, hosts=[ac-7gfumvx-shard-00-00.9yfzmcp.mongodb.net:27017, ac-7gfumvx-shard-00-01.9yfzmcp.mongodb.net:27017, ac-7gfumvx-shard-00-02.9yfzmcp.mongodb.net:27017], passives=[], arbiters=[], primary='ac-7gfumvx-shard-00-01.9yfzmcp.mongodb.net:27017', tagSet=TagSet{[Tag{name='availabilityZone', value='use1-az2'}, Tag{name='diskState', value='READY'}, Tag{name='nodeType', value='ELECTABLE'}, Tag{name='provider', value='AWS'}, Tag{name='region', value='US_EAST_1'}, Tag{name='workloadType', value='OPERATIONAL'}]}, electionId=null, setVersion=129, topologyVersion=TopologyVersion{processId=6941bb14fa8cd52cdfc44510, counter=3}, lastWriteDate=Sat Dec 20 02:37:12 GMT-05:00 2025, lastUpdateTimeNanos=5565445029501100}
]]></system-err>
  </testcase>
  <testcase name="testTableInitialRowCount" classname="ec.edu.espe.clinicmanagementsystem.view.FrmBillingTest" time="0.827">
    <system-err><![CDATA[[main] INFO org.mongodb.driver.client - MongoClient with metadata {"driver": {"name": "mongo-java-driver|sync", "version": "4.11.1"}, "os": {"type": "Windows", "name": "Windows 11", "architecture": "amd64", "version": "10.0"}, "platform": "Java/Azul Systems, Inc./24.0.2+12"} created with settings MongoClientSettings{readPreference=primary, writeConcern=WriteConcern{w=null, wTimeout=null ms, journal=null}, retryWrites=true, retryReads=true, readConcern=ReadConcern{level=null}, credential=MongoCredential{mechanism=null, userName='thais', source='admin', password=<hidden>, mechanismProperties=<hidden>}, transportSettings=null, streamFactoryFactory=null, commandListeners=[], codecRegistry=ProvidersCodecRegistry{codecProviders=[ValueCodecProvider{}, BsonValueCodecProvider{}, DBRefCodecProvider{}, DBObjectCodecProvider{}, DocumentCodecProvider{}, CollectionCodecProvider{}, IterableCodecProvider{}, MapCodecProvider{}, GeoJsonCodecProvider{}, GridFSFileCodecProvider{}, Jsr310CodecProvider{}, JsonObjectCodecProvider{}, BsonCodecProvider{}, EnumCodecProvider{}, com.mongodb.client.model.mql.ExpressionCodecProvider@42721fe, com.mongodb.Jep395RecordCodecProvider@40844aab, com.mongodb.KotlinCodecProvider@1f6c9cd8]}, loggerSettings=LoggerSettings{maxDocumentLength=1000}, clusterSettings={hosts=[127.0.0.1:27017], srvHost=cluster0.9yfzmcp.mongodb.net, srvServiceName=mongodb, mode=MULTIPLE, requiredClusterType=REPLICA_SET, requiredReplicaSetName='atlas-kj8cju-shard-0', serverSelector='null', clusterListeners='[]', serverSelectionTimeout='30000 ms', localThreshold='15 ms'}, socketSettings=SocketSettings{connectTimeoutMS=10000, readTimeoutMS=0, receiveBufferSize=0, proxySettings=ProxySettings{host=null, port=null, username=null, password=null}}, heartbeatSocketSettings=SocketSettings{connectTimeoutMS=10000, readTimeoutMS=10000, receiveBufferSize=0, proxySettings=ProxySettings{host=null, port=null, username=null, password=null}}, connectionPoolSettings=ConnectionPoolSettings{maxSize=100, minSize=0, maxWaitTimeMS=120000, maxConnectionLifeTimeMS=0, maxConnectionIdleTimeMS=0, maintenanceInitialDelayMS=0, maintenanceFrequencyMS=60000, connectionPoolListeners=[], maxConnecting=2}, serverSettings=ServerSettings{heartbeatFrequencyMS=10000, minHeartbeatFrequencyMS=500, serverListeners='[]', serverMonitorListeners='[]'}, sslSettings=SslSettings{enabled=true, invalidHostNameAllowed=false, context=null}, applicationName='null', compressorList=[], uuidRepresentation=UNSPECIFIED, serverApi=null, autoEncryptionSettings=null, dnsClient=null, inetAddressResolver=null, contextProvider=null}
[main] INFO org.mongodb.driver.cluster - No server chosen by ReadPreferenceServerSelector{readPreference=primary} from cluster description ClusterDescription{type=UNKNOWN, connectionMode=MULTIPLE, serverDescriptions=[]}. Waiting for 30000 ms before timing out
[cluster-ClusterId{value='6946521e31b606797ee08eac', description='null'}-srv-cluster0.9yfzmcp.mongodb.net] INFO org.mongodb.driver.cluster - Adding discovered server ac-7gfumvx-shard-00-01.9yfzmcp.mongodb.net:27017 to client view of cluster
[cluster-ClusterId{value='6946521e31b606797ee08eac', description='null'}-srv-cluster0.9yfzmcp.mongodb.net] INFO org.mongodb.driver.cluster - Adding discovered server ac-7gfumvx-shard-00-00.9yfzmcp.mongodb.net:27017 to client view of cluster
[cluster-ClusterId{value='6946521e31b606797ee08eac', description='null'}-srv-cluster0.9yfzmcp.mongodb.net] INFO org.mongodb.driver.cluster - Adding discovered server ac-7gfumvx-shard-00-02.9yfzmcp.mongodb.net:27017 to client view of cluster
[cluster-ClusterId{value='6946521e31b606797ee08eac', description='null'}-ac-7gfumvx-shard-00-01.9yfzmcp.mongodb.net:27017] INFO org.mongodb.driver.cluster - Monitor thread successfully connected to server with description ServerDescription{address=ac-7gfumvx-shard-00-01.9yfzmcp.mongodb.net:27017, type=REPLICA_SET_PRIMARY, state=CONNECTED, ok=true, minWireVersion=0, maxWireVersion=25, maxDocumentSize=16777216, logicalSessionTimeoutMinutes=30, roundTripTimeNanos=172955700, setName='atlas-kj8cju-shard-0', canonicalAddress=ac-7gfumvx-shard-00-01.9yfzmcp.mongodb.net:27017, hosts=[ac-7gfumvx-shard-00-00.9yfzmcp.mongodb.net:27017, ac-7gfumvx-shard-00-01.9yfzmcp.mongodb.net:27017, ac-7gfumvx-shard-00-02.9yfzmcp.mongodb.net:27017], passives=[], arbiters=[], primary='ac-7gfumvx-shard-00-01.9yfzmcp.mongodb.net:27017', tagSet=TagSet{[Tag{name='availabilityZone', value='use1-az1'}, Tag{name='diskState', value='READY'}, Tag{name='nodeType', value='ELECTABLE'}, Tag{name='provider', value='AWS'}, Tag{name='region', value='US_EAST_1'}, Tag{name='workloadType', value='OPERATIONAL'}]}, electionId=7fffffff00000000000001f9, setVersion=129, topologyVersion=TopologyVersion{processId=6941bac45dcb86c75ee09b0b, counter=6}, lastWriteDate=Sat Dec 20 02:37:14 GMT-05:00 2025, lastUpdateTimeNanos=5565445847379400}
[cluster-ClusterId{value='6946521e31b606797ee08eac', description='null'}-ac-7gfumvx-shard-00-01.9yfzmcp.mongodb.net:27017] INFO org.mongodb.driver.cluster - Discovered replica set primary ac-7gfumvx-shard-00-01.9yfzmcp.mongodb.net:27017 with max election id 7fffffff00000000000001f9 and max set version 129
[cluster-ClusterId{value='6946521e31b606797ee08eac', description='null'}-ac-7gfumvx-shard-00-02.9yfzmcp.mongodb.net:27017] INFO org.mongodb.driver.cluster - Monitor thread successfully connected to server with description ServerDescription{address=ac-7gfumvx-shard-00-02.9yfzmcp.mongodb.net:27017, type=REPLICA_SET_SECONDARY, state=CONNECTED, ok=true, minWireVersion=0, maxWireVersion=25, maxDocumentSize=16777216, logicalSessionTimeoutMinutes=30, roundTripTimeNanos=174868000, setName='atlas-kj8cju-shard-0', canonicalAddress=ac-7gfumvx-shard-00-02.9yfzmcp.mongodb.net:27017, hosts=[ac-7gfumvx-shard-00-00.9yfzmcp.mongodb.net:27017, ac-7gfumvx-shard-00-01.9yfzmcp.mongodb.net:27017, ac-7gfumvx-shard-00-02.9yfzmcp.mongodb.net:27017], passives=[], arbiters=[], primary='ac-7gfumvx-shard-00-01.9yfzmcp.mongodb.net:27017', tagSet=TagSet{[Tag{name='availabilityZone', value='use1-az2'}, Tag{name='diskState', value='READY'}, Tag{name='nodeType', value='ELECTABLE'}, Tag{name='provider', value='AWS'}, Tag{name='region', value='US_EAST_1'}, Tag{name='workloadType', value='OPERATIONAL'}]}, electionId=null, setVersion=129, topologyVersion=TopologyVersion{processId=6941bb14fa8cd52cdfc44510, counter=3}, lastWriteDate=Sat Dec 20 02:37:14 GMT-05:00 2025, lastUpdateTimeNanos=5565445849359700}
[cluster-ClusterId{value='6946521e31b606797ee08eac', description='null'}-ac-7gfumvx-shard-00-00.9yfzmcp.mongodb.net:27017] INFO org.mongodb.driver.cluster - Monitor thread successfully connected to server with description ServerDescription{address=ac-7gfumvx-shard-00-00.9yfzmcp.mongodb.net:27017, type=REPLICA_SET_SECONDARY, state=CONNECTED, ok=true, minWireVersion=0, maxWireVersion=25, maxDocumentSize=16777216, logicalSessionTimeoutMinutes=30, roundTripTimeNanos=176654200, setName='atlas-kj8cju-shard-0', canonicalAddress=ac-7gfumvx-shard-00-00.9yfzmcp.mongodb.net:27017, hosts=[ac-7gfumvx-shard-00-00.9yfzmcp.mongodb.net:27017, ac-7gfumvx-shard-00-01.9yfzmcp.mongodb.net:27017, ac-7gfumvx-shard-00-02.9yfzmcp.mongodb.net:27017], passives=[], arbiters=[], primary='ac-7gfumvx-shard-00-01.9yfzmcp.mongodb.net:27017', tagSet=TagSet{[Tag{name='availabilityZone', value='use1-az6'}, Tag{name='diskState', value='READY'}, Tag{name='nodeType', value='ELECTABLE'}, Tag{name='provider', value='AWS'}, Tag{name='region', value='US_EAST_1'}, Tag{name='workloadType', value='OPERATIONAL'}]}, electionId=null, setVersion=129, topologyVersion=TopologyVersion{processId=6941ba75cf525038a0c6d1f2, counter=4}, lastWriteDate=Sat Dec 20 02:37:14 GMT-05:00 2025, lastUpdateTimeNanos=5565445851153400}
]]></system-err>
  </testcase>
  <testcase name="testInstanceNotNull" classname="ec.edu.espe.clinicmanagementsystem.view.FrmBillingTest" time="0.837">
    <system-err><![CDATA[[main] INFO org.mongodb.driver.client - MongoClient with metadata {"driver": {"name": "mongo-java-driver|sync", "version": "4.11.1"}, "os": {"type": "Windows", "name": "Windows 11", "architecture": "amd64", "version": "10.0"}, "platform": "Java/Azul Systems, Inc./24.0.2+12"} created with settings MongoClientSettings{readPreference=primary, writeConcern=WriteConcern{w=null, wTimeout=null ms, journal=null}, retryWrites=true, retryReads=true, readConcern=ReadConcern{level=null}, credential=MongoCredential{mechanism=null, userName='thais', source='admin', password=<hidden>, mechanismProperties=<hidden>}, transportSettings=null, streamFactoryFactory=null, commandListeners=[], codecRegistry=ProvidersCodecRegistry{codecProviders=[ValueCodecProvider{}, BsonValueCodecProvider{}, DBRefCodecProvider{}, DBObjectCodecProvider{}, DocumentCodecProvider{}, CollectionCodecProvider{}, IterableCodecProvider{}, MapCodecProvider{}, GeoJsonCodecProvider{}, GridFSFileCodecProvider{}, Jsr310CodecProvider{}, JsonObjectCodecProvider{}, BsonCodecProvider{}, EnumCodecProvider{}, com.mongodb.client.model.mql.ExpressionCodecProvider@42721fe, com.mongodb.Jep395RecordCodecProvider@40844aab, com.mongodb.KotlinCodecProvider@1f6c9cd8]}, loggerSettings=LoggerSettings{maxDocumentLength=1000}, clusterSettings={hosts=[127.0.0.1:27017], srvHost=cluster0.9yfzmcp.mongodb.net, srvServiceName=mongodb, mode=MULTIPLE, requiredClusterType=REPLICA_SET, requiredReplicaSetName='atlas-kj8cju-shard-0', serverSelector='null', clusterListeners='[]', serverSelectionTimeout='30000 ms', localThreshold='15 ms'}, socketSettings=SocketSettings{connectTimeoutMS=10000, readTimeoutMS=0, receiveBufferSize=0, proxySettings=ProxySettings{host=null, port=null, username=null, password=null}}, heartbeatSocketSettings=SocketSettings{connectTimeoutMS=10000, readTimeoutMS=10000, receiveBufferSize=0, proxySettings=ProxySettings{host=null, port=null, username=null, password=null}}, connectionPoolSettings=ConnectionPoolSettings{maxSize=100, minSize=0, maxWaitTimeMS=120000, maxConnectionLifeTimeMS=0, maxConnectionIdleTimeMS=0, maintenanceInitialDelayMS=0, maintenanceFrequencyMS=60000, connectionPoolListeners=[], maxConnecting=2}, serverSettings=ServerSettings{heartbeatFrequencyMS=10000, minHeartbeatFrequencyMS=500, serverListeners='[]', serverMonitorListeners='[]'}, sslSettings=SslSettings{enabled=true, invalidHostNameAllowed=false, context=null}, applicationName='null', compressorList=[], uuidRepresentation=UNSPECIFIED, serverApi=null, autoEncryptionSettings=null, dnsClient=null, inetAddressResolver=null, contextProvider=null}
[main] INFO org.mongodb.driver.cluster - No server chosen by ReadPreferenceServerSelector{readPreference=primary} from cluster description ClusterDescription{type=UNKNOWN, connectionMode=MULTIPLE, serverDescriptions=[]}. Waiting for 30000 ms before timing out
[cluster-ClusterId{value='6946521f31b606797ee08ead', description='null'}-srv-cluster0.9yfzmcp.mongodb.net] INFO org.mongodb.driver.cluster - Adding discovered server ac-7gfumvx-shard-00-01.9yfzmcp.mongodb.net:27017 to client view of cluster
[cluster-ClusterId{value='6946521f31b606797ee08ead', description='null'}-srv-cluster0.9yfzmcp.mongodb.net] INFO org.mongodb.driver.cluster - Adding discovered server ac-7gfumvx-shard-00-00.9yfzmcp.mongodb.net:27017 to client view of cluster
[cluster-ClusterId{value='6946521f31b606797ee08ead', description='null'}-srv-cluster0.9yfzmcp.mongodb.net] INFO org.mongodb.driver.cluster - Adding discovered server ac-7gfumvx-shard-00-02.9yfzmcp.mongodb.net:27017 to client view of cluster
[cluster-ClusterId{value='6946521f31b606797ee08ead', description='null'}-ac-7gfumvx-shard-00-02.9yfzmcp.mongodb.net:27017] INFO org.mongodb.driver.cluster - Monitor thread successfully connected to server with description ServerDescription{address=ac-7gfumvx-shard-00-02.9yfzmcp.mongodb.net:27017, type=REPLICA_SET_SECONDARY, state=CONNECTED, ok=true, minWireVersion=0, maxWireVersion=25, maxDocumentSize=16777216, logicalSessionTimeoutMinutes=30, roundTripTimeNanos=178847300, setName='atlas-kj8cju-shard-0', canonicalAddress=ac-7gfumvx-shard-00-02.9yfzmcp.mongodb.net:27017, hosts=[ac-7gfumvx-shard-00-00.9yfzmcp.mongodb.net:27017, ac-7gfumvx-shard-00-01.9yfzmcp.mongodb.net:27017, ac-7gfumvx-shard-00-02.9yfzmcp.mongodb.net:27017], passives=[], arbiters=[], primary='ac-7gfumvx-shard-00-01.9yfzmcp.mongodb.net:27017', tagSet=TagSet{[Tag{name='availabilityZone', value='use1-az2'}, Tag{name='diskState', value='READY'}, Tag{name='nodeType', value='ELECTABLE'}, Tag{name='provider', value='AWS'}, Tag{name='region', value='US_EAST_1'}, Tag{name='workloadType', value='OPERATIONAL'}]}, electionId=null, setVersion=129, topologyVersion=TopologyVersion{processId=6941bb14fa8cd52cdfc44510, counter=3}, lastWriteDate=Sat Dec 20 02:37:14 GMT-05:00 2025, lastUpdateTimeNanos=5565446675183900}
[cluster-ClusterId{value='6946521f31b606797ee08ead', description='null'}-ac-7gfumvx-shard-00-01.9yfzmcp.mongodb.net:27017] INFO org.mongodb.driver.cluster - Monitor thread successfully connected to server with description ServerDescription{address=ac-7gfumvx-shard-00-01.9yfzmcp.mongodb.net:27017, type=REPLICA_SET_PRIMARY, state=CONNECTED, ok=true, minWireVersion=0, maxWireVersion=25, maxDocumentSize=16777216, logicalSessionTimeoutMinutes=30, roundTripTimeNanos=183466800, setName='atlas-kj8cju-shard-0', canonicalAddress=ac-7gfumvx-shard-00-01.9yfzmcp.mongodb.net:27017, hosts=[ac-7gfumvx-shard-00-00.9yfzmcp.mongodb.net:27017, ac-7gfumvx-shard-00-01.9yfzmcp.mongodb.net:27017, ac-7gfumvx-shard-00-02.9yfzmcp.mongodb.net:27017], passives=[], arbiters=[], primary='ac-7gfumvx-shard-00-01.9yfzmcp.mongodb.net:27017', tagSet=TagSet{[Tag{name='availabilityZone', value='use1-az1'}, Tag{name='diskState', value='READY'}, Tag{name='nodeType', value='ELECTABLE'}, Tag{name='provider', value='AWS'}, Tag{name='region', value='US_EAST_1'}, Tag{name='workloadType', value='OPERATIONAL'}]}, electionId=7fffffff00000000000001f9, setVersion=129, topologyVersion=TopologyVersion{processId=6941bac45dcb86c75ee09b0b, counter=6}, lastWriteDate=Sat Dec 20 02:37:14 GMT-05:00 2025, lastUpdateTimeNanos=5565446678840600}
[cluster-ClusterId{value='6946521f31b606797ee08ead', description='null'}-ac-7gfumvx-shard-00-00.9yfzmcp.mongodb.net:27017] INFO org.mongodb.driver.cluster - Monitor thread successfully connected to server with description ServerDescription{address=ac-7gfumvx-shard-00-00.9yfzmcp.mongodb.net:27017, type=REPLICA_SET_SECONDARY, state=CONNECTED, ok=true, minWireVersion=0, maxWireVersion=25, maxDocumentSize=16777216, logicalSessionTimeoutMinutes=30, roundTripTimeNanos=184964800, setName='atlas-kj8cju-shard-0', canonicalAddress=ac-7gfumvx-shard-00-00.9yfzmcp.mongodb.net:27017, hosts=[ac-7gfumvx-shard-00-00.9yfzmcp.mongodb.net:27017, ac-7gfumvx-shard-00-01.9yfzmcp.mongodb.net:27017, ac-7gfumvx-shard-00-02.9yfzmcp.mongodb.net:27017], passives=[], arbiters=[], primary='ac-7gfumvx-shard-00-01.9yfzmcp.mongodb.net:27017', tagSet=TagSet{[Tag{name='availabilityZone', value='use1-az6'}, Tag{name='diskState', value='READY'}, Tag{name='nodeType', value='ELECTABLE'}, Tag{name='provider', value='AWS'}, Tag{name='region', value='US_EAST_1'}, Tag{name='workloadType', value='OPERATIONAL'}]}, electionId=null, setVersion=129, topologyVersion=TopologyVersion{processId=6941ba75cf525038a0c6d1f2, counter=4}, lastWriteDate=Sat Dec 20 02:37:14 GMT-05:00 2025, lastUpdateTimeNanos=5565446680647800}
[cluster-ClusterId{value='6946521f31b606797ee08ead', description='null'}-ac-7gfumvx-shard-00-01.9yfzmcp.mongodb.net:27017] INFO org.mongodb.driver.cluster - Discovered replica set primary ac-7gfumvx-shard-00-01.9yfzmcp.mongodb.net:27017 with max election id 7fffffff00000000000001f9 and max set version 129
]]></system-err>
  </testcase>
  <testcase name="testColumnNameId" classname="ec.edu.espe.clinicmanagementsystem.view.FrmBillingTest" time="0.825">
    <system-err><![CDATA[[main] INFO org.mongodb.driver.client - MongoClient with metadata {"driver": {"name": "mongo-java-driver|sync", "version": "4.11.1"}, "os": {"type": "Windows", "name": "Windows 11", "architecture": "amd64", "version": "10.0"}, "platform": "Java/Azul Systems, Inc./24.0.2+12"} created with settings MongoClientSettings{readPreference=primary, writeConcern=WriteConcern{w=null, wTimeout=null ms, journal=null}, retryWrites=true, retryReads=true, readConcern=ReadConcern{level=null}, credential=MongoCredential{mechanism=null, userName='thais', source='admin', password=<hidden>, mechanismProperties=<hidden>}, transportSettings=null, streamFactoryFactory=null, commandListeners=[], codecRegistry=ProvidersCodecRegistry{codecProviders=[ValueCodecProvider{}, BsonValueCodecProvider{}, DBRefCodecProvider{}, DBObjectCodecProvider{}, DocumentCodecProvider{}, CollectionCodecProvider{}, IterableCodecProvider{}, MapCodecProvider{}, GeoJsonCodecProvider{}, GridFSFileCodecProvider{}, Jsr310CodecProvider{}, JsonObjectCodecProvider{}, BsonCodecProvider{}, EnumCodecProvider{}, com.mongodb.client.model.mql.ExpressionCodecProvider@42721fe, com.mongodb.Jep395RecordCodecProvider@40844aab, com.mongodb.KotlinCodecProvider@1f6c9cd8]}, loggerSettings=LoggerSettings{maxDocumentLength=1000}, clusterSettings={hosts=[127.0.0.1:27017], srvHost=cluster0.9yfzmcp.mongodb.net, srvServiceName=mongodb, mode=MULTIPLE, requiredClusterType=REPLICA_SET, requiredReplicaSetName='atlas-kj8cju-shard-0', serverSelector='null', clusterListeners='[]', serverSelectionTimeout='30000 ms', localThreshold='15 ms'}, socketSettings=SocketSettings{connectTimeoutMS=10000, readTimeoutMS=0, receiveBufferSize=0, proxySettings=ProxySettings{host=null, port=null, username=null, password=null}}, heartbeatSocketSettings=SocketSettings{connectTimeoutMS=10000, readTimeoutMS=10000, receiveBufferSize=0, proxySettings=ProxySettings{host=null, port=null, username=null, password=null}}, connectionPoolSettings=ConnectionPoolSettings{maxSize=100, minSize=0, maxWaitTimeMS=120000, maxConnectionLifeTimeMS=0, maxConnectionIdleTimeMS=0, maintenanceInitialDelayMS=0, maintenanceFrequencyMS=60000, connectionPoolListeners=[], maxConnecting=2}, serverSettings=ServerSettings{heartbeatFrequencyMS=10000, minHeartbeatFrequencyMS=500, serverListeners='[]', serverMonitorListeners='[]'}, sslSettings=SslSettings{enabled=true, invalidHostNameAllowed=false, context=null}, applicationName='null', compressorList=[], uuidRepresentation=UNSPECIFIED, serverApi=null, autoEncryptionSettings=null, dnsClient=null, inetAddressResolver=null, contextProvider=null}
[main] INFO org.mongodb.driver.cluster - No server chosen by ReadPreferenceServerSelector{readPreference=primary} from cluster description ClusterDescription{type=UNKNOWN, connectionMode=MULTIPLE, serverDescriptions=[]}. Waiting for 30000 ms before timing out
[cluster-ClusterId{value='6946522031b606797ee08eae', description='null'}-srv-cluster0.9yfzmcp.mongodb.net] INFO org.mongodb.driver.cluster - Adding discovered server ac-7gfumvx-shard-00-01.9yfzmcp.mongodb.net:27017 to client view of cluster
[cluster-ClusterId{value='6946522031b606797ee08eae', description='null'}-srv-cluster0.9yfzmcp.mongodb.net] INFO org.mongodb.driver.cluster - Adding discovered server ac-7gfumvx-shard-00-00.9yfzmcp.mongodb.net:27017 to client view of cluster
[cluster-ClusterId{value='6946522031b606797ee08eae', description='null'}-srv-cluster0.9yfzmcp.mongodb.net] INFO org.mongodb.driver.cluster - Adding discovered server ac-7gfumvx-shard-00-02.9yfzmcp.mongodb.net:27017 to client view of cluster
[cluster-ClusterId{value='6946522031b606797ee08eae', description='null'}-ac-7gfumvx-shard-00-01.9yfzmcp.mongodb.net:27017] INFO org.mongodb.driver.cluster - Monitor thread successfully connected to server with description ServerDescription{address=ac-7gfumvx-shard-00-01.9yfzmcp.mongodb.net:27017, type=REPLICA_SET_PRIMARY, state=CONNECTED, ok=true, minWireVersion=0, maxWireVersion=25, maxDocumentSize=16777216, logicalSessionTimeoutMinutes=30, roundTripTimeNanos=172643800, setName='atlas-kj8cju-shard-0', canonicalAddress=ac-7gfumvx-shard-00-01.9yfzmcp.mongodb.net:27017, hosts=[ac-7gfumvx-shard-00-00.9yfzmcp.mongodb.net:27017, ac-7gfumvx-shard-00-01.9yfzmcp.mongodb.net:27017, ac-7gfumvx-shard-00-02.9yfzmcp.mongodb.net:27017], passives=[], arbiters=[], primary='ac-7gfumvx-shard-00-01.9yfzmcp.mongodb.net:27017', tagSet=TagSet{[Tag{name='availabilityZone', value='use1-az1'}, Tag{name='diskState', value='READY'}, Tag{name='nodeType', value='ELECTABLE'}, Tag{name='provider', value='AWS'}, Tag{name='region', value='US_EAST_1'}, Tag{name='workloadType', value='OPERATIONAL'}]}, electionId=7fffffff00000000000001f9, setVersion=129, topologyVersion=TopologyVersion{processId=6941bac45dcb86c75ee09b0b, counter=6}, lastWriteDate=Sat Dec 20 02:37:15 GMT-05:00 2025, lastUpdateTimeNanos=5565447499507700}
[cluster-ClusterId{value='6946522031b606797ee08eae', description='null'}-ac-7gfumvx-shard-00-02.9yfzmcp.mongodb.net:27017] INFO org.mongodb.driver.cluster - Monitor thread successfully connected to server with description ServerDescription{address=ac-7gfumvx-shard-00-02.9yfzmcp.mongodb.net:27017, type=REPLICA_SET_SECONDARY, state=CONNECTED, ok=true, minWireVersion=0, maxWireVersion=25, maxDocumentSize=16777216, logicalSessionTimeoutMinutes=30, roundTripTimeNanos=168894900, setName='atlas-kj8cju-shard-0', canonicalAddress=ac-7gfumvx-shard-00-02.9yfzmcp.mongodb.net:27017, hosts=[ac-7gfumvx-shard-00-00.9yfzmcp.mongodb.net:27017, ac-7gfumvx-shard-00-01.9yfzmcp.mongodb.net:27017, ac-7gfumvx-shard-00-02.9yfzmcp.mongodb.net:27017], passives=[], arbiters=[], primary='ac-7gfumvx-shard-00-01.9yfzmcp.mongodb.net:27017', tagSet=TagSet{[Tag{name='availabilityZone', value='use1-az2'}, Tag{name='diskState', value='READY'}, Tag{name='nodeType', value='ELECTABLE'}, Tag{name='provider', value='AWS'}, Tag{name='region', value='US_EAST_1'}, Tag{name='workloadType', value='OPERATIONAL'}]}, electionId=null, setVersion=129, topologyVersion=TopologyVersion{processId=6941bb14fa8cd52cdfc44510, counter=3}, lastWriteDate=Sat Dec 20 02:37:15 GMT-05:00 2025, lastUpdateTimeNanos=5565447499629000}
[cluster-ClusterId{value='6946522031b606797ee08eae', description='null'}-ac-7gfumvx-shard-00-01.9yfzmcp.mongodb.net:27017] INFO org.mongodb.driver.cluster - Discovered replica set primary ac-7gfumvx-shard-00-01.9yfzmcp.mongodb.net:27017 with max election id 7fffffff00000000000001f9 and max set version 129
[cluster-ClusterId{value='6946522031b606797ee08eae', description='null'}-ac-7gfumvx-shard-00-00.9yfzmcp.mongodb.net:27017] INFO org.mongodb.driver.cluster - Monitor thread successfully connected to server with description ServerDescription{address=ac-7gfumvx-shard-00-00.9yfzmcp.mongodb.net:27017, type=REPLICA_SET_SECONDARY, state=CONNECTED, ok=true, minWireVersion=0, maxWireVersion=25, maxDocumentSize=16777216, logicalSessionTimeoutMinutes=30, roundTripTimeNanos=171608900, setName='atlas-kj8cju-shard-0', canonicalAddress=ac-7gfumvx-shard-00-00.9yfzmcp.mongodb.net:27017, hosts=[ac-7gfumvx-shard-00-00.9yfzmcp.mongodb.net:27017, ac-7gfumvx-shard-00-01.9yfzmcp.mongodb.net:27017, ac-7gfumvx-shard-00-02.9yfzmcp.mongodb.net:27017], passives=[], arbiters=[], primary='ac-7gfumvx-shard-00-01.9yfzmcp.mongodb.net:27017', tagSet=TagSet{[Tag{name='availabilityZone', value='use1-az6'}, Tag{name='diskState', value='READY'}, Tag{name='nodeType', value='ELECTABLE'}, Tag{name='provider', value='AWS'}, Tag{name='region', value='US_EAST_1'}, Tag{name='workloadType', value='OPERATIONAL'}]}, electionId=null, setVersion=129, topologyVersion=TopologyVersion{processId=6941ba75cf525038a0c6d1f2, counter=4}, lastWriteDate=Sat Dec 20 02:37:15 GMT-05:00 2025, lastUpdateTimeNanos=5565447502877000}
]]></system-err>
  </testcase>
  <testcase name="testClearFieldsLogic" classname="ec.edu.espe.clinicmanagementsystem.view.FrmBillingTest" time="0.985">
    <system-err><![CDATA[[main] INFO org.mongodb.driver.client - MongoClient with metadata {"driver": {"name": "mongo-java-driver|sync", "version": "4.11.1"}, "os": {"type": "Windows", "name": "Windows 11", "architecture": "amd64", "version": "10.0"}, "platform": "Java/Azul Systems, Inc./24.0.2+12"} created with settings MongoClientSettings{readPreference=primary, writeConcern=WriteConcern{w=null, wTimeout=null ms, journal=null}, retryWrites=true, retryReads=true, readConcern=ReadConcern{level=null}, credential=MongoCredential{mechanism=null, userName='thais', source='admin', password=<hidden>, mechanismProperties=<hidden>}, transportSettings=null, streamFactoryFactory=null, commandListeners=[], codecRegistry=ProvidersCodecRegistry{codecProviders=[ValueCodecProvider{}, BsonValueCodecProvider{}, DBRefCodecProvider{}, DBObjectCodecProvider{}, DocumentCodecProvider{}, CollectionCodecProvider{}, IterableCodecProvider{}, MapCodecProvider{}, GeoJsonCodecProvider{}, GridFSFileCodecProvider{}, Jsr310CodecProvider{}, JsonObjectCodecProvider{}, BsonCodecProvider{}, EnumCodecProvider{}, com.mongodb.client.model.mql.ExpressionCodecProvider@42721fe, com.mongodb.Jep395RecordCodecProvider@40844aab, com.mongodb.KotlinCodecProvider@1f6c9cd8]}, loggerSettings=LoggerSettings{maxDocumentLength=1000}, clusterSettings={hosts=[127.0.0.1:27017], srvHost=cluster0.9yfzmcp.mongodb.net, srvServiceName=mongodb, mode=MULTIPLE, requiredClusterType=REPLICA_SET, requiredReplicaSetName='atlas-kj8cju-shard-0', serverSelector='null', clusterListeners='[]', serverSelectionTimeout='30000 ms', localThreshold='15 ms'}, socketSettings=SocketSettings{connectTimeoutMS=10000, readTimeoutMS=0, receiveBufferSize=0, proxySettings=ProxySettings{host=null, port=null, username=null, password=null}}, heartbeatSocketSettings=SocketSettings{connectTimeoutMS=10000, readTimeoutMS=10000, receiveBufferSize=0, proxySettings=ProxySettings{host=null, port=null, username=null, password=null}}, connectionPoolSettings=ConnectionPoolSettings{maxSize=100, minSize=0, maxWaitTimeMS=120000, maxConnectionLifeTimeMS=0, maxConnectionIdleTimeMS=0, maintenanceInitialDelayMS=0, maintenanceFrequencyMS=60000, connectionPoolListeners=[], maxConnecting=2}, serverSettings=ServerSettings{heartbeatFrequencyMS=10000, minHeartbeatFrequencyMS=500, serverListeners='[]', serverMonitorListeners='[]'}, sslSettings=SslSettings{enabled=true, invalidHostNameAllowed=false, context=null}, applicationName='null', compressorList=[], uuidRepresentation=UNSPECIFIED, serverApi=null, autoEncryptionSettings=null, dnsClient=null, inetAddressResolver=null, contextProvider=null}
[main] INFO org.mongodb.driver.cluster - No server chosen by ReadPreferenceServerSelector{readPreference=primary} from cluster description ClusterDescription{type=UNKNOWN, connectionMode=MULTIPLE, serverDescriptions=[]}. Waiting for 30000 ms before timing out
[cluster-ClusterId{value='6946522131b606797ee08eaf', description='null'}-srv-cluster0.9yfzmcp.mongodb.net] INFO org.mongodb.driver.cluster - Adding discovered server ac-7gfumvx-shard-00-01.9yfzmcp.mongodb.net:27017 to client view of cluster
[cluster-ClusterId{value='6946522131b606797ee08eaf', description='null'}-srv-cluster0.9yfzmcp.mongodb.net] INFO org.mongodb.driver.cluster - Adding discovered server ac-7gfumvx-shard-00-00.9yfzmcp.mongodb.net:27017 to client view of cluster
[cluster-ClusterId{value='6946522131b606797ee08eaf', description='null'}-srv-cluster0.9yfzmcp.mongodb.net] INFO org.mongodb.driver.cluster - Adding discovered server ac-7gfumvx-shard-00-02.9yfzmcp.mongodb.net:27017 to client view of cluster
[cluster-ClusterId{value='6946522131b606797ee08eaf', description='null'}-ac-7gfumvx-shard-00-02.9yfzmcp.mongodb.net:27017] INFO org.mongodb.driver.cluster - Monitor thread successfully connected to server with description ServerDescription{address=ac-7gfumvx-shard-00-02.9yfzmcp.mongodb.net:27017, type=REPLICA_SET_SECONDARY, state=CONNECTED, ok=true, minWireVersion=0, maxWireVersion=25, maxDocumentSize=16777216, logicalSessionTimeoutMinutes=30, roundTripTimeNanos=173264100, setName='atlas-kj8cju-shard-0', canonicalAddress=ac-7gfumvx-shard-00-02.9yfzmcp.mongodb.net:27017, hosts=[ac-7gfumvx-shard-00-00.9yfzmcp.mongodb.net:27017, ac-7gfumvx-shard-00-01.9yfzmcp.mongodb.net:27017, ac-7gfumvx-shard-00-02.9yfzmcp.mongodb.net:27017], passives=[], arbiters=[], primary='ac-7gfumvx-shard-00-01.9yfzmcp.mongodb.net:27017', tagSet=TagSet{[Tag{name='availabilityZone', value='use1-az2'}, Tag{name='diskState', value='READY'}, Tag{name='nodeType', value='ELECTABLE'}, Tag{name='provider', value='AWS'}, Tag{name='region', value='US_EAST_1'}, Tag{name='workloadType', value='OPERATIONAL'}]}, electionId=null, setVersion=129, topologyVersion=TopologyVersion{processId=6941bb14fa8cd52cdfc44510, counter=3}, lastWriteDate=Sat Dec 20 02:37:16 GMT-05:00 2025, lastUpdateTimeNanos=5565448487552800}
[cluster-ClusterId{value='6946522131b606797ee08eaf', description='null'}-ac-7gfumvx-shard-00-00.9yfzmcp.mongodb.net:27017] INFO org.mongodb.driver.cluster - Monitor thread successfully connected to server with description ServerDescription{address=ac-7gfumvx-shard-00-00.9yfzmcp.mongodb.net:27017, type=REPLICA_SET_SECONDARY, state=CONNECTED, ok=true, minWireVersion=0, maxWireVersion=25, maxDocumentSize=16777216, logicalSessionTimeoutMinutes=30, roundTripTimeNanos=174847700, setName='atlas-kj8cju-shard-0', canonicalAddress=ac-7gfumvx-shard-00-00.9yfzmcp.mongodb.net:27017, hosts=[ac-7gfumvx-shard-00-00.9yfzmcp.mongodb.net:27017, ac-7gfumvx-shard-00-01.9yfzmcp.mongodb.net:27017, ac-7gfumvx-shard-00-02.9yfzmcp.mongodb.net:27017], passives=[], arbiters=[], primary='ac-7gfumvx-shard-00-01.9yfzmcp.mongodb.net:27017', tagSet=TagSet{[Tag{name='availabilityZone', value='use1-az6'}, Tag{name='diskState', value='READY'}, Tag{name='nodeType', value='ELECTABLE'}, Tag{name='provider', value='AWS'}, Tag{name='region', value='US_EAST_1'}, Tag{name='workloadType', value='OPERATIONAL'}]}, electionId=null, setVersion=129, topologyVersion=TopologyVersion{processId=6941ba75cf525038a0c6d1f2, counter=4}, lastWriteDate=Sat Dec 20 02:37:16 GMT-05:00 2025, lastUpdateTimeNanos=5565448490500600}
[cluster-ClusterId{value='6946522131b606797ee08eaf', description='null'}-ac-7gfumvx-shard-00-01.9yfzmcp.mongodb.net:27017] INFO org.mongodb.driver.cluster - Monitor thread successfully connected to server with description ServerDescription{address=ac-7gfumvx-shard-00-01.9yfzmcp.mongodb.net:27017, type=REPLICA_SET_PRIMARY, state=CONNECTED, ok=true, minWireVersion=0, maxWireVersion=25, maxDocumentSize=16777216, logicalSessionTimeoutMinutes=30, roundTripTimeNanos=178803300, setName='atlas-kj8cju-shard-0', canonicalAddress=ac-7gfumvx-shard-00-01.9yfzmcp.mongodb.net:27017, hosts=[ac-7gfumvx-shard-00-00.9yfzmcp.mongodb.net:27017, ac-7gfumvx-shard-00-01.9yfzmcp.mongodb.net:27017, ac-7gfumvx-shard-00-02.9yfzmcp.mongodb.net:27017], passives=[], arbiters=[], primary='ac-7gfumvx-shard-00-01.9yfzmcp.mongodb.net:27017', tagSet=TagSet{[Tag{name='availabilityZone', value='use1-az1'}, Tag{name='diskState', value='READY'}, Tag{name='nodeType', value='ELECTABLE'}, Tag{name='provider', value='AWS'}, Tag{name='region', value='US_EAST_1'}, Tag{name='workloadType', value='OPERATIONAL'}]}, electionId=7fffffff00000000000001f9, setVersion=129, topologyVersion=TopologyVersion{processId=6941bac45dcb86c75ee09b0b, counter=6}, lastWriteDate=Sat Dec 20 02:37:16 GMT-05:00 2025, lastUpdateTimeNanos=5565448493082500}
[cluster-ClusterId{value='6946522131b606797ee08eaf', description='null'}-ac-7gfumvx-shard-00-01.9yfzmcp.mongodb.net:27017] INFO org.mongodb.driver.cluster - Discovered replica set primary ac-7gfumvx-shard-00-01.9yfzmcp.mongodb.net:27017 with max election id 7fffffff00000000000001f9 and max set version 129
]]></system-err>
  </testcase>
</testsuite>